Log file open, 11/13/16 15:54:22
LogInit:Display: Running engine for game: jeux
LogPlatformFile: Not using cached read wrapper
LogInit:Display: RandInit(-1324586477) SRandInit(-1324586477).
LogTaskGraph: Started task graph with 5 named threads and 8 total threads with 1 sets of task threads.
LogStats: Stats thread started at 0.069537
LogPluginManager: Loaded Plugin Paper2D, From W:/Program Files (x86)/Epic Games/4.13/Engine/Plugins/2D/Paper2D/Paper2D.uplugin
LogPluginManager: Loaded Plugin LightPropagationVolume, From W:/Program Files (x86)/Epic Games/4.13/Engine/Plugins/Blendables/LightPropagationVolume/LightPropagationVolume.uplugin
LogPluginManager: Loaded Plugin BlankPlugin, From W:/Program Files (x86)/Epic Games/4.13/Engine/Plugins/Developer/BlankPlugin/BlankPlugin.uplugin
LogPluginManager: Loaded Plugin CodeLiteSourceCodeAccess, From W:/Program Files (x86)/Epic Games/4.13/Engine/Plugins/Developer/CodeLiteSourceCodeAccess/CodeLiteSourceCodeAccess.uplugin
LogPluginManager: Loaded Plugin GitSourceControl, From W:/Program Files (x86)/Epic Games/4.13/Engine/Plugins/Developer/GitSourceControl/GitSourceControl.uplugin
LogPluginManager: Loaded Plugin KDevelopSourceCodeAccess, From W:/Program Files (x86)/Epic Games/4.13/Engine/Plugins/Developer/KDevelopSourceCodeAccess/KDevelopSourceCodeAccess.uplugin
LogPluginManager: Loaded Plugin NullSourceCodeAccess, From W:/Program Files (x86)/Epic Games/4.13/Engine/Plugins/Developer/NullSourceCodeAccess/NullSourceCodeAccess.uplugin
LogPluginManager: Loaded Plugin OneSkyLocalizationService, From W:/Program Files (x86)/Epic Games/4.13/Engine/Plugins/Developer/OneSkyLocalizationService/OneSkyLocalizationService.uplugin
LogPluginManager: Loaded Plugin PerforceSourceControl, From W:/Program Files (x86)/Epic Games/4.13/Engine/Plugins/Developer/PerforceSourceControl/PerforceSourceControl.uplugin
LogPluginManager: Loaded Plugin SubversionSourceControl, From W:/Program Files (x86)/Epic Games/4.13/Engine/Plugins/Developer/SubversionSourceControl/SubversionSourceControl.uplugin
LogPluginManager: Loaded Plugin UObjectPlugin, From W:/Program Files (x86)/Epic Games/4.13/Engine/Plugins/Developer/UObjectPlugin/UObjectPlugin.uplugin
LogPluginManager: Loaded Plugin VisualStudioSourceCodeAccess, From W:/Program Files (x86)/Epic Games/4.13/Engine/Plugins/Developer/VisualStudioSourceCodeAccess/VisualStudioSourceCodeAccess.uplugin
LogPluginManager: Loaded Plugin XCodeSourceCodeAccess, From W:/Program Files (x86)/Epic Games/4.13/Engine/Plugins/Developer/XCodeSourceCodeAccess/XCodeSourceCodeAccess.uplugin
LogPluginManager: Loaded Plugin EpicSurvey, From W:/Program Files (x86)/Epic Games/4.13/Engine/Plugins/Editor/EpicSurvey/EpicSurvey.uplugin
LogPluginManager: Loaded Plugin MacGraphicsSwitching, From W:/Program Files (x86)/Epic Games/4.13/Engine/Plugins/Editor/MacGraphicsSwitching/MacGraphicsSwitching.uplugin
LogPluginManager: Loaded Plugin MobileLauncherProfileWizard, From W:/Program Files (x86)/Epic Games/4.13/Engine/Plugins/Editor/MobileLauncherProfileWizard/MobileLauncherProfileWizard.uplugin
LogPluginManager: Loaded Plugin PluginBrowser, From W:/Program Files (x86)/Epic Games/4.13/Engine/Plugins/Editor/PluginBrowser/PluginBrowser.uplugin
LogPluginManager: Loaded Plugin SpeedTreeImporter, From W:/Program Files (x86)/Epic Games/4.13/Engine/Plugins/Editor/SpeedTreeImporter/SpeedTreeImporter.uplugin
LogPluginManager: Loaded Plugin SuperSearchEditor, From W:/Program Files (x86)/Epic Games/4.13/Engine/Plugins/Editor/SuperSearchEditor/SuperSearchEditor.uplugin
LogPluginManager: Loaded Plugin AlembicImporter, From W:/Program Files (x86)/Epic Games/4.13/Engine/Plugins/Experimental/AlembicImporter/AlembicImporter.uplugin
LogPluginManager: Loaded Plugin BlueprintStats, From W:/Program Files (x86)/Epic Games/4.13/Engine/Plugins/Experimental/BlueprintStats/BlueprintStats.uplugin
LogPluginManager: Loaded Plugin CharacterAI, From W:/Program Files (x86)/Epic Games/4.13/Engine/Plugins/Experimental/CharacterAI/CharacterAI.uplugin
LogPluginManager: Loaded Plugin CodeEditor, From W:/Program Files (x86)/Epic Games/4.13/Engine/Plugins/Experimental/CodeEditor/CodeEditor.uplugin
LogPluginManager: Loaded Plugin CodeView, From W:/Program Files (x86)/Epic Games/4.13/Engine/Plugins/Experimental/CodeView/CodeView.uplugin
LogPluginManager: Loaded Plugin HTML5Networking, From W:/Program Files (x86)/Epic Games/4.13/Engine/Plugins/Experimental/HTML5Networking/HTML5Networking.uplugin
LogPluginManager: Loaded Plugin LiveEditor, From W:/Program Files (x86)/Epic Games/4.13/Engine/Plugins/Experimental/LiveEditor/LiveEditor.uplugin
LogPluginManager: Loaded Plugin OSVR, From W:/Program Files (x86)/Epic Games/4.13/Engine/Plugins/Experimental/OSVR/OSVR.uplugin
LogPluginManager: Loaded Plugin Phya, From W:/Program Files (x86)/Epic Games/4.13/Engine/Plugins/Experimental/Phya/Phya.uplugin
LogPluginManager: Loaded Plugin SignificanceManager, From W:/Program Files (x86)/Epic Games/4.13/Engine/Plugins/Experimental/SignificanceManager/SignificanceManager.uplugin
LogPluginManager: Loaded Plugin SimpleHMD, From W:/Program Files (x86)/Epic Games/4.13/Engine/Plugins/Experimental/SimpleHMD/SimpleHMD.uplugin
LogPluginManager: Loaded Plugin StereoPanorama, From W:/Program Files (x86)/Epic Games/4.13/Engine/Plugins/Experimental/StereoPanorama/StereoPanorama.uplugin
LogPluginManager: Loaded Plugin StructBox, From W:/Program Files (x86)/Epic Games/4.13/Engine/Plugins/Experimental/StructBox/StructBox.uplugin
LogPluginManager: Loaded Plugin AndroidMedia, From W:/Program Files (x86)/Epic Games/4.13/Engine/Plugins/Media/AndroidMedia/AndroidMedia.uplugin
LogPluginManager: Loaded Plugin AvfMedia, From W:/Program Files (x86)/Epic Games/4.13/Engine/Plugins/Media/AvfMedia/AvfMedia.uplugin
LogPluginManager: Loaded Plugin MediaPlayerEditor, From W:/Program Files (x86)/Epic Games/4.13/Engine/Plugins/Media/MediaPlayerEditor/MediaPlayerEditor.uplugin
LogPluginManager: Loaded Plugin WmfMedia, From W:/Program Files (x86)/Epic Games/4.13/Engine/Plugins/Media/WmfMedia/WmfMedia.uplugin
LogPluginManager: Loaded Plugin MessagingDebugger, From W:/Program Files (x86)/Epic Games/4.13/Engine/Plugins/Messaging/MessagingDebugger/MessagingDebugger.uplugin
LogPluginManager: Loaded Plugin TcpMessaging, From W:/Program Files (x86)/Epic Games/4.13/Engine/Plugins/Messaging/TcpMessaging/TcpMessaging.uplugin
LogPluginManager: Loaded Plugin UdpMessaging, From W:/Program Files (x86)/Epic Games/4.13/Engine/Plugins/Messaging/UdpMessaging/UdpMessaging.uplugin
LogPluginManager: Loaded Plugin LevelSequenceEditor, From W:/Program Files (x86)/Epic Games/4.13/Engine/Plugins/MovieScene/LevelSequenceEditor/LevelSequenceEditor.uplugin
LogPluginManager: Loaded Plugin MatineeToLevelSequence, From W:/Program Files (x86)/Epic Games/4.13/Engine/Plugins/MovieScene/MatineeToLevelSequence/MatineeToLevelSequence.uplugin
LogPluginManager: Loaded Plugin NetcodeUnitTest, From W:/Program Files (x86)/Epic Games/4.13/Engine/Plugins/NetcodeUnitTest/NetcodeUnitTest/NetcodeUnitTest.uplugin
LogPluginManager: Loaded Plugin NUTUnrealEngine4, From W:/Program Files (x86)/Epic Games/4.13/Engine/Plugins/NetcodeUnitTest/NUTUnrealEngine4/NUTUnrealEngine4.uplugin
LogPluginManager: Loaded Plugin OnlineSubsystemGooglePlay, From W:/Program Files (x86)/Epic Games/4.13/Engine/Plugins/Online/Android/OnlineSubsystemGooglePlay/OnlineSubsystemGooglePlay.uplugin
LogPluginManager: Loaded Plugin OnlineSubsystemIOS, From W:/Program Files (x86)/Epic Games/4.13/Engine/Plugins/Online/IOS/OnlineSubsystemIOS/OnlineSubsystemIOS.uplugin
LogPluginManager: Loaded Plugin OnlineFramework, From W:/Program Files (x86)/Epic Games/4.13/Engine/Plugins/Online/OnlineFramework/OnlineFramework.uplugin
LogPluginManager: Loaded Plugin OnlineSubsystem, From W:/Program Files (x86)/Epic Games/4.13/Engine/Plugins/Online/OnlineSubsystem/OnlineSubsystem.uplugin
LogPluginManager: Loaded Plugin OnlineSubsystemAmazon, From W:/Program Files (x86)/Epic Games/4.13/Engine/Plugins/Online/OnlineSubsystemAmazon/OnlineSubsystemAmazon.uplugin
LogPluginManager: Loaded Plugin OnlineSubsystemFacebook, From W:/Program Files (x86)/Epic Games/4.13/Engine/Plugins/Online/OnlineSubsystemFacebook/OnlineSubsystemFacebook.uplugin
LogPluginManager: Loaded Plugin OnlineSubsystemNull, From W:/Program Files (x86)/Epic Games/4.13/Engine/Plugins/Online/OnlineSubsystemNull/OnlineSubsystemNull.uplugin
LogPluginManager: Loaded Plugin OnlineSubsystemOculus, From W:/Program Files (x86)/Epic Games/4.13/Engine/Plugins/Online/OnlineSubsystemOculus/OnlineSubsystemOculus.uplugin
LogPluginManager: Loaded Plugin OnlineSubsystemSteam, From W:/Program Files (x86)/Epic Games/4.13/Engine/Plugins/Online/OnlineSubsystemSteam/OnlineSubsystemSteam.uplugin
LogPluginManager: Loaded Plugin OnlineSubsystemUtils, From W:/Program Files (x86)/Epic Games/4.13/Engine/Plugins/Online/OnlineSubsystemUtils/OnlineSubsystemUtils.uplugin
LogPluginManager: Loaded Plugin IOSTapJoy, From W:/Program Files (x86)/Epic Games/4.13/Engine/Plugins/Runtime/Advertising/IOSTapJoy/IOSTapJoy.uplugin
LogPluginManager: Loaded Plugin AnalyticsBlueprintLibrary, From W:/Program Files (x86)/Epic Games/4.13/Engine/Plugins/Runtime/Analytics/AnalyticsBlueprintLibrary/AnalyticsBlueprintLibrary.uplugin
LogPluginManager: Loaded Plugin AnalyticsMulticast, From W:/Program Files (x86)/Epic Games/4.13/Engine/Plugins/Runtime/Analytics/AnalyticsMulticast/AnalyticsMulticast.uplugin
LogPluginManager: Loaded Plugin Apsalar, From W:/Program Files (x86)/Epic Games/4.13/Engine/Plugins/Runtime/Analytics/Apsalar/Apsalar.uplugin
LogPluginManager: Loaded Plugin FileLogging, From W:/Program Files (x86)/Epic Games/4.13/Engine/Plugins/Runtime/Analytics/FileLogging/FileLogging.uplugin
LogPluginManager: Loaded Plugin Flurry, From W:/Program Files (x86)/Epic Games/4.13/Engine/Plugins/Runtime/Analytics/Flurry/Flurry.uplugin
LogPluginManager: Loaded Plugin AndroidDeviceProfileSelector, From W:/Program Files (x86)/Epic Games/4.13/Engine/Plugins/Runtime/AndroidDeviceProfileSelector/AndroidDeviceProfileSelector.uplugin
LogPluginManager: Loaded Plugin AndroidMoviePlayer, From W:/Program Files (x86)/Epic Games/4.13/Engine/Plugins/Runtime/AndroidMoviePlayer/AndroidMoviePlayer.uplugin
LogPluginManager: Loaded Plugin AppleMoviePlayer, From W:/Program Files (x86)/Epic Games/4.13/Engine/Plugins/Runtime/AppleMoviePlayer/AppleMoviePlayer.uplugin
LogPluginManager: Loaded Plugin ArchVisCharacter, From W:/Program Files (x86)/Epic Games/4.13/Engine/Plugins/Runtime/ArchVisCharacter/ArchVisCharacter.uplugin
LogPluginManager: Loaded Plugin CableComponent, From W:/Program Files (x86)/Epic Games/4.13/Engine/Plugins/Runtime/CableComponent/CableComponent.uplugin
LogPluginManager: Loaded Plugin CustomMeshComponent, From W:/Program Files (x86)/Epic Games/4.13/Engine/Plugins/Runtime/CustomMeshComponent/CustomMeshComponent.uplugin
LogPluginManager: Loaded Plugin ExampleDeviceProfileSelector, From W:/Program Files (x86)/Epic Games/4.13/Engine/Plugins/Runtime/ExampleDeviceProfileSelector/ExampleDeviceProfileSelector.uplugin
LogPluginManager: Loaded Plugin GearVR, From W:/Program Files (x86)/Epic Games/4.13/Engine/Plugins/Runtime/GearVR/GearVR.uplugin
LogPluginManager: Loaded Plugin GoogleVRController, From W:/Program Files (x86)/Epic Games/4.13/Engine/Plugins/Runtime/GoogleVR/GoogleVRController/GoogleVRController.uplugin
LogPluginManager: Loaded Plugin GoogleVRHMD, From W:/Program Files (x86)/Epic Games/4.13/Engine/Plugins/Runtime/GoogleVR/GoogleVRHMD/GoogleVRHMD.uplugin
LogPluginManager: Loaded Plugin IOSDeviceProfileSelector, From W:/Program Files (x86)/Epic Games/4.13/Engine/Plugins/Runtime/IOSDeviceProfileSelector/IOSDeviceProfileSelector.uplugin
LogPluginManager: Loaded Plugin LeapMotion, From W:/Program Files (x86)/Epic Games/4.13/Engine/Plugins/Runtime/LeapMotion/LeapMotion.uplugin
LogPluginManager: Loaded Plugin LinuxDeviceProfileSelector, From W:/Program Files (x86)/Epic Games/4.13/Engine/Plugins/Runtime/LinuxDeviceProfileSelector/LinuxDeviceProfileSelector.uplugin
LogPluginManager: Loaded Plugin LiveEditorListenServer, From W:/Program Files (x86)/Epic Games/4.13/Engine/Plugins/Runtime/LiveEditorListenServer/LiveEditorListenServer.uplugin
LogPluginManager: Loaded Plugin OculusAudio, From W:/Program Files (x86)/Epic Games/4.13/Engine/Plugins/Runtime/OculusAudio/OculusAudio.uplugin
LogPluginManager: Loaded Plugin OculusInput, From W:/Program Files (x86)/Epic Games/4.13/Engine/Plugins/Runtime/OculusInput/OculusInput.uplugin
LogPluginManager: Loaded Plugin OculusLibrary, From W:/Program Files (x86)/Epic Games/4.13/Engine/Plugins/Runtime/OculusLibrary/OculusLibrary.uplugin
LogPluginManager: Loaded Plugin OculusRift, From W:/Program Files (x86)/Epic Games/4.13/Engine/Plugins/Runtime/OculusRift/OculusRift.uplugin
LogPluginManager: Loaded Plugin Oodle, From W:/Program Files (x86)/Epic Games/4.13/Engine/Plugins/Runtime/PacketHandlers/CompressionComponents/Oodle/Oodle.uplugin
LogPluginManager: Loaded Plugin ProceduralMeshComponent, From W:/Program Files (x86)/Epic Games/4.13/Engine/Plugins/Runtime/ProceduralMeshComponent/ProceduralMeshComponent.uplugin
LogPluginManager: Loaded Plugin SoundMod, From W:/Program Files (x86)/Epic Games/4.13/Engine/Plugins/Runtime/SoundMod/SoundMod.uplugin
LogPluginManager: Loaded Plugin SoundVisualizations, From W:/Program Files (x86)/Epic Games/4.13/Engine/Plugins/Runtime/SoundVisualizations/SoundVisualizations.uplugin
LogPluginManager: Loaded Plugin SteamController, From W:/Program Files (x86)/Epic Games/4.13/Engine/Plugins/Runtime/Steam/SteamController/SteamController.uplugin
LogPluginManager: Loaded Plugin SteamVR, From W:/Program Files (x86)/Epic Games/4.13/Engine/Plugins/Runtime/Steam/SteamVR/SteamVR.uplugin
LogPluginManager: Loaded Plugin WebBrowserWidget, From W:/Program Files (x86)/Epic Games/4.13/Engine/Plugins/Runtime/WebBrowserWidget/WebBrowserWidget.uplugin
LogPluginManager: Loaded Plugin WindowsDeviceProfileSelector, From W:/Program Files (x86)/Epic Games/4.13/Engine/Plugins/Runtime/WindowsDeviceProfileSelector/WindowsDeviceProfileSelector.uplugin
LogPluginManager: Loaded Plugin WindowsMoviePlayer, From W:/Program Files (x86)/Epic Games/4.13/Engine/Plugins/Runtime/WindowsMoviePlayer/WindowsMoviePlayer.uplugin
LogPluginManager: Loaded Plugin ScriptPlugin, From W:/Program Files (x86)/Epic Games/4.13/Engine/Plugins/ScriptPlugin/ScriptPlugin.uplugin
LogPluginManager: Loaded Plugin SlateRemote, From W:/Program Files (x86)/Epic Games/4.13/Engine/Plugins/Slate/SlateRemote/SlateRemote.uplugin
LogInit: Using libcurl 7.47.1
LogInit:  - built for x86_64-pc-win32
LogInit:  - supports SSL with WinSSL
LogInit:  - other features:
LogInit:      CURL_VERSION_SSL
LogInit:      CURL_VERSION_IPV6
LogInit:      CURL_VERSION_ASYNCHDNS
LogInit:      CURL_VERSION_LARGEFILE
LogInit:      CURL_VERSION_IDN
LogInit:  CurlRequestOptions (configurable via config and command line):
LogInit:  - bVerifyPeer = false  - Libcurl will NOT verify peer certificate
LogInit:  - bUseHttpProxy = false  - Libcurl will NOT use HTTP proxy
LogInit:  - bDontReuseConnections = false  - Libcurl will reuse connections
LogInit:  - CertBundlePath = nullptr  - Libcurl will use whatever was configured at build time.
LogInit: Build: ++UE4+Release-4.13-CL-3142249
LogInit: Engine Version: 4.13.1-3142249+++UE4+Release-4.13
LogInit: Compatible Engine Version: 4.13.0-3106830+++UE4+Release-4.13
LogInit: Net CL: 3142249
LogDevObjectVersion: Number of dev versions registered: 13
LogDevObjectVersion:   Dev-Blueprints (B0D832E4-1F89-4F0D-ACCF-7EB736FD4AA2): 5
LogDevObjectVersion:   Dev-Build (E1C64328-A22C-4D53-A36C-8E866417BD8C): 0
LogDevObjectVersion:   Dev-Core (375EC13C-06E4-48FB-B500-84F0262A717E): 1
LogDevObjectVersion:   Dev-Editor (E4B068ED-F494-42E9-A231-DA0B2E46BB41): 6
LogDevObjectVersion:   Dev-Framework (CFFC743F-43B0-4480-9391-14DF171D2073): 12
LogDevObjectVersion:   Dev-Mobile (B02B49B5-BB20-44E9-A304-32B752E40360): 0
LogDevObjectVersion:   Dev-Networking (A4E4105C-59A1-49B5-A7C5-40C4547EDFEE): 0
LogDevObjectVersion:   Dev-Online (39C831C9-5AE6-47DC-9A44-9C173E1C8E7C): 0
LogDevObjectVersion:   Dev-Physics (78F01B33-EBEA-4F98-B9B4-84EACCB95AA2): 0
LogDevObjectVersion:   Dev-Platform (6631380F-2D4D-43E0-8009-CF276956A95A): 0
LogDevObjectVersion:   Dev-Rendering (12F88B9F-8875-4AFC-A67C-D90C383ABD29): 4
LogDevObjectVersion:   Dev-Sequencer (7B5AE74C-D270-4C10-A958-57980B212A5A): 0
LogDevObjectVersion:   Dev-VR (D7296918-1DD6-4BDD-9DE2-64A83CC13884): 0
LogInit: Compiled (64-bit): Sep 28 2016 02:12:12
LogInit: Compiled with Visual C++: 19.00.23026.00
LogInit: Build Configuration: Development
LogInit: Branch Name: ++UE4+Release-4.13
LogInit: Command line: -EpicPortal 
LogInit: Base directory: W:/Program Files (x86)/Epic Games/4.13/Engine/Binaries/Win64/
LogInit: Installed Engine Build: 1
LogInit: Presizing for max 8388607 objects, including 0 objects not considered by GC, pre-allocating 0 bytes for permanent pool.
LogInit: Object subsystem initialized
[2016.11.13-20.54.22:609][  0]LogInit: Selected Device Profile: [Windows]
[2016.11.13-20.54.22:609][  0]LogInit: Applying CVar settings loaded from the selected device profile: [Windows]
[2016.11.13-20.54.22:615][  0]LogInit: Computer: DESKTOP-GQ4CL00
[2016.11.13-20.54.22:615][  0]LogInit: User: mike
[2016.11.13-20.54.22:615][  0]LogInit: CPU Page size=65536, Cores=4
[2016.11.13-20.54.22:615][  0]LogInit: High frequency timer resolution =3.906242 MHz
[2016.11.13-20.54.22:615][  0]LogMemory: Memory total: Physical=15.9GB (16GB approx)
[2016.11.13-20.54.22:615][  0]LogMemory: Platform Memory Stats for Windows
[2016.11.13-20.54.22:615][  0]LogMemory: Process Physical Memory: 256.49 MB used, 256.49 MB peak
[2016.11.13-20.54.22:615][  0]LogMemory: Process Virtual Memory: 260.10 MB used, 260.10 MB peak
[2016.11.13-20.54.22:615][  0]LogMemory: Physical Memory: 7347.27 MB used, 16332.69 MB total
[2016.11.13-20.54.22:615][  0]LogMemory: Virtual Memory: 623.23 MB used, 134217728.00 MB total
[2016.11.13-20.54.22:649][  0]LogTextLocalizationManager: No translations for ('fr-CA') exist, falling back to 'en' for localization and internationalization data.
[2016.11.13-20.54.23:349][  0]LogD3D11RHI: D3D11 adapters:
[2016.11.13-20.54.23:780][  0]LogD3D11RHI:    0. 'NVIDIA GeForce GTX 970' (Feature Level 11_0)
[2016.11.13-20.54.23:780][  0]LogD3D11RHI:       4058/0/8166 MB DedicatedVideo/DedicatedSystem/SharedSystem, Outputs:2, VendorId:0x10de
[2016.11.13-20.54.23:781][  0]LogD3D11RHI:    1. 'Microsoft Basic Render Driver' (Feature Level 11_0)
[2016.11.13-20.54.23:781][  0]LogD3D11RHI:       0/0/8166 MB DedicatedVideo/DedicatedSystem/SharedSystem, Outputs:0, VendorId:0x1414
[2016.11.13-20.54.23:781][  0]LogD3D11RHI: Chosen D3D11 Adapter: 0
[2016.11.13-20.54.23:785][  0]LogD3D11RHI: Creating new Direct3DDevice
[2016.11.13-20.54.23:785][  0]LogD3D11RHI:     GPU DeviceId: 0x13c2 (for the marketing name, search the web for "GPU Device Id")
[2016.11.13-20.54.23:785][  0]LogWindows: EnumDisplayDevices:
[2016.11.13-20.54.23:785][  0]LogWindows:    0. 'NVIDIA GeForce GTX 970' (P:0 D:1)
[2016.11.13-20.54.23:786][  0]LogWindows:    1. 'NVIDIA GeForce GTX 970' (P:1 D:1)
[2016.11.13-20.54.23:786][  0]LogWindows:    2. 'NVIDIA GeForce GTX 970' (P:0 D:0)
[2016.11.13-20.54.23:786][  0]LogWindows:    3. 'NVIDIA GeForce GTX 970' (P:0 D:0)
[2016.11.13-20.54.23:786][  0]LogWindows: DebugString: FoundDriverCount:4 
[2016.11.13-20.54.23:786][  0]LogD3D11RHI:     Adapter Name: NVIDIA GeForce GTX 970
[2016.11.13-20.54.23:786][  0]LogD3D11RHI:   Driver Version: 375.70 (internal:21.21.13.7570, unified:375.70)
[2016.11.13-20.54.23:786][  0]LogD3D11RHI:      Driver Date: 10-25-2016
[2016.11.13-20.54.23:786][  0]LogRHI: Texture pool is 1361 MB (70% of 1945 MB)
[2016.11.13-20.54.24:196][  0]LogD3D11RHI: Async texture creation enabled
[2016.11.13-20.54.24:229][  0]LogD3D11RHI: GPU Timing Frequency: 1000.000000 (Debug: 2 2)
[2016.11.13-20.54.24:229][  0]LogShaderCompilers: Guid format shader working directory is 11 characters bigger than the processId version (../../../../project/jeuxVideo/jeux/Intermediate/Shaders/WorkingDirectory/14676/).
[2016.11.13-20.54.24:229][  0]LogShaderCompilers: Cleaned the shader compiler working directory 'C:/Users/mario/AppData/Local/Temp/UnrealShaderWorkingDir/0C79BA184C80D65DE560BB9583529659/'.
[2016.11.13-20.54.24:229][  0]LogShaderCompilers:Display: Using Local Shader Compiler.
[2016.11.13-20.54.25:079][  0]LogTemp:Display: Loaded TP AllDesktopTargetPlatform
[2016.11.13-20.54.25:085][  0]LogTemp:Display: Loaded TP WindowsClientTargetPlatform
[2016.11.13-20.54.25:092][  0]LogTemp:Display: Loaded TP WindowsNoEditorTargetPlatform
[2016.11.13-20.54.25:098][  0]LogTemp:Display: Loaded TP WindowsServerTargetPlatform
[2016.11.13-20.54.25:104][  0]LogTemp:Display: Loaded TP WindowsTargetPlatform
[2016.11.13-20.54.25:110][  0]LogTemp:Display: Loaded TP AndroidTargetPlatform
[2016.11.13-20.54.25:115][  0]LogTemp:Display: Loaded TP Android_ASTCTargetPlatform
[2016.11.13-20.54.25:120][  0]LogTemp:Display: Loaded TP Android_ATCTargetPlatform
[2016.11.13-20.54.25:125][  0]LogTemp:Display: Loaded TP Android_DXTTargetPlatform
[2016.11.13-20.54.25:130][  0]LogTemp:Display: Loaded TP Android_ETC1TargetPlatform
[2016.11.13-20.54.25:135][  0]LogTemp:Display: Loaded TP Android_ETC2TargetPlatform
[2016.11.13-20.54.25:146][  0]LogTemp:Display: Loaded TP Android_MultiTargetPlatform
[2016.11.13-20.54.25:146][  0]LogTemp:Display: Loaded TP Android_PVRTCTargetPlatform
[2016.11.13-20.54.25:146][  0]LogTemp:Display: Loaded TP HTML5TargetPlatform
[2016.11.13-20.54.25:164][  0]LogTemp:Display: Loaded TP IOSTargetPlatform
[2016.11.13-20.54.25:169][  0]LogTemp:Display: Loaded TP TVOSTargetPlatform
[2016.11.13-20.54.25:174][  0]LogTemp:Display: Loaded TP LinuxClientTargetPlatform
[2016.11.13-20.54.25:180][  0]LogTemp:Display: Loaded TP LinuxNoEditorTargetPlatform
[2016.11.13-20.54.25:185][  0]LogTemp:Display: Loaded TP LinuxServerTargetPlatform
[2016.11.13-20.54.25:191][  0]LogTemp:Display: Loaded TP LinuxTargetPlatform
[2016.11.13-20.54.25:191][  0]LogTargetPlatformManager:Display: Building Assets For Windows
[2016.11.13-20.54.25:271][  0]LogDerivedDataCache:Display: Max Cache Size: 512 MB
[2016.11.13-20.54.25:323][  0]LogDerivedDataCache: Loaded boot cache 0.05s 62MB C:/Users/mario/AppData/Local/UnrealEngine/4.13/DerivedDataCache/Boot.ddc.
[2016.11.13-20.54.25:323][  0]LogDerivedDataCache:Display: Loaded Boot cache: C:/Users/mario/AppData/Local/UnrealEngine/4.13/DerivedDataCache/Boot.ddc
[2016.11.13-20.54.25:323][  0]LogDerivedDataCache: FDerivedDataBackendGraph:  Pak pak cache file ../../../../project/jeuxVideo/jeux/DerivedDataCache/DDC.ddp not found, will not use a pak cache.
[2016.11.13-20.54.25:323][  0]LogDerivedDataCache: Unable to find inner node Pak for hierarchical cache Hierarchy.
[2016.11.13-20.54.25:323][  0]LogDerivedDataCache: FDerivedDataBackendGraph:  CompressedPak pak cache file ../../../../project/jeuxVideo/jeux/DerivedDataCache/Compressed.ddp not found, will not use a pak cache.
[2016.11.13-20.54.25:323][  0]LogDerivedDataCache: Unable to find inner node CompressedPak for hierarchical cache Hierarchy.
[2016.11.13-20.54.25:337][  0]LogDerivedDataCache:Display: Pak cache opened for reading ../../../Engine/DerivedDataCache/Compressed.ddp.
[2016.11.13-20.54.25:349][  0]LogDerivedDataCache: Using Local data cache path C:/Users/mario/AppData/Local/UnrealEngine/Common/DerivedDataCache: Writable
[2016.11.13-20.54.25:539][  0]LogInit: Selected Device Profile: [Windows]
[2016.11.13-20.54.25:541][  0]LogContentStreaming: Texture pool size is 0.00 MB
[2016.11.13-20.54.25:628][  0]LogMeshUtilities: No automatic mesh reduction module available
[2016.11.13-20.54.25:628][  0]LogMeshUtilities: No automatic mesh merging module available
[2016.11.13-20.54.25:628][  0]LogMeshUtilities: No distributed automatic mesh merging module available
[2016.11.13-20.54.25:689][  0]LogMaterial: Uniform references updated for custom material expression Custom.
[2016.11.13-20.54.25:929][  0]LogNetVersion: GetLocalNetworkVersion: CL: 3106830, ProjectName: jeux, ProjectVersion: , EngineNetworkVersion: 1, GameNetworkVersion: 0, NetworkChecksum: 14164607
[2016.11.13-20.54.25:962][  0]LogAssetRegistry: FAssetRegistry took 0.0216 seconds to start up
[2016.11.13-20.54.25:978][  0]LogPackageLocalizationCache: Processed 3 localized package path(s) for 1 prioritized culture(s) in 0.012843 seconds
[2016.11.13-20.54.25:983][  0]LogUObjectArray: 29778 objects as part of root set at end of initial load.
[2016.11.13-20.54.25:983][  0]LogUObjectAllocator: 6125448 out of 0 bytes used by permanent object pool.
[2016.11.13-20.54.25:983][  0]LogUObjectArray: CloseDisregardForGC: 0/0 objects in disregard for GC pool
[2016.11.13-20.54.25:989][  0]LogInit: WinSock: version 1.1 (2.2), MaxSocks=32767, MaxUdp=65467
[2016.11.13-20.54.26:188][  0]LogSlate: SlateFontCache - WITH_FREETYPE: 1, WITH_HARFBUZZ: 1
[2016.11.13-20.54.26:188][  0]LogSlate: SlateFontCache - WITH_FREETYPE: 1, WITH_HARFBUZZ: 1
[2016.11.13-20.54.27:181][  0]LogTcpMessaging: Initializing TcpMessaging bridge
[2016.11.13-20.54.27:221][  0]LogUdpMessaging: Initializing bridge on interface 0.0.0.0:0 to multicast group 230.0.0.1:6666.
[2016.11.13-20.54.27:452][  0]SourceControl: Info Source control is disabled
[2016.11.13-20.54.27:453][  0]SourceControl: Info Source control is disabled
[2016.11.13-20.54.27:465][  0]SourceControl: Info Source control is disabled
[2016.11.13-20.54.27:478][  0]SourceControl: Info Source control is disabled
[2016.11.13-20.54.27:831][  0]LogEngine: Initializing Engine...
[2016.11.13-20.54.27:832][  0]LogHMD: Failed to initialize OpenVR with code 110
[2016.11.13-20.54.27:941][  0]LogAIModule: Creating AISystem for world Untitled
[2016.11.13-20.54.27:954][  0]LogInit: XAudio2 using 'Speakers (High Definition Audio Device)' : 2 channels at 44.1 kHz using 16 bits per sample (channel mask 0x3)
[2016.11.13-20.54.27:964][  0]LogInit: FAudioDevice initialized.
[2016.11.13-20.54.27:992][  0]LogDerivedDataCache: Saved boot cache 0.03s 62MB C:/Users/mario/AppData/Local/UnrealEngine/4.13/DerivedDataCache/Boot.ddc.
[2016.11.13-20.54.28:000][  0]LogInit: Texture streaming: Enabled
[2016.11.13-20.54.28:020][  0]LogInit: Transaction tracking system initialized
[2016.11.13-20.54.28:038][  0]BlueprintLog: New page: Editor Load
[2016.11.13-20.54.28:158][  0]LocalizationService: Info Localization service is disabled
[2016.11.13-20.54.28:302][  0]LogConsoleResponse:Display: 
[2016.11.13-20.54.28:432][  0]LogCook:Display: Max memory allowance for cook 16384mb min free memory 0mb
[2016.11.13-20.54.28:432][  0]LogCook:Display: Mobile HDR setting 1
[2016.11.13-20.54.28:639][  0]LogFileCache: Scanning file cache for directory 'W:/Program Files (x86)/Epic Games/project/jeuxVideo/jeux/Content/' took 0.01s
[2016.11.13-20.54.28:639][  0]SourceControl: Info Source control is disabled
[2016.11.13-20.54.28:640][  0]LogFactory: FactoryCreateFile: PackFactory with PackFactory (0 0 W:/Program Files (x86)/Epic Games/4.13/FeaturePacks/StarterContent.upack)
[2016.11.13-20.54.28:647][  0]LogPackFactory: Finished extracting 8 files (including 0 errors).
[2016.11.13-20.54.28:648][  0]LogPackFactory: Copied "../../../Samples/StarterContent/Content/StarterContent/Architecture/Floor_400x400.uasset" to "../../../../project/jeuxVideo/jeux/Content/StarterContent/Architecture/Floor_400x400.uasset"
[2016.11.13-20.54.28:649][  0]LogPackFactory: Copied "../../../Samples/StarterContent/Content/StarterContent/Architecture/Pillar_50x500.uasset" to "../../../../project/jeuxVideo/jeux/Content/StarterContent/Architecture/Pillar_50x500.uasset"
[2016.11.13-20.54.28:651][  0]LogPackFactory: Copied "../../../Samples/StarterContent/Content/StarterContent/Architecture/SM_AssetPlatform.uasset" to "../../../../project/jeuxVideo/jeux/Content/StarterContent/Architecture/SM_AssetPlatform.uasset"
[2016.11.13-20.54.28:652][  0]LogPackFactory: Copied "../../../Samples/StarterContent/Content/StarterContent/Architecture/Wall_400x200.uasset" to "../../../../project/jeuxVideo/jeux/Content/StarterContent/Architecture/Wall_400x200.uasset"
[2016.11.13-20.54.28:653][  0]LogPackFactory: Copied "../../../Samples/StarterContent/Content/StarterContent/Architecture/Wall_400x300.uasset" to "../../../../project/jeuxVideo/jeux/Content/StarterContent/Architecture/Wall_400x300.uasset"
[2016.11.13-20.54.28:655][  0]LogPackFactory: Copied "../../../Samples/StarterContent/Content/StarterContent/Architecture/Wall_400x400.uasset" to "../../../../project/jeuxVideo/jeux/Content/StarterContent/Architecture/Wall_400x400.uasset"
[2016.11.13-20.54.28:656][  0]LogPackFactory: Copied "../../../Samples/StarterContent/Content/StarterContent/Architecture/Wall_500x500.uasset" to "../../../../project/jeuxVideo/jeux/Content/StarterContent/Architecture/Wall_500x500.uasset"
[2016.11.13-20.54.28:657][  0]LogPackFactory: Copied "../../../Samples/StarterContent/Content/StarterContent/Architecture/Wall_Door_400x300.uasset" to "../../../../project/jeuxVideo/jeux/Content/StarterContent/Architecture/Wall_Door_400x300.uasset"
[2016.11.13-20.54.28:670][  0]LogPackFactory: Copied "../../../Samples/StarterContent/Content/StarterContent/Architecture/Wall_Door_400x400.uasset" to "../../../../project/jeuxVideo/jeux/Content/StarterContent/Architecture/Wall_Door_400x400.uasset"
[2016.11.13-20.54.28:671][  0]LogPackFactory: Copied "../../../Samples/StarterContent/Content/StarterContent/Architecture/Wall_Window_400x300.uasset" to "../../../../project/jeuxVideo/jeux/Content/StarterContent/Architecture/Wall_Window_400x300.uasset"
[2016.11.13-20.54.28:672][  0]LogPackFactory: Copied "../../../Samples/StarterContent/Content/StarterContent/Architecture/Wall_Window_400x400.uasset" to "../../../../project/jeuxVideo/jeux/Content/StarterContent/Architecture/Wall_Window_400x400.uasset"
[2016.11.13-20.54.28:674][  0]LogPackFactory: Copied "../../../Samples/StarterContent/Content/StarterContent/Audio/Collapse01.uasset" to "../../../../project/jeuxVideo/jeux/Content/StarterContent/Audio/Collapse01.uasset"
[2016.11.13-20.54.28:675][  0]LogPackFactory: Copied "../../../Samples/StarterContent/Content/StarterContent/Audio/Collapse02.uasset" to "../../../../project/jeuxVideo/jeux/Content/StarterContent/Audio/Collapse02.uasset"
[2016.11.13-20.54.28:676][  0]LogPackFactory: Copied "../../../Samples/StarterContent/Content/StarterContent/Audio/Collapse_Cue.uasset" to "../../../../project/jeuxVideo/jeux/Content/StarterContent/Audio/Collapse_Cue.uasset"
[2016.11.13-20.54.28:677][  0]LogPackFactory: Copied "../../../Samples/StarterContent/Content/StarterContent/Audio/Explosion01.uasset" to "../../../../project/jeuxVideo/jeux/Content/StarterContent/Audio/Explosion01.uasset"
[2016.11.13-20.54.28:679][  0]LogPackFactory: Copied "../../../Samples/StarterContent/Content/StarterContent/Audio/Explosion02.uasset" to "../../../../project/jeuxVideo/jeux/Content/StarterContent/Audio/Explosion02.uasset"
[2016.11.13-20.54.28:680][  0]LogPackFactory: Copied "../../../Samples/StarterContent/Content/StarterContent/Audio/Explosion_Cue.uasset" to "../../../../project/jeuxVideo/jeux/Content/StarterContent/Audio/Explosion_Cue.uasset"
[2016.11.13-20.54.28:682][  0]LogPackFactory: Copied "../../../Samples/StarterContent/Content/StarterContent/Audio/Fire01.uasset" to "../../../../project/jeuxVideo/jeux/Content/StarterContent/Audio/Fire01.uasset"
[2016.11.13-20.54.28:683][  0]LogPackFactory: Copied "../../../Samples/StarterContent/Content/StarterContent/Audio/Fire01_Cue.uasset" to "../../../../project/jeuxVideo/jeux/Content/StarterContent/Audio/Fire01_Cue.uasset"
[2016.11.13-20.54.28:685][  0]LogPackFactory: Copied "../../../Samples/StarterContent/Content/StarterContent/Audio/Fire_Sparks01.uasset" to "../../../../project/jeuxVideo/jeux/Content/StarterContent/Audio/Fire_Sparks01.uasset"
[2016.11.13-20.54.28:686][  0]LogPackFactory: Copied "../../../Samples/StarterContent/Content/StarterContent/Audio/Fire_Sparks01_Cue.uasset" to "../../../../project/jeuxVideo/jeux/Content/StarterContent/Audio/Fire_Sparks01_Cue.uasset"
[2016.11.13-20.54.28:688][  0]LogPackFactory: Copied "../../../Samples/StarterContent/Content/StarterContent/Audio/Light01.uasset" to "../../../../project/jeuxVideo/jeux/Content/StarterContent/Audio/Light01.uasset"
[2016.11.13-20.54.28:689][  0]LogPackFactory: Copied "../../../Samples/StarterContent/Content/StarterContent/Audio/Light01_Cue.uasset" to "../../../../project/jeuxVideo/jeux/Content/StarterContent/Audio/Light01_Cue.uasset"
[2016.11.13-20.54.28:691][  0]LogPackFactory: Copied "../../../Samples/StarterContent/Content/StarterContent/Audio/Light02.uasset" to "../../../../project/jeuxVideo/jeux/Content/StarterContent/Audio/Light02.uasset"
[2016.11.13-20.54.28:692][  0]LogPackFactory: Copied "../../../Samples/StarterContent/Content/StarterContent/Audio/Light02_Cue.uasset" to "../../../../project/jeuxVideo/jeux/Content/StarterContent/Audio/Light02_Cue.uasset"
[2016.11.13-20.54.28:694][  0]LogPackFactory: Copied "../../../Samples/StarterContent/Content/StarterContent/Audio/Smoke01.uasset" to "../../../../project/jeuxVideo/jeux/Content/StarterContent/Audio/Smoke01.uasset"
[2016.11.13-20.54.28:695][  0]LogPackFactory: Copied "../../../Samples/StarterContent/Content/StarterContent/Audio/Smoke01_Cue.uasset" to "../../../../project/jeuxVideo/jeux/Content/StarterContent/Audio/Smoke01_Cue.uasset"
[2016.11.13-20.54.28:696][  0]LogPackFactory: Copied "../../../Samples/StarterContent/Content/StarterContent/Audio/Starter_Background_Cue.uasset" to "../../../../project/jeuxVideo/jeux/Content/StarterContent/Audio/Starter_Background_Cue.uasset"
[2016.11.13-20.54.28:699][  0]LogPackFactory: Copied "../../../Samples/StarterContent/Content/StarterContent/Audio/Starter_Birds01.uasset" to "../../../../project/jeuxVideo/jeux/Content/StarterContent/Audio/Starter_Birds01.uasset"
[2016.11.13-20.54.28:705][  0]LogPackFactory: Copied "../../../Samples/StarterContent/Content/StarterContent/Audio/Starter_Music01.uasset" to "../../../../project/jeuxVideo/jeux/Content/StarterContent/Audio/Starter_Music01.uasset"
[2016.11.13-20.54.28:706][  0]LogPackFactory: Copied "../../../Samples/StarterContent/Content/StarterContent/Audio/Starter_Music_Cue.uasset" to "../../../../project/jeuxVideo/jeux/Content/StarterContent/Audio/Starter_Music_Cue.uasset"
[2016.11.13-20.54.28:708][  0]LogPackFactory: Copied "../../../Samples/StarterContent/Content/StarterContent/Audio/Starter_Wind05.uasset" to "../../../../project/jeuxVideo/jeux/Content/StarterContent/Audio/Starter_Wind05.uasset"
[2016.11.13-20.54.28:711][  0]LogPackFactory: Copied "../../../Samples/StarterContent/Content/StarterContent/Audio/Starter_Wind06.uasset" to "../../../../project/jeuxVideo/jeux/Content/StarterContent/Audio/Starter_Wind06.uasset"
[2016.11.13-20.54.28:712][  0]LogPackFactory: Copied "../../../Samples/StarterContent/Content/StarterContent/Audio/Steam01.uasset" to "../../../../project/jeuxVideo/jeux/Content/StarterContent/Audio/Steam01.uasset"
[2016.11.13-20.54.28:713][  0]LogPackFactory: Copied "../../../Samples/StarterContent/Content/StarterContent/Audio/Steam01_Cue.uasset" to "../../../../project/jeuxVideo/jeux/Content/StarterContent/Audio/Steam01_Cue.uasset"
[2016.11.13-20.54.28:715][  0]LogPackFactory: Copied "../../../Samples/StarterContent/Content/StarterContent/Blueprints/Blueprint_CeilingLight.uasset" to "../../../../project/jeuxVideo/jeux/Content/StarterContent/Blueprints/Blueprint_CeilingLight.uasset"
[2016.11.13-20.54.28:716][  0]LogPackFactory: Copied "../../../Samples/StarterContent/Content/StarterContent/Blueprints/Blueprint_Effect_Explosion.uasset" to "../../../../project/jeuxVideo/jeux/Content/StarterContent/Blueprints/Blueprint_Effect_Explosion.uasset"
[2016.11.13-20.54.28:717][  0]LogPackFactory: Copied "../../../Samples/StarterContent/Content/StarterContent/Blueprints/Blueprint_Effect_Fire.uasset" to "../../../../project/jeuxVideo/jeux/Content/StarterContent/Blueprints/Blueprint_Effect_Fire.uasset"
[2016.11.13-20.54.28:718][  0]LogPackFactory: Copied "../../../Samples/StarterContent/Content/StarterContent/Blueprints/Blueprint_Effect_Smoke.uasset" to "../../../../project/jeuxVideo/jeux/Content/StarterContent/Blueprints/Blueprint_Effect_Smoke.uasset"
[2016.11.13-20.54.28:719][  0]LogPackFactory: Copied "../../../Samples/StarterContent/Content/StarterContent/Blueprints/Blueprint_Effect_Sparks.uasset" to "../../../../project/jeuxVideo/jeux/Content/StarterContent/Blueprints/Blueprint_Effect_Sparks.uasset"
[2016.11.13-20.54.28:721][  0]LogPackFactory: Copied "../../../Samples/StarterContent/Content/StarterContent/Blueprints/Blueprint_Effect_Steam.uasset" to "../../../../project/jeuxVideo/jeux/Content/StarterContent/Blueprints/Blueprint_Effect_Steam.uasset"
[2016.11.13-20.54.28:722][  0]LogPackFactory: Copied "../../../Samples/StarterContent/Content/StarterContent/Blueprints/Blueprint_WallSconce.uasset" to "../../../../project/jeuxVideo/jeux/Content/StarterContent/Blueprints/Blueprint_WallSconce.uasset"
[2016.11.13-20.54.28:723][  0]LogPackFactory: Copied "../../../Samples/StarterContent/Content/StarterContent/Blueprints/BP_LightStudio.uasset" to "../../../../project/jeuxVideo/jeux/Content/StarterContent/Blueprints/BP_LightStudio.uasset"
[2016.11.13-20.54.28:724][  0]LogPackFactory: Copied "../../../Samples/StarterContent/Content/StarterContent/Blueprints/Assets/FogBrightnessLUT.uasset" to "../../../../project/jeuxVideo/jeux/Content/StarterContent/Blueprints/Assets/FogBrightnessLUT.uasset"
[2016.11.13-20.54.28:726][  0]LogPackFactory: Copied "../../../Samples/StarterContent/Content/StarterContent/Blueprints/Assets/M_LightStage_Arrows.uasset" to "../../../../project/jeuxVideo/jeux/Content/StarterContent/Blueprints/Assets/M_LightStage_Arrows.uasset"
[2016.11.13-20.54.28:727][  0]LogPackFactory: Copied "../../../Samples/StarterContent/Content/StarterContent/Blueprints/Assets/M_LightStage_Skybox_Black.uasset" to "../../../../project/jeuxVideo/jeux/Content/StarterContent/Blueprints/Assets/M_LightStage_Skybox_Black.uasset"
[2016.11.13-20.54.28:728][  0]LogPackFactory: Copied "../../../Samples/StarterContent/Content/StarterContent/Blueprints/Assets/M_LightStage_Skybox_HDRI.uasset" to "../../../../project/jeuxVideo/jeux/Content/StarterContent/Blueprints/Assets/M_LightStage_Skybox_HDRI.uasset"
[2016.11.13-20.54.28:730][  0]LogPackFactory: Copied "../../../Samples/StarterContent/Content/StarterContent/Blueprints/Assets/M_LightStage_Skybox_Master.uasset" to "../../../../project/jeuxVideo/jeux/Content/StarterContent/Blueprints/Assets/M_LightStage_Skybox_Master.uasset"
[2016.11.13-20.54.28:731][  0]LogPackFactory: Copied "../../../Samples/StarterContent/Content/StarterContent/Blueprints/Assets/Skybox.uasset" to "../../../../project/jeuxVideo/jeux/Content/StarterContent/Blueprints/Assets/Skybox.uasset"
[2016.11.13-20.54.28:733][  0]LogPackFactory: Copied "../../../Samples/StarterContent/Content/StarterContent/Blueprints/Assets/SM_Arrows.uasset" to "../../../../project/jeuxVideo/jeux/Content/StarterContent/Blueprints/Assets/SM_Arrows.uasset"
[2016.11.13-20.54.28:735][  0]LogPackFactory: Copied "../../../Samples/StarterContent/Content/StarterContent/Blueprints/Assets/SunlightColorLUT.uasset" to "../../../../project/jeuxVideo/jeux/Content/StarterContent/Blueprints/Assets/SunlightColorLUT.uasset"
[2016.11.13-20.54.28:774][  0]LogPackFactory: Copied "../../../Samples/StarterContent/Content/StarterContent/HDRI/HDRI_Epic_Courtyard_Daylight.uasset" to "../../../../project/jeuxVideo/jeux/Content/StarterContent/HDRI/HDRI_Epic_Courtyard_Daylight.uasset"
[2016.11.13-20.54.28:776][  0]LogPackFactory: Copied "../../../Samples/StarterContent/Content/StarterContent/Maps/Advanced_Lighting.umap" to "../../../../project/jeuxVideo/jeux/Content/StarterContent/Maps/Advanced_Lighting.umap"
[2016.11.13-20.54.28:778][  0]LogPackFactory: Copied "../../../Samples/StarterContent/Content/StarterContent/Maps/Minimal_Default.umap" to "../../../../project/jeuxVideo/jeux/Content/StarterContent/Maps/Minimal_Default.umap"
[2016.11.13-20.54.28:789][  0]LogPackFactory: Copied "../../../Samples/StarterContent/Content/StarterContent/Maps/StarterMap.umap" to "../../../../project/jeuxVideo/jeux/Content/StarterContent/Maps/StarterMap.umap"
[2016.11.13-20.54.28:790][  0]LogPackFactory: Copied "../../../Samples/StarterContent/Content/StarterContent/Materials/M_AssetPlatform.uasset" to "../../../../project/jeuxVideo/jeux/Content/StarterContent/Materials/M_AssetPlatform.uasset"
[2016.11.13-20.54.28:791][  0]LogPackFactory: Copied "../../../Samples/StarterContent/Content/StarterContent/Materials/M_Basic_Floor.uasset" to "../../../../project/jeuxVideo/jeux/Content/StarterContent/Materials/M_Basic_Floor.uasset"
[2016.11.13-20.54.28:793][  0]LogPackFactory: Copied "../../../Samples/StarterContent/Content/StarterContent/Materials/M_Basic_Wall.uasset" to "../../../../project/jeuxVideo/jeux/Content/StarterContent/Materials/M_Basic_Wall.uasset"
[2016.11.13-20.54.28:794][  0]LogPackFactory: Copied "../../../Samples/StarterContent/Content/StarterContent/Materials/M_Brick_Clay_Beveled.uasset" to "../../../../project/jeuxVideo/jeux/Content/StarterContent/Materials/M_Brick_Clay_Beveled.uasset"
[2016.11.13-20.54.28:795][  0]LogPackFactory: Copied "../../../Samples/StarterContent/Content/StarterContent/Materials/M_Brick_Clay_New.uasset" to "../../../../project/jeuxVideo/jeux/Content/StarterContent/Materials/M_Brick_Clay_New.uasset"
[2016.11.13-20.54.28:796][  0]LogPackFactory: Copied "../../../Samples/StarterContent/Content/StarterContent/Materials/M_Brick_Clay_Old.uasset" to "../../../../project/jeuxVideo/jeux/Content/StarterContent/Materials/M_Brick_Clay_Old.uasset"
[2016.11.13-20.54.28:798][  0]LogPackFactory: Copied "../../../Samples/StarterContent/Content/StarterContent/Materials/M_Brick_Cut_Stone.uasset" to "../../../../project/jeuxVideo/jeux/Content/StarterContent/Materials/M_Brick_Cut_Stone.uasset"
[2016.11.13-20.54.28:799][  0]LogPackFactory: Copied "../../../Samples/StarterContent/Content/StarterContent/Materials/M_Brick_Hewn_Stone.uasset" to "../../../../project/jeuxVideo/jeux/Content/StarterContent/Materials/M_Brick_Hewn_Stone.uasset"
[2016.11.13-20.54.28:800][  0]LogPackFactory: Copied "../../../Samples/StarterContent/Content/StarterContent/Materials/M_Ceramic_Tile_Checker.uasset" to "../../../../project/jeuxVideo/jeux/Content/StarterContent/Materials/M_Ceramic_Tile_Checker.uasset"
[2016.11.13-20.54.28:801][  0]LogPackFactory: Copied "../../../Samples/StarterContent/Content/StarterContent/Materials/M_CobbleStone_Pebble.uasset" to "../../../../project/jeuxVideo/jeux/Content/StarterContent/Materials/M_CobbleStone_Pebble.uasset"
[2016.11.13-20.54.28:803][  0]LogPackFactory: Copied "../../../Samples/StarterContent/Content/StarterContent/Materials/M_CobbleStone_Rough.uasset" to "../../../../project/jeuxVideo/jeux/Content/StarterContent/Materials/M_CobbleStone_Rough.uasset"
[2016.11.13-20.54.28:804][  0]LogPackFactory: Copied "../../../Samples/StarterContent/Content/StarterContent/Materials/M_CobbleStone_Smooth.uasset" to "../../../../project/jeuxVideo/jeux/Content/StarterContent/Materials/M_CobbleStone_Smooth.uasset"
[2016.11.13-20.54.28:806][  0]LogPackFactory: Copied "../../../Samples/StarterContent/Content/StarterContent/Materials/M_ColorGrid_LowSpec.uasset" to "../../../../project/jeuxVideo/jeux/Content/StarterContent/Materials/M_ColorGrid_LowSpec.uasset"
[2016.11.13-20.54.28:807][  0]LogPackFactory: Copied "../../../Samples/StarterContent/Content/StarterContent/Materials/M_Concrete_Grime.uasset" to "../../../../project/jeuxVideo/jeux/Content/StarterContent/Materials/M_Concrete_Grime.uasset"
[2016.11.13-20.54.28:808][  0]LogPackFactory: Copied "../../../Samples/StarterContent/Content/StarterContent/Materials/M_Concrete_Panels.uasset" to "../../../../project/jeuxVideo/jeux/Content/StarterContent/Materials/M_Concrete_Panels.uasset"
[2016.11.13-20.54.28:810][  0]LogPackFactory: Copied "../../../Samples/StarterContent/Content/StarterContent/Materials/M_Concrete_Poured.uasset" to "../../../../project/jeuxVideo/jeux/Content/StarterContent/Materials/M_Concrete_Poured.uasset"
[2016.11.13-20.54.28:811][  0]LogPackFactory: Copied "../../../Samples/StarterContent/Content/StarterContent/Materials/M_Concrete_Tiles.uasset" to "../../../../project/jeuxVideo/jeux/Content/StarterContent/Materials/M_Concrete_Tiles.uasset"
[2016.11.13-20.54.28:812][  0]LogPackFactory: Copied "../../../Samples/StarterContent/Content/StarterContent/Materials/M_Glass.uasset" to "../../../../project/jeuxVideo/jeux/Content/StarterContent/Materials/M_Glass.uasset"
[2016.11.13-20.54.28:813][  0]LogPackFactory: Copied "../../../Samples/StarterContent/Content/StarterContent/Materials/M_Ground_Grass.uasset" to "../../../../project/jeuxVideo/jeux/Content/StarterContent/Materials/M_Ground_Grass.uasset"
[2016.11.13-20.54.28:815][  0]LogPackFactory: Copied "../../../Samples/StarterContent/Content/StarterContent/Materials/M_Ground_Gravel.uasset" to "../../../../project/jeuxVideo/jeux/Content/StarterContent/Materials/M_Ground_Gravel.uasset"
[2016.11.13-20.54.28:816][  0]LogPackFactory: Copied "../../../Samples/StarterContent/Content/StarterContent/Materials/M_Ground_Moss.uasset" to "../../../../project/jeuxVideo/jeux/Content/StarterContent/Materials/M_Ground_Moss.uasset"
[2016.11.13-20.54.28:817][  0]LogPackFactory: Copied "../../../Samples/StarterContent/Content/StarterContent/Materials/M_Metal_Brushed_Nickel.uasset" to "../../../../project/jeuxVideo/jeux/Content/StarterContent/Materials/M_Metal_Brushed_Nickel.uasset"
[2016.11.13-20.54.28:818][  0]LogPackFactory: Copied "../../../Samples/StarterContent/Content/StarterContent/Materials/M_Metal_Burnished_Steel.uasset" to "../../../../project/jeuxVideo/jeux/Content/StarterContent/Materials/M_Metal_Burnished_Steel.uasset"
[2016.11.13-20.54.28:820][  0]LogPackFactory: Copied "../../../Samples/StarterContent/Content/StarterContent/Materials/M_Metal_Chrome.uasset" to "../../../../project/jeuxVideo/jeux/Content/StarterContent/Materials/M_Metal_Chrome.uasset"
[2016.11.13-20.54.28:821][  0]LogPackFactory: Copied "../../../Samples/StarterContent/Content/StarterContent/Materials/M_Metal_Copper.uasset" to "../../../../project/jeuxVideo/jeux/Content/StarterContent/Materials/M_Metal_Copper.uasset"
[2016.11.13-20.54.28:822][  0]LogPackFactory: Copied "../../../Samples/StarterContent/Content/StarterContent/Materials/M_Metal_Gold.uasset" to "../../../../project/jeuxVideo/jeux/Content/StarterContent/Materials/M_Metal_Gold.uasset"
[2016.11.13-20.54.28:823][  0]LogPackFactory: Copied "../../../Samples/StarterContent/Content/StarterContent/Materials/M_Metal_Rust.uasset" to "../../../../project/jeuxVideo/jeux/Content/StarterContent/Materials/M_Metal_Rust.uasset"
[2016.11.13-20.54.28:825][  0]LogPackFactory: Copied "../../../Samples/StarterContent/Content/StarterContent/Materials/M_Metal_Steel.uasset" to "../../../../project/jeuxVideo/jeux/Content/StarterContent/Materials/M_Metal_Steel.uasset"
[2016.11.13-20.54.28:826][  0]LogPackFactory: Copied "../../../Samples/StarterContent/Content/StarterContent/Materials/M_Rock_Basalt.uasset" to "../../../../project/jeuxVideo/jeux/Content/StarterContent/Materials/M_Rock_Basalt.uasset"
[2016.11.13-20.54.28:827][  0]LogPackFactory: Copied "../../../Samples/StarterContent/Content/StarterContent/Materials/M_Rock_Marble_Polished.uasset" to "../../../../project/jeuxVideo/jeux/Content/StarterContent/Materials/M_Rock_Marble_Polished.uasset"
[2016.11.13-20.54.28:829][  0]LogPackFactory: Copied "../../../Samples/StarterContent/Content/StarterContent/Materials/M_Rock_Sandstone.uasset" to "../../../../project/jeuxVideo/jeux/Content/StarterContent/Materials/M_Rock_Sandstone.uasset"
[2016.11.13-20.54.28:830][  0]LogPackFactory: Copied "../../../Samples/StarterContent/Content/StarterContent/Materials/M_Rock_Slate.uasset" to "../../../../project/jeuxVideo/jeux/Content/StarterContent/Materials/M_Rock_Slate.uasset"
[2016.11.13-20.54.28:832][  0]LogPackFactory: Copied "../../../Samples/StarterContent/Content/StarterContent/Materials/M_Tech_Checker_Dot.uasset" to "../../../../project/jeuxVideo/jeux/Content/StarterContent/Materials/M_Tech_Checker_Dot.uasset"
[2016.11.13-20.54.28:833][  0]LogPackFactory: Copied "../../../Samples/StarterContent/Content/StarterContent/Materials/M_Tech_Hex_Tile.uasset" to "../../../../project/jeuxVideo/jeux/Content/StarterContent/Materials/M_Tech_Hex_Tile.uasset"
[2016.11.13-20.54.28:834][  0]LogPackFactory: Copied "../../../Samples/StarterContent/Content/StarterContent/Materials/M_Tech_Hex_Tile_Pulse.uasset" to "../../../../project/jeuxVideo/jeux/Content/StarterContent/Materials/M_Tech_Hex_Tile_Pulse.uasset"
[2016.11.13-20.54.28:836][  0]LogPackFactory: Copied "../../../Samples/StarterContent/Content/StarterContent/Materials/M_Tech_Panel.uasset" to "../../../../project/jeuxVideo/jeux/Content/StarterContent/Materials/M_Tech_Panel.uasset"
[2016.11.13-20.54.28:837][  0]LogPackFactory: Copied "../../../Samples/StarterContent/Content/StarterContent/Materials/M_Water_Lake.uasset" to "../../../../project/jeuxVideo/jeux/Content/StarterContent/Materials/M_Water_Lake.uasset"
[2016.11.13-20.54.28:838][  0]LogPackFactory: Copied "../../../Samples/StarterContent/Content/StarterContent/Materials/M_Water_Ocean.uasset" to "../../../../project/jeuxVideo/jeux/Content/StarterContent/Materials/M_Water_Ocean.uasset"
[2016.11.13-20.54.28:839][  0]LogPackFactory: Copied "../../../Samples/StarterContent/Content/StarterContent/Materials/M_Wood_Floor_Walnut_Polished.uasset" to "../../../../project/jeuxVideo/jeux/Content/StarterContent/Materials/M_Wood_Floor_Walnut_Polished.uasset"
[2016.11.13-20.54.28:840][  0]LogPackFactory: Copied "../../../Samples/StarterContent/Content/StarterContent/Materials/M_Wood_Floor_Walnut_Worn.uasset" to "../../../../project/jeuxVideo/jeux/Content/StarterContent/Materials/M_Wood_Floor_Walnut_Worn.uasset"
[2016.11.13-20.54.28:842][  0]LogPackFactory: Copied "../../../Samples/StarterContent/Content/StarterContent/Materials/M_Wood_Oak.uasset" to "../../../../project/jeuxVideo/jeux/Content/StarterContent/Materials/M_Wood_Oak.uasset"
[2016.11.13-20.54.28:843][  0]LogPackFactory: Copied "../../../Samples/StarterContent/Content/StarterContent/Materials/M_Wood_Pine.uasset" to "../../../../project/jeuxVideo/jeux/Content/StarterContent/Materials/M_Wood_Pine.uasset"
[2016.11.13-20.54.28:844][  0]LogPackFactory: Copied "../../../Samples/StarterContent/Content/StarterContent/Materials/M_Wood_Walnut.uasset" to "../../../../project/jeuxVideo/jeux/Content/StarterContent/Materials/M_Wood_Walnut.uasset"
[2016.11.13-20.54.28:846][  0]LogPackFactory: Copied "../../../Samples/StarterContent/Content/StarterContent/Particles/P_Ambient_Dust.uasset" to "../../../../project/jeuxVideo/jeux/Content/StarterContent/Particles/P_Ambient_Dust.uasset"
[2016.11.13-20.54.28:847][  0]LogPackFactory: Copied "../../../Samples/StarterContent/Content/StarterContent/Particles/P_Explosion.uasset" to "../../../../project/jeuxVideo/jeux/Content/StarterContent/Particles/P_Explosion.uasset"
[2016.11.13-20.54.28:848][  0]LogPackFactory: Copied "../../../Samples/StarterContent/Content/StarterContent/Particles/P_Fire.uasset" to "../../../../project/jeuxVideo/jeux/Content/StarterContent/Particles/P_Fire.uasset"
[2016.11.13-20.54.28:849][  0]LogPackFactory: Copied "../../../Samples/StarterContent/Content/StarterContent/Particles/P_Smoke.uasset" to "../../../../project/jeuxVideo/jeux/Content/StarterContent/Particles/P_Smoke.uasset"
[2016.11.13-20.54.28:850][  0]LogPackFactory: Copied "../../../Samples/StarterContent/Content/StarterContent/Particles/P_Sparks.uasset" to "../../../../project/jeuxVideo/jeux/Content/StarterContent/Particles/P_Sparks.uasset"
[2016.11.13-20.54.28:851][  0]LogPackFactory: Copied "../../../Samples/StarterContent/Content/StarterContent/Particles/P_Steam_Lit.uasset" to "../../../../project/jeuxVideo/jeux/Content/StarterContent/Particles/P_Steam_Lit.uasset"
[2016.11.13-20.54.28:853][  0]LogPackFactory: Copied "../../../Samples/StarterContent/Content/StarterContent/Particles/Materials/M_Burst.uasset" to "../../../../project/jeuxVideo/jeux/Content/StarterContent/Particles/Materials/M_Burst.uasset"
[2016.11.13-20.54.28:854][  0]LogPackFactory: Copied "../../../Samples/StarterContent/Content/StarterContent/Particles/Materials/M_Dust_Particle.uasset" to "../../../../project/jeuxVideo/jeux/Content/StarterContent/Particles/Materials/M_Dust_Particle.uasset"
[2016.11.13-20.54.28:855][  0]LogPackFactory: Copied "../../../Samples/StarterContent/Content/StarterContent/Particles/Materials/M_explosion_subUV.uasset" to "../../../../project/jeuxVideo/jeux/Content/StarterContent/Particles/Materials/M_explosion_subUV.uasset"
[2016.11.13-20.54.28:856][  0]LogPackFactory: Copied "../../../Samples/StarterContent/Content/StarterContent/Particles/Materials/M_Fire_SubUV.uasset" to "../../../../project/jeuxVideo/jeux/Content/StarterContent/Particles/Materials/M_Fire_SubUV.uasset"
[2016.11.13-20.54.28:858][  0]LogPackFactory: Copied "../../../Samples/StarterContent/Content/StarterContent/Particles/Materials/m_flare_01.uasset" to "../../../../project/jeuxVideo/jeux/Content/StarterContent/Particles/Materials/m_flare_01.uasset"
[2016.11.13-20.54.28:859][  0]LogPackFactory: Copied "../../../Samples/StarterContent/Content/StarterContent/Particles/Materials/M_Heat_Distortion.uasset" to "../../../../project/jeuxVideo/jeux/Content/StarterContent/Particles/Materials/M_Heat_Distortion.uasset"
[2016.11.13-20.54.28:860][  0]LogPackFactory: Copied "../../../Samples/StarterContent/Content/StarterContent/Particles/Materials/M_Radial_Gradient.uasset" to "../../../../project/jeuxVideo/jeux/Content/StarterContent/Particles/Materials/M_Radial_Gradient.uasset"
[2016.11.13-20.54.28:861][  0]LogPackFactory: Copied "../../../Samples/StarterContent/Content/StarterContent/Particles/Materials/M_radial_ramp.uasset" to "../../../../project/jeuxVideo/jeux/Content/StarterContent/Particles/Materials/M_radial_ramp.uasset"
[2016.11.13-20.54.28:862][  0]LogPackFactory: Copied "../../../Samples/StarterContent/Content/StarterContent/Particles/Materials/M_smoke_subUV.uasset" to "../../../../project/jeuxVideo/jeux/Content/StarterContent/Particles/Materials/M_smoke_subUV.uasset"
[2016.11.13-20.54.28:863][  0]LogPackFactory: Copied "../../../Samples/StarterContent/Content/StarterContent/Particles/Materials/M_Spark.uasset" to "../../../../project/jeuxVideo/jeux/Content/StarterContent/Particles/Materials/M_Spark.uasset"
[2016.11.13-20.54.28:865][  0]LogPackFactory: Copied "../../../Samples/StarterContent/Content/StarterContent/Props/MaterialSphere.uasset" to "../../../../project/jeuxVideo/jeux/Content/StarterContent/Props/MaterialSphere.uasset"
[2016.11.13-20.54.28:866][  0]LogPackFactory: Copied "../../../Samples/StarterContent/Content/StarterContent/Props/SM_Bush.uasset" to "../../../../project/jeuxVideo/jeux/Content/StarterContent/Props/SM_Bush.uasset"
[2016.11.13-20.54.28:867][  0]LogPackFactory: Copied "../../../Samples/StarterContent/Content/StarterContent/Props/SM_Chair.uasset" to "../../../../project/jeuxVideo/jeux/Content/StarterContent/Props/SM_Chair.uasset"
[2016.11.13-20.54.28:868][  0]LogPackFactory: Copied "../../../Samples/StarterContent/Content/StarterContent/Props/SM_CornerFrame.uasset" to "../../../../project/jeuxVideo/jeux/Content/StarterContent/Props/SM_CornerFrame.uasset"
[2016.11.13-20.54.28:869][  0]LogPackFactory: Copied "../../../Samples/StarterContent/Content/StarterContent/Props/SM_Couch.uasset" to "../../../../project/jeuxVideo/jeux/Content/StarterContent/Props/SM_Couch.uasset"
[2016.11.13-20.54.28:871][  0]LogPackFactory: Copied "../../../Samples/StarterContent/Content/StarterContent/Props/SM_Door.uasset" to "../../../../project/jeuxVideo/jeux/Content/StarterContent/Props/SM_Door.uasset"
[2016.11.13-20.54.28:872][  0]LogPackFactory: Copied "../../../Samples/StarterContent/Content/StarterContent/Props/SM_DoorFrame.uasset" to "../../../../project/jeuxVideo/jeux/Content/StarterContent/Props/SM_DoorFrame.uasset"
[2016.11.13-20.54.28:873][  0]LogPackFactory: Copied "../../../Samples/StarterContent/Content/StarterContent/Props/SM_GlassWindow.uasset" to "../../../../project/jeuxVideo/jeux/Content/StarterContent/Props/SM_GlassWindow.uasset"
[2016.11.13-20.54.28:874][  0]LogPackFactory: Copied "../../../Samples/StarterContent/Content/StarterContent/Props/SM_Lamp_Ceiling.uasset" to "../../../../project/jeuxVideo/jeux/Content/StarterContent/Props/SM_Lamp_Ceiling.uasset"
[2016.11.13-20.54.28:876][  0]LogPackFactory: Copied "../../../Samples/StarterContent/Content/StarterContent/Props/SM_Lamp_Wall.uasset" to "../../../../project/jeuxVideo/jeux/Content/StarterContent/Props/SM_Lamp_Wall.uasset"
[2016.11.13-20.54.28:878][  0]LogPackFactory: Copied "../../../Samples/StarterContent/Content/StarterContent/Props/SM_MatPreviewMesh_02.uasset" to "../../../../project/jeuxVideo/jeux/Content/StarterContent/Props/SM_MatPreviewMesh_02.uasset"
[2016.11.13-20.54.28:879][  0]LogPackFactory: Copied "../../../Samples/StarterContent/Content/StarterContent/Props/SM_PillarFrame.uasset" to "../../../../project/jeuxVideo/jeux/Content/StarterContent/Props/SM_PillarFrame.uasset"
[2016.11.13-20.54.28:880][  0]LogPackFactory: Copied "../../../Samples/StarterContent/Content/StarterContent/Props/SM_PillarFrame300.uasset" to "../../../../project/jeuxVideo/jeux/Content/StarterContent/Props/SM_PillarFrame300.uasset"
[2016.11.13-20.54.28:882][  0]LogPackFactory: Copied "../../../Samples/StarterContent/Content/StarterContent/Props/SM_Rock.uasset" to "../../../../project/jeuxVideo/jeux/Content/StarterContent/Props/SM_Rock.uasset"
[2016.11.13-20.54.28:883][  0]LogPackFactory: Copied "../../../Samples/StarterContent/Content/StarterContent/Props/SM_Shelf.uasset" to "../../../../project/jeuxVideo/jeux/Content/StarterContent/Props/SM_Shelf.uasset"
[2016.11.13-20.54.28:884][  0]LogPackFactory: Copied "../../../Samples/StarterContent/Content/StarterContent/Props/SM_Stairs.uasset" to "../../../../project/jeuxVideo/jeux/Content/StarterContent/Props/SM_Stairs.uasset"
[2016.11.13-20.54.28:885][  0]LogPackFactory: Copied "../../../Samples/StarterContent/Content/StarterContent/Props/SM_Statue.uasset" to "../../../../project/jeuxVideo/jeux/Content/StarterContent/Props/SM_Statue.uasset"
[2016.11.13-20.54.28:887][  0]LogPackFactory: Copied "../../../Samples/StarterContent/Content/StarterContent/Props/SM_TableRound.uasset" to "../../../../project/jeuxVideo/jeux/Content/StarterContent/Props/SM_TableRound.uasset"
[2016.11.13-20.54.28:888][  0]LogPackFactory: Copied "../../../Samples/StarterContent/Content/StarterContent/Props/SM_WindowFrame.uasset" to "../../../../project/jeuxVideo/jeux/Content/StarterContent/Props/SM_WindowFrame.uasset"
[2016.11.13-20.54.28:889][  0]LogPackFactory: Copied "../../../Samples/StarterContent/Content/StarterContent/Props/Materials/M_Bush.uasset" to "../../../../project/jeuxVideo/jeux/Content/StarterContent/Props/Materials/M_Bush.uasset"
[2016.11.13-20.54.28:890][  0]LogPackFactory: Copied "../../../Samples/StarterContent/Content/StarterContent/Props/Materials/M_Chair.uasset" to "../../../../project/jeuxVideo/jeux/Content/StarterContent/Props/Materials/M_Chair.uasset"
[2016.11.13-20.54.28:892][  0]LogPackFactory: Copied "../../../Samples/StarterContent/Content/StarterContent/Props/Materials/M_Door.uasset" to "../../../../project/jeuxVideo/jeux/Content/StarterContent/Props/Materials/M_Door.uasset"
[2016.11.13-20.54.28:893][  0]LogPackFactory: Copied "../../../Samples/StarterContent/Content/StarterContent/Props/Materials/M_Frame.uasset" to "../../../../project/jeuxVideo/jeux/Content/StarterContent/Props/Materials/M_Frame.uasset"
[2016.11.13-20.54.28:894][  0]LogPackFactory: Copied "../../../Samples/StarterContent/Content/StarterContent/Props/Materials/M_Lamp.uasset" to "../../../../project/jeuxVideo/jeux/Content/StarterContent/Props/Materials/M_Lamp.uasset"
[2016.11.13-20.54.28:895][  0]LogPackFactory: Copied "../../../Samples/StarterContent/Content/StarterContent/Props/Materials/M_MaterialSphere.uasset" to "../../../../project/jeuxVideo/jeux/Content/StarterContent/Props/Materials/M_MaterialSphere.uasset"
[2016.11.13-20.54.28:896][  0]LogPackFactory: Copied "../../../Samples/StarterContent/Content/StarterContent/Props/Materials/M_MaterialSphere_Plain.uasset" to "../../../../project/jeuxVideo/jeux/Content/StarterContent/Props/Materials/M_MaterialSphere_Plain.uasset"
[2016.11.13-20.54.28:897][  0]LogPackFactory: Copied "../../../Samples/StarterContent/Content/StarterContent/Props/Materials/M_Rock.uasset" to "../../../../project/jeuxVideo/jeux/Content/StarterContent/Props/Materials/M_Rock.uasset"
[2016.11.13-20.54.28:899][  0]LogPackFactory: Copied "../../../Samples/StarterContent/Content/StarterContent/Props/Materials/M_Shelf.uasset" to "../../../../project/jeuxVideo/jeux/Content/StarterContent/Props/Materials/M_Shelf.uasset"
[2016.11.13-20.54.28:900][  0]LogPackFactory: Copied "../../../Samples/StarterContent/Content/StarterContent/Props/Materials/M_Statue.uasset" to "../../../../project/jeuxVideo/jeux/Content/StarterContent/Props/Materials/M_Statue.uasset"
[2016.11.13-20.54.28:901][  0]LogPackFactory: Copied "../../../Samples/StarterContent/Content/StarterContent/Props/Materials/M_StatueGlass.uasset" to "../../../../project/jeuxVideo/jeux/Content/StarterContent/Props/Materials/M_StatueGlass.uasset"
[2016.11.13-20.54.28:902][  0]LogPackFactory: Copied "../../../Samples/StarterContent/Content/StarterContent/Props/Materials/M_TableRound.uasset" to "../../../../project/jeuxVideo/jeux/Content/StarterContent/Props/Materials/M_TableRound.uasset"
[2016.11.13-20.54.28:904][  0]LogPackFactory: Copied "../../../Samples/StarterContent/Content/StarterContent/Shapes/Shape_Cone.uasset" to "../../../../project/jeuxVideo/jeux/Content/StarterContent/Shapes/Shape_Cone.uasset"
[2016.11.13-20.54.28:905][  0]LogPackFactory: Copied "../../../Samples/StarterContent/Content/StarterContent/Shapes/Shape_Cube.uasset" to "../../../../project/jeuxVideo/jeux/Content/StarterContent/Shapes/Shape_Cube.uasset"
[2016.11.13-20.54.28:906][  0]LogPackFactory: Copied "../../../Samples/StarterContent/Content/StarterContent/Shapes/Shape_Cylinder.uasset" to "../../../../project/jeuxVideo/jeux/Content/StarterContent/Shapes/Shape_Cylinder.uasset"
[2016.11.13-20.54.28:907][  0]LogPackFactory: Copied "../../../Samples/StarterContent/Content/StarterContent/Shapes/Shape_NarrowCapsule.uasset" to "../../../../project/jeuxVideo/jeux/Content/StarterContent/Shapes/Shape_NarrowCapsule.uasset"
[2016.11.13-20.54.28:908][  0]LogPackFactory: Copied "../../../Samples/StarterContent/Content/StarterContent/Shapes/Shape_Pipe.uasset" to "../../../../project/jeuxVideo/jeux/Content/StarterContent/Shapes/Shape_Pipe.uasset"
[2016.11.13-20.54.28:910][  0]LogPackFactory: Copied "../../../Samples/StarterContent/Content/StarterContent/Shapes/Shape_Pipe_180.uasset" to "../../../../project/jeuxVideo/jeux/Content/StarterContent/Shapes/Shape_Pipe_180.uasset"
[2016.11.13-20.54.28:911][  0]LogPackFactory: Copied "../../../Samples/StarterContent/Content/StarterContent/Shapes/Shape_Pipe_90.uasset" to "../../../../project/jeuxVideo/jeux/Content/StarterContent/Shapes/Shape_Pipe_90.uasset"
[2016.11.13-20.54.28:912][  0]LogPackFactory: Copied "../../../Samples/StarterContent/Content/StarterContent/Shapes/Shape_Plane.uasset" to "../../../../project/jeuxVideo/jeux/Content/StarterContent/Shapes/Shape_Plane.uasset"
[2016.11.13-20.54.28:913][  0]LogPackFactory: Copied "../../../Samples/StarterContent/Content/StarterContent/Shapes/Shape_QuadPyramid.uasset" to "../../../../project/jeuxVideo/jeux/Content/StarterContent/Shapes/Shape_QuadPyramid.uasset"
[2016.11.13-20.54.28:914][  0]LogPackFactory: Copied "../../../Samples/StarterContent/Content/StarterContent/Shapes/Shape_Sphere.uasset" to "../../../../project/jeuxVideo/jeux/Content/StarterContent/Shapes/Shape_Sphere.uasset"
[2016.11.13-20.54.28:915][  0]LogPackFactory: Copied "../../../Samples/StarterContent/Content/StarterContent/Shapes/Shape_Torus.uasset" to "../../../../project/jeuxVideo/jeux/Content/StarterContent/Shapes/Shape_Torus.uasset"
[2016.11.13-20.54.28:917][  0]LogPackFactory: Copied "../../../Samples/StarterContent/Content/StarterContent/Shapes/Shape_Trim.uasset" to "../../../../project/jeuxVideo/jeux/Content/StarterContent/Shapes/Shape_Trim.uasset"
[2016.11.13-20.54.28:918][  0]LogPackFactory: Copied "../../../Samples/StarterContent/Content/StarterContent/Shapes/Shape_Trim_90_In.uasset" to "../../../../project/jeuxVideo/jeux/Content/StarterContent/Shapes/Shape_Trim_90_In.uasset"
[2016.11.13-20.54.28:919][  0]LogPackFactory: Copied "../../../Samples/StarterContent/Content/StarterContent/Shapes/Shape_Trim_90_Out.uasset" to "../../../../project/jeuxVideo/jeux/Content/StarterContent/Shapes/Shape_Trim_90_Out.uasset"
[2016.11.13-20.54.28:920][  0]LogPackFactory: Copied "../../../Samples/StarterContent/Content/StarterContent/Shapes/Shape_TriPyramid.uasset" to "../../../../project/jeuxVideo/jeux/Content/StarterContent/Shapes/Shape_TriPyramid.uasset"
[2016.11.13-20.54.28:921][  0]LogPackFactory: Copied "../../../Samples/StarterContent/Content/StarterContent/Shapes/Shape_Tube.uasset" to "../../../../project/jeuxVideo/jeux/Content/StarterContent/Shapes/Shape_Tube.uasset"
[2016.11.13-20.54.28:922][  0]LogPackFactory: Copied "../../../Samples/StarterContent/Content/StarterContent/Shapes/Shape_Wedge_A.uasset" to "../../../../project/jeuxVideo/jeux/Content/StarterContent/Shapes/Shape_Wedge_A.uasset"
[2016.11.13-20.54.28:923][  0]LogPackFactory: Copied "../../../Samples/StarterContent/Content/StarterContent/Shapes/Shape_Wedge_B.uasset" to "../../../../project/jeuxVideo/jeux/Content/StarterContent/Shapes/Shape_Wedge_B.uasset"
[2016.11.13-20.54.28:925][  0]LogPackFactory: Copied "../../../Samples/StarterContent/Content/StarterContent/Shapes/Shape_WideCapsule.uasset" to "../../../../project/jeuxVideo/jeux/Content/StarterContent/Shapes/Shape_WideCapsule.uasset"
[2016.11.13-20.54.28:930][  0]LogPackFactory: Copied "../../../Samples/StarterContent/Content/StarterContent/Textures/T_Brick_Clay_Beveled_D.uasset" to "../../../../project/jeuxVideo/jeux/Content/StarterContent/Textures/T_Brick_Clay_Beveled_D.uasset"
[2016.11.13-20.54.28:936][  0]LogPackFactory: Copied "../../../Samples/StarterContent/Content/StarterContent/Textures/T_Brick_Clay_Beveled_M.uasset" to "../../../../project/jeuxVideo/jeux/Content/StarterContent/Textures/T_Brick_Clay_Beveled_M.uasset"
[2016.11.13-20.54.28:941][  0]LogPackFactory: Copied "../../../Samples/StarterContent/Content/StarterContent/Textures/T_Brick_Clay_Beveled_N.uasset" to "../../../../project/jeuxVideo/jeux/Content/StarterContent/Textures/T_Brick_Clay_Beveled_N.uasset"
[2016.11.13-20.54.28:945][  0]LogPackFactory: Copied "../../../Samples/StarterContent/Content/StarterContent/Textures/T_Brick_Clay_New_D.uasset" to "../../../../project/jeuxVideo/jeux/Content/StarterContent/Textures/T_Brick_Clay_New_D.uasset"
[2016.11.13-20.54.28:951][  0]LogPackFactory: Copied "../../../Samples/StarterContent/Content/StarterContent/Textures/T_Brick_Clay_New_M.uasset" to "../../../../project/jeuxVideo/jeux/Content/StarterContent/Textures/T_Brick_Clay_New_M.uasset"
[2016.11.13-20.54.28:956][  0]LogPackFactory: Copied "../../../Samples/StarterContent/Content/StarterContent/Textures/T_Brick_Clay_New_N.uasset" to "../../../../project/jeuxVideo/jeux/Content/StarterContent/Textures/T_Brick_Clay_New_N.uasset"
[2016.11.13-20.54.28:964][  0]LogPackFactory: Copied "../../../Samples/StarterContent/Content/StarterContent/Textures/T_Brick_Clay_Old_D.uasset" to "../../../../project/jeuxVideo/jeux/Content/StarterContent/Textures/T_Brick_Clay_Old_D.uasset"
[2016.11.13-20.54.28:969][  0]LogPackFactory: Copied "../../../Samples/StarterContent/Content/StarterContent/Textures/T_Brick_Clay_Old_N.uasset" to "../../../../project/jeuxVideo/jeux/Content/StarterContent/Textures/T_Brick_Clay_Old_N.uasset"
[2016.11.13-20.54.28:978][  0]LogPackFactory: Copied "../../../Samples/StarterContent/Content/StarterContent/Textures/T_Brick_Cut_Stone_D.uasset" to "../../../../project/jeuxVideo/jeux/Content/StarterContent/Textures/T_Brick_Cut_Stone_D.uasset"
[2016.11.13-20.54.28:983][  0]LogPackFactory: Copied "../../../Samples/StarterContent/Content/StarterContent/Textures/T_Brick_Cut_Stone_N.uasset" to "../../../../project/jeuxVideo/jeux/Content/StarterContent/Textures/T_Brick_Cut_Stone_N.uasset"
[2016.11.13-20.54.28:987][  0]LogPackFactory: Copied "../../../Samples/StarterContent/Content/StarterContent/Textures/T_Brick_Hewn_Stone_D.uasset" to "../../../../project/jeuxVideo/jeux/Content/StarterContent/Textures/T_Brick_Hewn_Stone_D.uasset"
[2016.11.13-20.54.28:992][  0]LogPackFactory: Copied "../../../Samples/StarterContent/Content/StarterContent/Textures/T_Brick_Hewn_Stone_M.uasset" to "../../../../project/jeuxVideo/jeux/Content/StarterContent/Textures/T_Brick_Hewn_Stone_M.uasset"
[2016.11.13-20.54.28:998][  0]LogPackFactory: Copied "../../../Samples/StarterContent/Content/StarterContent/Textures/T_Brick_Hewn_Stone_N.uasset" to "../../../../project/jeuxVideo/jeux/Content/StarterContent/Textures/T_Brick_Hewn_Stone_N.uasset"
[2016.11.13-20.54.28:999][  0]LogPackFactory: Copied "../../../Samples/StarterContent/Content/StarterContent/Textures/T_Burst_M.uasset" to "../../../../project/jeuxVideo/jeux/Content/StarterContent/Textures/T_Burst_M.uasset"
[2016.11.13-20.54.29:001][  0]LogPackFactory: Copied "../../../Samples/StarterContent/Content/StarterContent/Textures/T_Bush_D.uasset" to "../../../../project/jeuxVideo/jeux/Content/StarterContent/Textures/T_Bush_D.uasset"
[2016.11.13-20.54.29:002][  0]LogPackFactory: Copied "../../../Samples/StarterContent/Content/StarterContent/Textures/T_Bush_N.uasset" to "../../../../project/jeuxVideo/jeux/Content/StarterContent/Textures/T_Bush_N.uasset"
[2016.11.13-20.54.29:003][  0]LogPackFactory: Copied "../../../Samples/StarterContent/Content/StarterContent/Textures/T_Ceramic_Tile_M.uasset" to "../../../../project/jeuxVideo/jeux/Content/StarterContent/Textures/T_Ceramic_Tile_M.uasset"
[2016.11.13-20.54.29:004][  0]LogPackFactory: Copied "../../../Samples/StarterContent/Content/StarterContent/Textures/T_Ceramic_Tile_N.uasset" to "../../../../project/jeuxVideo/jeux/Content/StarterContent/Textures/T_Ceramic_Tile_N.uasset"
[2016.11.13-20.54.29:006][  0]LogPackFactory: Copied "../../../Samples/StarterContent/Content/StarterContent/Textures/T_Chair_M.uasset" to "../../../../project/jeuxVideo/jeux/Content/StarterContent/Textures/T_Chair_M.uasset"
[2016.11.13-20.54.29:008][  0]LogPackFactory: Copied "../../../Samples/StarterContent/Content/StarterContent/Textures/T_Chair_N.uasset" to "../../../../project/jeuxVideo/jeux/Content/StarterContent/Textures/T_Chair_N.uasset"
[2016.11.13-20.54.29:010][  0]LogPackFactory: Copied "../../../Samples/StarterContent/Content/StarterContent/Textures/T_Checker_Noise_M.uasset" to "../../../../project/jeuxVideo/jeux/Content/StarterContent/Textures/T_Checker_Noise_M.uasset"
[2016.11.13-20.54.29:017][  0]LogPackFactory: Copied "../../../Samples/StarterContent/Content/StarterContent/Textures/T_CobbleStone_Pebble_D.uasset" to "../../../../project/jeuxVideo/jeux/Content/StarterContent/Textures/T_CobbleStone_Pebble_D.uasset"
[2016.11.13-20.54.29:018][  0]LogPackFactory: Copied "../../../Samples/StarterContent/Content/StarterContent/Textures/T_CobbleStone_Pebble_M.uasset" to "../../../../project/jeuxVideo/jeux/Content/StarterContent/Textures/T_CobbleStone_Pebble_M.uasset"
[2016.11.13-20.54.29:026][  0]LogPackFactory: Copied "../../../Samples/StarterContent/Content/StarterContent/Textures/T_CobbleStone_Pebble_N.uasset" to "../../../../project/jeuxVideo/jeux/Content/StarterContent/Textures/T_CobbleStone_Pebble_N.uasset"
[2016.11.13-20.54.29:029][  0]LogPackFactory: Copied "../../../Samples/StarterContent/Content/StarterContent/Textures/T_CobbleStone_Rough_D.uasset" to "../../../../project/jeuxVideo/jeux/Content/StarterContent/Textures/T_CobbleStone_Rough_D.uasset"
[2016.11.13-20.54.29:033][  0]LogPackFactory: Copied "../../../Samples/StarterContent/Content/StarterContent/Textures/T_CobbleStone_Rough_N.uasset" to "../../../../project/jeuxVideo/jeux/Content/StarterContent/Textures/T_CobbleStone_Rough_N.uasset"
[2016.11.13-20.54.29:037][  0]LogPackFactory: Copied "../../../Samples/StarterContent/Content/StarterContent/Textures/T_CobbleStone_Smooth_D.uasset" to "../../../../project/jeuxVideo/jeux/Content/StarterContent/Textures/T_CobbleStone_Smooth_D.uasset"
[2016.11.13-20.54.29:042][  0]LogPackFactory: Copied "../../../Samples/StarterContent/Content/StarterContent/Textures/T_CobbleStone_Smooth_M.uasset" to "../../../../project/jeuxVideo/jeux/Content/StarterContent/Textures/T_CobbleStone_Smooth_M.uasset"
[2016.11.13-20.54.29:048][  0]LogPackFactory: Copied "../../../Samples/StarterContent/Content/StarterContent/Textures/T_CobbleStone_Smooth_N.uasset" to "../../../../project/jeuxVideo/jeux/Content/StarterContent/Textures/T_CobbleStone_Smooth_N.uasset"
[2016.11.13-20.54.29:054][  0]LogPackFactory: Copied "../../../Samples/StarterContent/Content/StarterContent/Textures/T_Concrete_Grime_D.uasset" to "../../../../project/jeuxVideo/jeux/Content/StarterContent/Textures/T_Concrete_Grime_D.uasset"
[2016.11.13-20.54.29:060][  0]LogPackFactory: Copied "../../../Samples/StarterContent/Content/StarterContent/Textures/T_Concrete_Panels_D.uasset" to "../../../../project/jeuxVideo/jeux/Content/StarterContent/Textures/T_Concrete_Panels_D.uasset"
[2016.11.13-20.54.29:064][  0]LogPackFactory: Copied "../../../Samples/StarterContent/Content/StarterContent/Textures/T_Concrete_Panels_N.uasset" to "../../../../project/jeuxVideo/jeux/Content/StarterContent/Textures/T_Concrete_Panels_N.uasset"
[2016.11.13-20.54.29:072][  0]LogPackFactory: Copied "../../../Samples/StarterContent/Content/StarterContent/Textures/T_Concrete_Poured_D.uasset" to "../../../../project/jeuxVideo/jeux/Content/StarterContent/Textures/T_Concrete_Poured_D.uasset"
[2016.11.13-20.54.29:077][  0]LogPackFactory: Copied "../../../Samples/StarterContent/Content/StarterContent/Textures/T_Concrete_Poured_N.uasset" to "../../../../project/jeuxVideo/jeux/Content/StarterContent/Textures/T_Concrete_Poured_N.uasset"
[2016.11.13-20.54.29:081][  0]LogPackFactory: Copied "../../../Samples/StarterContent/Content/StarterContent/Textures/T_Concrete_Tiles_D.uasset" to "../../../../project/jeuxVideo/jeux/Content/StarterContent/Textures/T_Concrete_Tiles_D.uasset"
[2016.11.13-20.54.29:085][  0]LogPackFactory: Copied "../../../Samples/StarterContent/Content/StarterContent/Textures/T_Concrete_Tiles_M.uasset" to "../../../../project/jeuxVideo/jeux/Content/StarterContent/Textures/T_Concrete_Tiles_M.uasset"
[2016.11.13-20.54.29:089][  0]LogPackFactory: Copied "../../../Samples/StarterContent/Content/StarterContent/Textures/T_Concrete_Tiles_N.uasset" to "../../../../project/jeuxVideo/jeux/Content/StarterContent/Textures/T_Concrete_Tiles_N.uasset"
[2016.11.13-20.54.29:090][  0]LogPackFactory: Copied "../../../Samples/StarterContent/Content/StarterContent/Textures/T_Concrete_Tiles_Variation_M.uasset" to "../../../../project/jeuxVideo/jeux/Content/StarterContent/Textures/T_Concrete_Tiles_Variation_M.uasset"
[2016.11.13-20.54.29:093][  0]LogPackFactory: Copied "../../../Samples/StarterContent/Content/StarterContent/Textures/T_Detail_Rocky_N.uasset" to "../../../../project/jeuxVideo/jeux/Content/StarterContent/Textures/T_Detail_Rocky_N.uasset"
[2016.11.13-20.54.29:095][  0]LogPackFactory: Copied "../../../Samples/StarterContent/Content/StarterContent/Textures/T_Door_M.uasset" to "../../../../project/jeuxVideo/jeux/Content/StarterContent/Textures/T_Door_M.uasset"
[2016.11.13-20.54.29:096][  0]LogPackFactory: Copied "../../../Samples/StarterContent/Content/StarterContent/Textures/T_Door_N.uasset" to "../../../../project/jeuxVideo/jeux/Content/StarterContent/Textures/T_Door_N.uasset"
[2016.11.13-20.54.29:097][  0]LogPackFactory: Copied "../../../Samples/StarterContent/Content/StarterContent/Textures/T_Dust_Particle_D.uasset" to "../../../../project/jeuxVideo/jeux/Content/StarterContent/Textures/T_Dust_Particle_D.uasset"
[2016.11.13-20.54.29:100][  0]LogPackFactory: Copied "../../../Samples/StarterContent/Content/StarterContent/Textures/T_Explosion_SubUV.uasset" to "../../../../project/jeuxVideo/jeux/Content/StarterContent/Textures/T_Explosion_SubUV.uasset"
[2016.11.13-20.54.29:101][  0]LogPackFactory: Copied "../../../Samples/StarterContent/Content/StarterContent/Textures/T_Fire_SubUV.uasset" to "../../../../project/jeuxVideo/jeux/Content/StarterContent/Textures/T_Fire_SubUV.uasset"
[2016.11.13-20.54.29:103][  0]LogPackFactory: Copied "../../../Samples/StarterContent/Content/StarterContent/Textures/T_Fire_Tiled_D.uasset" to "../../../../project/jeuxVideo/jeux/Content/StarterContent/Textures/T_Fire_Tiled_D.uasset"
[2016.11.13-20.54.29:104][  0]LogPackFactory: Copied "../../../Samples/StarterContent/Content/StarterContent/Textures/T_Frame_M.uasset" to "../../../../project/jeuxVideo/jeux/Content/StarterContent/Textures/T_Frame_M.uasset"
[2016.11.13-20.54.29:106][  0]LogPackFactory: Copied "../../../Samples/StarterContent/Content/StarterContent/Textures/T_Frame_N.uasset" to "../../../../project/jeuxVideo/jeux/Content/StarterContent/Textures/T_Frame_N.uasset"
[2016.11.13-20.54.29:107][  0]LogPackFactory: Copied "../../../Samples/StarterContent/Content/StarterContent/Textures/T_Gradinet_01.uasset" to "../../../../project/jeuxVideo/jeux/Content/StarterContent/Textures/T_Gradinet_01.uasset"
[2016.11.13-20.54.29:114][  0]LogPackFactory: Copied "../../../Samples/StarterContent/Content/StarterContent/Textures/T_Ground_Grass_D.uasset" to "../../../../project/jeuxVideo/jeux/Content/StarterContent/Textures/T_Ground_Grass_D.uasset"
[2016.11.13-20.54.29:121][  0]LogPackFactory: Copied "../../../Samples/StarterContent/Content/StarterContent/Textures/T_Ground_Grass_N.uasset" to "../../../../project/jeuxVideo/jeux/Content/StarterContent/Textures/T_Ground_Grass_N.uasset"
[2016.11.13-20.54.29:128][  0]LogPackFactory: Copied "../../../Samples/StarterContent/Content/StarterContent/Textures/T_Ground_Gravel_D.uasset" to "../../../../project/jeuxVideo/jeux/Content/StarterContent/Textures/T_Ground_Gravel_D.uasset"
[2016.11.13-20.54.29:133][  0]LogPackFactory: Copied "../../../Samples/StarterContent/Content/StarterContent/Textures/T_Ground_Gravel_N.uasset" to "../../../../project/jeuxVideo/jeux/Content/StarterContent/Textures/T_Ground_Gravel_N.uasset"
[2016.11.13-20.54.29:141][  0]LogPackFactory: Copied "../../../Samples/StarterContent/Content/StarterContent/Textures/T_ground_Moss_D.uasset" to "../../../../project/jeuxVideo/jeux/Content/StarterContent/Textures/T_ground_Moss_D.uasset"
[2016.11.13-20.54.29:146][  0]LogPackFactory: Copied "../../../Samples/StarterContent/Content/StarterContent/Textures/T_Ground_Moss_N.uasset" to "../../../../project/jeuxVideo/jeux/Content/StarterContent/Textures/T_Ground_Moss_N.uasset"
[2016.11.13-20.54.29:148][  0]LogPackFactory: Copied "../../../Samples/StarterContent/Content/StarterContent/Textures/T_Lamp_M.uasset" to "../../../../project/jeuxVideo/jeux/Content/StarterContent/Textures/T_Lamp_M.uasset"
[2016.11.13-20.54.29:150][  0]LogPackFactory: Copied "../../../Samples/StarterContent/Content/StarterContent/Textures/T_Lamp_N.uasset" to "../../../../project/jeuxVideo/jeux/Content/StarterContent/Textures/T_Lamp_N.uasset"
[2016.11.13-20.54.29:157][  0]LogPackFactory: Copied "../../../Samples/StarterContent/Content/StarterContent/Textures/T_MacroVariation.uasset" to "../../../../project/jeuxVideo/jeux/Content/StarterContent/Textures/T_MacroVariation.uasset"
[2016.11.13-20.54.29:163][  0]LogPackFactory: Copied "../../../Samples/StarterContent/Content/StarterContent/Textures/T_Metal_Aluminum_D.uasset" to "../../../../project/jeuxVideo/jeux/Content/StarterContent/Textures/T_Metal_Aluminum_D.uasset"
[2016.11.13-20.54.29:181][  0]LogPackFactory: Copied "../../../Samples/StarterContent/Content/StarterContent/Textures/T_Metal_Copper_D.uasset" to "../../../../project/jeuxVideo/jeux/Content/StarterContent/Textures/T_Metal_Copper_D.uasset"
[2016.11.13-20.54.29:187][  0]LogPackFactory: Copied "../../../Samples/StarterContent/Content/StarterContent/Textures/T_Metal_Gold_D.uasset" to "../../../../project/jeuxVideo/jeux/Content/StarterContent/Textures/T_Metal_Gold_D.uasset"
[2016.11.13-20.54.29:190][  0]LogPackFactory: Copied "../../../Samples/StarterContent/Content/StarterContent/Textures/T_Metal_Gold_N.uasset" to "../../../../project/jeuxVideo/jeux/Content/StarterContent/Textures/T_Metal_Gold_N.uasset"
[2016.11.13-20.54.29:196][  0]LogPackFactory: Copied "../../../Samples/StarterContent/Content/StarterContent/Textures/T_Metal_Rust_D.uasset" to "../../../../project/jeuxVideo/jeux/Content/StarterContent/Textures/T_Metal_Rust_D.uasset"
[2016.11.13-20.54.29:200][  0]LogPackFactory: Copied "../../../Samples/StarterContent/Content/StarterContent/Textures/T_Metal_Rust_N.uasset" to "../../../../project/jeuxVideo/jeux/Content/StarterContent/Textures/T_Metal_Rust_N.uasset"
[2016.11.13-20.54.29:203][  0]LogPackFactory: Copied "../../../Samples/StarterContent/Content/StarterContent/Textures/T_Metal_Steel_D.uasset" to "../../../../project/jeuxVideo/jeux/Content/StarterContent/Textures/T_Metal_Steel_D.uasset"
[2016.11.13-20.54.29:207][  0]LogPackFactory: Copied "../../../Samples/StarterContent/Content/StarterContent/Textures/T_Metal_Steel_N.uasset" to "../../../../project/jeuxVideo/jeux/Content/StarterContent/Textures/T_Metal_Steel_N.uasset"
[2016.11.13-20.54.29:213][  0]LogPackFactory: Copied "../../../Samples/StarterContent/Content/StarterContent/Textures/T_Perlin_Noise_M.uasset" to "../../../../project/jeuxVideo/jeux/Content/StarterContent/Textures/T_Perlin_Noise_M.uasset"
[2016.11.13-20.54.29:216][  0]LogPackFactory: Copied "../../../Samples/StarterContent/Content/StarterContent/Textures/T_RockMesh_M.uasset" to "../../../../project/jeuxVideo/jeux/Content/StarterContent/Textures/T_RockMesh_M.uasset"
[2016.11.13-20.54.29:220][  0]LogPackFactory: Copied "../../../Samples/StarterContent/Content/StarterContent/Textures/T_RockMesh_N.uasset" to "../../../../project/jeuxVideo/jeux/Content/StarterContent/Textures/T_RockMesh_N.uasset"
[2016.11.13-20.54.29:226][  0]LogPackFactory: Copied "../../../Samples/StarterContent/Content/StarterContent/Textures/T_Rock_Basalt_D.uasset" to "../../../../project/jeuxVideo/jeux/Content/StarterContent/Textures/T_Rock_Basalt_D.uasset"
[2016.11.13-20.54.29:231][  0]LogPackFactory: Copied "../../../Samples/StarterContent/Content/StarterContent/Textures/T_Rock_Basalt_N.uasset" to "../../../../project/jeuxVideo/jeux/Content/StarterContent/Textures/T_Rock_Basalt_N.uasset"
[2016.11.13-20.54.29:235][  0]LogPackFactory: Copied "../../../Samples/StarterContent/Content/StarterContent/Textures/T_Rock_Marble_Polished_D.uasset" to "../../../../project/jeuxVideo/jeux/Content/StarterContent/Textures/T_Rock_Marble_Polished_D.uasset"
[2016.11.13-20.54.29:241][  0]LogPackFactory: Copied "../../../Samples/StarterContent/Content/StarterContent/Textures/T_Rock_Sandstone_D.uasset" to "../../../../project/jeuxVideo/jeux/Content/StarterContent/Textures/T_Rock_Sandstone_D.uasset"
[2016.11.13-20.54.29:247][  0]LogPackFactory: Copied "../../../Samples/StarterContent/Content/StarterContent/Textures/T_Rock_Sandstone_N.uasset" to "../../../../project/jeuxVideo/jeux/Content/StarterContent/Textures/T_Rock_Sandstone_N.uasset"
[2016.11.13-20.54.29:255][  0]LogPackFactory: Copied "../../../Samples/StarterContent/Content/StarterContent/Textures/T_Rock_Slate_D.uasset" to "../../../../project/jeuxVideo/jeux/Content/StarterContent/Textures/T_Rock_Slate_D.uasset"
[2016.11.13-20.54.29:261][  0]LogPackFactory: Copied "../../../Samples/StarterContent/Content/StarterContent/Textures/T_Rock_Slate_N.uasset" to "../../../../project/jeuxVideo/jeux/Content/StarterContent/Textures/T_Rock_Slate_N.uasset"
[2016.11.13-20.54.29:267][  0]LogPackFactory: Copied "../../../Samples/StarterContent/Content/StarterContent/Textures/T_Rock_Smooth_Granite_D.uasset" to "../../../../project/jeuxVideo/jeux/Content/StarterContent/Textures/T_Rock_Smooth_Granite_D.uasset"
[2016.11.13-20.54.29:268][  0]LogPackFactory: Copied "../../../Samples/StarterContent/Content/StarterContent/Textures/T_Shelf_M.uasset" to "../../../../project/jeuxVideo/jeux/Content/StarterContent/Textures/T_Shelf_M.uasset"
[2016.11.13-20.54.29:271][  0]LogPackFactory: Copied "../../../Samples/StarterContent/Content/StarterContent/Textures/T_Shelf_N.uasset" to "../../../../project/jeuxVideo/jeux/Content/StarterContent/Textures/T_Shelf_N.uasset"
[2016.11.13-20.54.29:272][  0]LogPackFactory: Copied "../../../Samples/StarterContent/Content/StarterContent/Textures/T_Single_Tile_N.uasset" to "../../../../project/jeuxVideo/jeux/Content/StarterContent/Textures/T_Single_Tile_N.uasset"
[2016.11.13-20.54.29:275][  0]LogPackFactory: Copied "../../../Samples/StarterContent/Content/StarterContent/Textures/T_Smoke_SubUV.uasset" to "../../../../project/jeuxVideo/jeux/Content/StarterContent/Textures/T_Smoke_SubUV.uasset"
[2016.11.13-20.54.29:276][  0]LogPackFactory: Copied "../../../Samples/StarterContent/Content/StarterContent/Textures/T_Smoke_Tiled_D.uasset" to "../../../../project/jeuxVideo/jeux/Content/StarterContent/Textures/T_Smoke_Tiled_D.uasset"
[2016.11.13-20.54.29:278][  0]LogPackFactory: Copied "../../../Samples/StarterContent/Content/StarterContent/Textures/T_Spark_Core.uasset" to "../../../../project/jeuxVideo/jeux/Content/StarterContent/Textures/T_Spark_Core.uasset"
[2016.11.13-20.54.29:279][  0]LogPackFactory: Copied "../../../Samples/StarterContent/Content/StarterContent/Textures/T_Statue_M.uasset" to "../../../../project/jeuxVideo/jeux/Content/StarterContent/Textures/T_Statue_M.uasset"
[2016.11.13-20.54.29:281][  0]LogPackFactory: Copied "../../../Samples/StarterContent/Content/StarterContent/Textures/T_Statue_N.uasset" to "../../../../project/jeuxVideo/jeux/Content/StarterContent/Textures/T_Statue_N.uasset"
[2016.11.13-20.54.29:283][  0]LogPackFactory: Copied "../../../Samples/StarterContent/Content/StarterContent/Textures/T_TableRound_M.uasset" to "../../../../project/jeuxVideo/jeux/Content/StarterContent/Textures/T_TableRound_M.uasset"
[2016.11.13-20.54.29:285][  0]LogPackFactory: Copied "../../../Samples/StarterContent/Content/StarterContent/Textures/T_TableRound_N.uasset" to "../../../../project/jeuxVideo/jeux/Content/StarterContent/Textures/T_TableRound_N.uasset"
[2016.11.13-20.54.29:286][  0]LogPackFactory: Copied "../../../Samples/StarterContent/Content/StarterContent/Textures/T_Tech_Dot_M.uasset" to "../../../../project/jeuxVideo/jeux/Content/StarterContent/Textures/T_Tech_Dot_M.uasset"
[2016.11.13-20.54.29:287][  0]LogPackFactory: Copied "../../../Samples/StarterContent/Content/StarterContent/Textures/T_Tech_Dot_N.uasset" to "../../../../project/jeuxVideo/jeux/Content/StarterContent/Textures/T_Tech_Dot_N.uasset"
[2016.11.13-20.54.29:289][  0]LogPackFactory: Copied "../../../Samples/StarterContent/Content/StarterContent/Textures/T_Tech_Hex_Tile_M.uasset" to "../../../../project/jeuxVideo/jeux/Content/StarterContent/Textures/T_Tech_Hex_Tile_M.uasset"
[2016.11.13-20.54.29:291][  0]LogPackFactory: Copied "../../../Samples/StarterContent/Content/StarterContent/Textures/T_Tech_Hex_Tile_N.uasset" to "../../../../project/jeuxVideo/jeux/Content/StarterContent/Textures/T_Tech_Hex_Tile_N.uasset"
[2016.11.13-20.54.29:293][  0]LogPackFactory: Copied "../../../Samples/StarterContent/Content/StarterContent/Textures/T_Tech_Panel_M.uasset" to "../../../../project/jeuxVideo/jeux/Content/StarterContent/Textures/T_Tech_Panel_M.uasset"
[2016.11.13-20.54.29:295][  0]LogPackFactory: Copied "../../../Samples/StarterContent/Content/StarterContent/Textures/T_Tech_Panel_N.uasset" to "../../../../project/jeuxVideo/jeux/Content/StarterContent/Textures/T_Tech_Panel_N.uasset"
[2016.11.13-20.54.29:297][  0]LogPackFactory: Copied "../../../Samples/StarterContent/Content/StarterContent/Textures/T_Water_M.uasset" to "../../../../project/jeuxVideo/jeux/Content/StarterContent/Textures/T_Water_M.uasset"
[2016.11.13-20.54.29:300][  0]LogPackFactory: Copied "../../../Samples/StarterContent/Content/StarterContent/Textures/T_Water_N.uasset" to "../../../../project/jeuxVideo/jeux/Content/StarterContent/Textures/T_Water_N.uasset"
[2016.11.13-20.54.29:303][  0]LogPackFactory: Copied "../../../Samples/StarterContent/Content/StarterContent/Textures/T_Wood_Floor_Walnut_D.uasset" to "../../../../project/jeuxVideo/jeux/Content/StarterContent/Textures/T_Wood_Floor_Walnut_D.uasset"
[2016.11.13-20.54.29:307][  0]LogPackFactory: Copied "../../../Samples/StarterContent/Content/StarterContent/Textures/T_Wood_Floor_Walnut_M.uasset" to "../../../../project/jeuxVideo/jeux/Content/StarterContent/Textures/T_Wood_Floor_Walnut_M.uasset"
[2016.11.13-20.54.29:311][  0]LogPackFactory: Copied "../../../Samples/StarterContent/Content/StarterContent/Textures/T_Wood_Floor_Walnut_N.uasset" to "../../../../project/jeuxVideo/jeux/Content/StarterContent/Textures/T_Wood_Floor_Walnut_N.uasset"
[2016.11.13-20.54.29:315][  0]LogPackFactory: Copied "../../../Samples/StarterContent/Content/StarterContent/Textures/T_Wood_Oak_D.uasset" to "../../../../project/jeuxVideo/jeux/Content/StarterContent/Textures/T_Wood_Oak_D.uasset"
[2016.11.13-20.54.29:319][  0]LogPackFactory: Copied "../../../Samples/StarterContent/Content/StarterContent/Textures/T_Wood_Oak_N.uasset" to "../../../../project/jeuxVideo/jeux/Content/StarterContent/Textures/T_Wood_Oak_N.uasset"
[2016.11.13-20.54.29:329][  0]LogPackFactory: Copied "../../../Samples/StarterContent/Content/StarterContent/Textures/T_Wood_Pine_D.uasset" to "../../../../project/jeuxVideo/jeux/Content/StarterContent/Textures/T_Wood_Pine_D.uasset"
[2016.11.13-20.54.29:332][  0]LogPackFactory: Copied "../../../Samples/StarterContent/Content/StarterContent/Textures/T_Wood_Pine_N.uasset" to "../../../../project/jeuxVideo/jeux/Content/StarterContent/Textures/T_Wood_Pine_N.uasset"
[2016.11.13-20.54.29:336][  0]LogPackFactory: Copied "../../../Samples/StarterContent/Content/StarterContent/Textures/T_Wood_Walnut_D.uasset" to "../../../../project/jeuxVideo/jeux/Content/StarterContent/Textures/T_Wood_Walnut_D.uasset"
[2016.11.13-20.54.29:339][  0]LogPackFactory: Copied "../../../Samples/StarterContent/Content/StarterContent/Textures/T_Wood_Walnut_N.uasset" to "../../../../project/jeuxVideo/jeux/Content/StarterContent/Textures/T_Wood_Walnut_N.uasset"
[2016.11.13-20.54.29:401][  0]LogRenderer: Reallocating scene render targets to support 256x256 (Frame:2).
[2016.11.13-20.54.29:443][  0]Cmd: OBJ SAVEPACKAGE PACKAGE="/Game/StarterContent/Architecture/Floor_400x400" FILE="../../../../project/jeuxVideo/jeux/Content/StarterContent/Architecture/Floor_400x400.uasset" SILENT=true
[2016.11.13-20.54.29:456][  0]LogSavePackage: Save=9.26ms
[2016.11.13-20.54.29:456][  0]LogSavePackage: Moving '../../../../project/jeuxVideo/jeux/Saved/Floor_400x400356DE4DD457502CE01C216B5D069CE3C.tmp' to '../../../../project/jeuxVideo/jeux/Content/StarterContent/Architecture/Floor_400x400.uasset'
[2016.11.13-20.54.29:459][  0]LogSavePackage:Display: Finished SavePackage ../../../../project/jeuxVideo/jeux/Content/StarterContent/Architecture/Floor_400x400.uasset
[2016.11.13-20.54.29:459][  0]LogFeaturePack:Warning: Inserted 1 feature packs
[2016.11.13-20.54.29:460][  0]Cmd: MAP LOAD FILE="../../../../project/jeuxVideo/jeux/Content/ThirdPersonBP/Maps/ThirdPersonExampleMap.umap" TEMPLATE=0 SHOWPROGRESS=1 FEATURELEVEL=3
[2016.11.13-20.54.29:461][  0]LightingResults: New page: Lighting Build
[2016.11.13-20.54.29:463][  0]MapCheck: New page: Map Check
[2016.11.13-20.54.29:463][  0]LightingResults: New page: Lighting Build
[2016.11.13-20.54.29:788][  0]LogTexture:Display: Building textures: HQ_Lightmap2_1 (AutoDXT)
[2016.11.13-20.54.29:939][  0]LogTexture:Display: Building textures: HQ_Lightmap2_2 (AutoDXT)
[2016.11.13-20.54.30:023][  0]LogTexture:Display: Building textures: HQ_Lightmap2_3 (AutoDXT)
[2016.11.13-20.54.30:045][  0]LogTexture:Display: Building textures: HQ_Lightmap2_4 (AutoDXT)
[2016.11.13-20.54.30:066][  0]LogTexture:Display: Building textures: HQ_Lightmap2_5 (AutoDXT)
[2016.11.13-20.54.30:085][  0]LogTexture:Display: Building textures: HQ_Lightmap2_6 (AutoDXT)
[2016.11.13-20.54.30:095][  0]LogTexture:Display: Building textures: LQ_Lightmap_0_1 (DXT1)
[2016.11.13-20.54.30:159][  0]LogTexture:Display: Building textures: LQ_Lightmap_0_2 (DXT1)
[2016.11.13-20.54.30:205][  0]LogTexture:Display: Building textures: LQ_Lightmap_0_3 (DXT1)
[2016.11.13-20.54.30:218][  0]LogTexture:Display: Building textures: LQ_Lightmap_0_4 (DXT1)
[2016.11.13-20.54.30:229][  0]LogTexture:Display: Building textures: LQ_Lightmap_0_5 (DXT1)
[2016.11.13-20.54.30:238][  0]LogTexture:Display: Building textures: LQ_Lightmap_0_6 (DXT1)
[2016.11.13-20.54.30:246][  0]LogTexture:Display: Building textures: SkyOcclusion0_1 (AutoDXT)
[2016.11.13-20.54.30:318][  0]LogTexture:Display: Building textures: SkyOcclusion0_2 (AutoDXT)
[2016.11.13-20.54.30:360][  0]LogTexture:Display: Building textures: SkyOcclusion0_3 (AutoDXT)
[2016.11.13-20.54.30:372][  0]LogTexture:Display: Building textures: SkyOcclusion0_4 (AutoDXT)
[2016.11.13-20.54.30:384][  0]LogTexture:Display: Building textures: SkyOcclusion0_5 (AutoDXT)
[2016.11.13-20.54.30:397][  0]LogTexture:Display: Building textures: SkyOcclusion0_6 (AutoDXT)
[2016.11.13-20.54.30:407][  0]LogTexture:Display: Building textures: ShadowMapTexture2D_12 (G8)
[2016.11.13-20.54.30:424][  0]LogTexture:Display: Building textures: ShadowMapTexture2D_13 (G8)
[2016.11.13-20.54.30:438][  0]LogTexture:Display: Building textures: ShadowMapTexture2D_14 (G8)
[2016.11.13-20.54.30:442][  0]LogTexture:Display: Building textures: ShadowMapTexture2D_15 (G8)
[2016.11.13-20.54.30:446][  0]LogTexture:Display: Building textures: ShadowMapTexture2D_16 (G8)
[2016.11.13-20.54.30:449][  0]LogTexture:Display: Building textures: ShadowMapTexture2D_17 (G8)
[2016.11.13-20.54.31:596][  0]LogAIModule: Creating AISystem for world ThirdPersonExampleMap
[2016.11.13-20.54.31:604][  0]LogEditorServer: Finished looking for orphan Actors (0.000 secs)
[2016.11.13-20.54.31:604][  0]Cmd: MAP CHECKDEP NOCLEARLOG
[2016.11.13-20.54.31:694][  0]MapCheck: Info Map check complete: 0 Error(s), 0 Warning(s), took 89.686ms to complete.
[2016.11.13-20.54.31:694][  0]LogFileHelpers: Loading map 'ThirdPersonExampleMap' took 2.233
[2016.11.13-20.54.31:805][  0]LogCollectionManager: Loaded 0 collections in 0.001570 seconds
[2016.11.13-20.54.31:956][  0]LogFileCache: Scanning file cache for directory 'W:/Program Files (x86)/Epic Games/project/jeuxVideo/jeux/Saved/Collections/' took 0.01s
[2016.11.13-20.54.31:956][  0]LogFileCache: Scanning file cache for directory 'W:/Program Files (x86)/Epic Games/project/jeuxVideo/jeux/Content/Developers/mike/Collections/' took 0.01s
[2016.11.13-20.54.31:956][  0]LogFileCache: Scanning file cache for directory 'W:/Program Files (x86)/Epic