Log file open, 12/17/16 19:21:21
LogInit:Display: Running engine for game: jeux
LogPlatformFile: Not using cached read wrapper
LogInit:Display: RandInit(332507929) SRandInit(332507929).
LogTaskGraph: Started task graph with 5 named threads and 8 total threads with 1 sets of task threads.
LogStats: Stats thread started at 0.091314
LogPluginManager: Loaded Plugin Paper2D, From E:/Epic Games/4.13/Engine/Plugins/2D/Paper2D/Paper2D.uplugin
LogPluginManager: Loaded Plugin LightPropagationVolume, From E:/Epic Games/4.13/Engine/Plugins/Blendables/LightPropagationVolume/LightPropagationVolume.uplugin
LogPluginManager: Loaded Plugin BlankPlugin, From E:/Epic Games/4.13/Engine/Plugins/Developer/BlankPlugin/BlankPlugin.uplugin
LogPluginManager: Loaded Plugin CodeLiteSourceCodeAccess, From E:/Epic Games/4.13/Engine/Plugins/Developer/CodeLiteSourceCodeAccess/CodeLiteSourceCodeAccess.uplugin
LogPluginManager: Loaded Plugin GitSourceControl, From E:/Epic Games/4.13/Engine/Plugins/Developer/GitSourceControl/GitSourceControl.uplugin
LogPluginManager: Loaded Plugin KDevelopSourceCodeAccess, From E:/Epic Games/4.13/Engine/Plugins/Developer/KDevelopSourceCodeAccess/KDevelopSourceCodeAccess.uplugin
LogPluginManager: Loaded Plugin NullSourceCodeAccess, From E:/Epic Games/4.13/Engine/Plugins/Developer/NullSourceCodeAccess/NullSourceCodeAccess.uplugin
LogPluginManager: Loaded Plugin OneSkyLocalizationService, From E:/Epic Games/4.13/Engine/Plugins/Developer/OneSkyLocalizationService/OneSkyLocalizationService.uplugin
LogPluginManager: Loaded Plugin PerforceSourceControl, From E:/Epic Games/4.13/Engine/Plugins/Developer/PerforceSourceControl/PerforceSourceControl.uplugin
LogPluginManager: Loaded Plugin SubversionSourceControl, From E:/Epic Games/4.13/Engine/Plugins/Developer/SubversionSourceControl/SubversionSourceControl.uplugin
LogPluginManager: Loaded Plugin UObjectPlugin, From E:/Epic Games/4.13/Engine/Plugins/Developer/UObjectPlugin/UObjectPlugin.uplugin
LogPluginManager: Loaded Plugin VisualStudioSourceCodeAccess, From E:/Epic Games/4.13/Engine/Plugins/Developer/VisualStudioSourceCodeAccess/VisualStudioSourceCodeAccess.uplugin
LogPluginManager: Loaded Plugin XCodeSourceCodeAccess, From E:/Epic Games/4.13/Engine/Plugins/Developer/XCodeSourceCodeAccess/XCodeSourceCodeAccess.uplugin
LogPluginManager: Loaded Plugin EpicSurvey, From E:/Epic Games/4.13/Engine/Plugins/Editor/EpicSurvey/EpicSurvey.uplugin
LogPluginManager: Loaded Plugin MacGraphicsSwitching, From E:/Epic Games/4.13/Engine/Plugins/Editor/MacGraphicsSwitching/MacGraphicsSwitching.uplugin
LogPluginManager: Loaded Plugin MobileLauncherProfileWizard, From E:/Epic Games/4.13/Engine/Plugins/Editor/MobileLauncherProfileWizard/MobileLauncherProfileWizard.uplugin
LogPluginManager: Loaded Plugin PluginBrowser, From E:/Epic Games/4.13/Engine/Plugins/Editor/PluginBrowser/PluginBrowser.uplugin
LogPluginManager: Loaded Plugin SpeedTreeImporter, From E:/Epic Games/4.13/Engine/Plugins/Editor/SpeedTreeImporter/SpeedTreeImporter.uplugin
LogPluginManager: Loaded Plugin SuperSearchEditor, From E:/Epic Games/4.13/Engine/Plugins/Editor/SuperSearchEditor/SuperSearchEditor.uplugin
LogPluginManager: Loaded Plugin AlembicImporter, From E:/Epic Games/4.13/Engine/Plugins/Experimental/AlembicImporter/AlembicImporter.uplugin
LogPluginManager: Loaded Plugin BlueprintStats, From E:/Epic Games/4.13/Engine/Plugins/Experimental/BlueprintStats/BlueprintStats.uplugin
LogPluginManager: Loaded Plugin CharacterAI, From E:/Epic Games/4.13/Engine/Plugins/Experimental/CharacterAI/CharacterAI.uplugin
LogPluginManager: Loaded Plugin CodeEditor, From E:/Epic Games/4.13/Engine/Plugins/Experimental/CodeEditor/CodeEditor.uplugin
LogPluginManager: Loaded Plugin CodeView, From E:/Epic Games/4.13/Engine/Plugins/Experimental/CodeView/CodeView.uplugin
LogPluginManager: Loaded Plugin HTML5Networking, From E:/Epic Games/4.13/Engine/Plugins/Experimental/HTML5Networking/HTML5Networking.uplugin
LogPluginManager: Loaded Plugin LiveEditor, From E:/Epic Games/4.13/Engine/Plugins/Experimental/LiveEditor/LiveEditor.uplugin
LogPluginManager: Loaded Plugin OSVR, From E:/Epic Games/4.13/Engine/Plugins/Experimental/OSVR/OSVR.uplugin
LogPluginManager: Loaded Plugin Phya, From E:/Epic Games/4.13/Engine/Plugins/Experimental/Phya/Phya.uplugin
LogPluginManager: Loaded Plugin SignificanceManager, From E:/Epic Games/4.13/Engine/Plugins/Experimental/SignificanceManager/SignificanceManager.uplugin
LogPluginManager: Loaded Plugin SimpleHMD, From E:/Epic Games/4.13/Engine/Plugins/Experimental/SimpleHMD/SimpleHMD.uplugin
LogPluginManager: Loaded Plugin StereoPanorama, From E:/Epic Games/4.13/Engine/Plugins/Experimental/StereoPanorama/StereoPanorama.uplugin
LogPluginManager: Loaded Plugin StructBox, From E:/Epic Games/4.13/Engine/Plugins/Experimental/StructBox/StructBox.uplugin
LogPluginManager: Loaded Plugin AndroidMedia, From E:/Epic Games/4.13/Engine/Plugins/Media/AndroidMedia/AndroidMedia.uplugin
LogPluginManager: Loaded Plugin AvfMedia, From E:/Epic Games/4.13/Engine/Plugins/Media/AvfMedia/AvfMedia.uplugin
LogPluginManager: Loaded Plugin MediaPlayerEditor, From E:/Epic Games/4.13/Engine/Plugins/Media/MediaPlayerEditor/MediaPlayerEditor.uplugin
LogPluginManager: Loaded Plugin WmfMedia, From E:/Epic Games/4.13/Engine/Plugins/Media/WmfMedia/WmfMedia.uplugin
LogPluginManager: Loaded Plugin MessagingDebugger, From E:/Epic Games/4.13/Engine/Plugins/Messaging/MessagingDebugger/MessagingDebugger.uplugin
LogPluginManager: Loaded Plugin TcpMessaging, From E:/Epic Games/4.13/Engine/Plugins/Messaging/TcpMessaging/TcpMessaging.uplugin
LogPluginManager: Loaded Plugin UdpMessaging, From E:/Epic Games/4.13/Engine/Plugins/Messaging/UdpMessaging/UdpMessaging.uplugin
LogPluginManager: Loaded Plugin LevelSequenceEditor, From E:/Epic Games/4.13/Engine/Plugins/MovieScene/LevelSequenceEditor/LevelSequenceEditor.uplugin
LogPluginManager: Loaded Plugin MatineeToLevelSequence, From E:/Epic Games/4.13/Engine/Plugins/MovieScene/MatineeToLevelSequence/MatineeToLevelSequence.uplugin
LogPluginManager: Loaded Plugin NetcodeUnitTest, From E:/Epic Games/4.13/Engine/Plugins/NetcodeUnitTest/NetcodeUnitTest/NetcodeUnitTest.uplugin
LogPluginManager: Loaded Plugin NUTUnrealEngine4, From E:/Epic Games/4.13/Engine/Plugins/NetcodeUnitTest/NUTUnrealEngine4/NUTUnrealEngine4.uplugin
LogPluginManager: Loaded Plugin OnlineSubsystemGooglePlay, From E:/Epic Games/4.13/Engine/Plugins/Online/Android/OnlineSubsystemGooglePlay/OnlineSubsystemGooglePlay.uplugin
LogPluginManager: Loaded Plugin OnlineSubsystemIOS, From E:/Epic Games/4.13/Engine/Plugins/Online/IOS/OnlineSubsystemIOS/OnlineSubsystemIOS.uplugin
LogPluginManager: Loaded Plugin OnlineFramework, From E:/Epic Games/4.13/Engine/Plugins/Online/OnlineFramework/OnlineFramework.uplugin
LogPluginManager: Loaded Plugin OnlineSubsystem, From E:/Epic Games/4.13/Engine/Plugins/Online/OnlineSubsystem/OnlineSubsystem.uplugin
LogPluginManager: Loaded Plugin OnlineSubsystemAmazon, From E:/Epic Games/4.13/Engine/Plugins/Online/OnlineSubsystemAmazon/OnlineSubsystemAmazon.uplugin
LogPluginManager: Loaded Plugin OnlineSubsystemFacebook, From E:/Epic Games/4.13/Engine/Plugins/Online/OnlineSubsystemFacebook/OnlineSubsystemFacebook.uplugin
LogPluginManager: Loaded Plugin OnlineSubsystemNull, From E:/Epic Games/4.13/Engine/Plugins/Online/OnlineSubsystemNull/OnlineSubsystemNull.uplugin
LogPluginManager: Loaded Plugin OnlineSubsystemOculus, From E:/Epic Games/4.13/Engine/Plugins/Online/OnlineSubsystemOculus/OnlineSubsystemOculus.uplugin
LogPluginManager: Loaded Plugin OnlineSubsystemSteam, From E:/Epic Games/4.13/Engine/Plugins/Online/OnlineSubsystemSteam/OnlineSubsystemSteam.uplugin
LogPluginManager: Loaded Plugin OnlineSubsystemUtils, From E:/Epic Games/4.13/Engine/Plugins/Online/OnlineSubsystemUtils/OnlineSubsystemUtils.uplugin
LogPluginManager: Loaded Plugin IOSTapJoy, From E:/Epic Games/4.13/Engine/Plugins/Runtime/Advertising/IOSTapJoy/IOSTapJoy.uplugin
LogPluginManager: Loaded Plugin AnalyticsBlueprintLibrary, From E:/Epic Games/4.13/Engine/Plugins/Runtime/Analytics/AnalyticsBlueprintLibrary/AnalyticsBlueprintLibrary.uplugin
LogPluginManager: Loaded Plugin AnalyticsMulticast, From E:/Epic Games/4.13/Engine/Plugins/Runtime/Analytics/AnalyticsMulticast/AnalyticsMulticast.uplugin
LogPluginManager: Loaded Plugin Apsalar, From E:/Epic Games/4.13/Engine/Plugins/Runtime/Analytics/Apsalar/Apsalar.uplugin
LogPluginManager: Loaded Plugin FileLogging, From E:/Epic Games/4.13/Engine/Plugins/Runtime/Analytics/FileLogging/FileLogging.uplugin
LogPluginManager: Loaded Plugin Flurry, From E:/Epic Games/4.13/Engine/Plugins/Runtime/Analytics/Flurry/Flurry.uplugin
LogPluginManager: Loaded Plugin AndroidDeviceProfileSelector, From E:/Epic Games/4.13/Engine/Plugins/Runtime/AndroidDeviceProfileSelector/AndroidDeviceProfileSelector.uplugin
LogPluginManager: Loaded Plugin AndroidMoviePlayer, From E:/Epic Games/4.13/Engine/Plugins/Runtime/AndroidMoviePlayer/AndroidMoviePlayer.uplugin
LogPluginManager: Loaded Plugin AppleMoviePlayer, From E:/Epic Games/4.13/Engine/Plugins/Runtime/AppleMoviePlayer/AppleMoviePlayer.uplugin
LogPluginManager: Loaded Plugin ArchVisCharacter, From E:/Epic Games/4.13/Engine/Plugins/Runtime/ArchVisCharacter/ArchVisCharacter.uplugin
LogPluginManager: Loaded Plugin CableComponent, From E:/Epic Games/4.13/Engine/Plugins/Runtime/CableComponent/CableComponent.uplugin
LogPluginManager: Loaded Plugin CustomMeshComponent, From E:/Epic Games/4.13/Engine/Plugins/Runtime/CustomMeshComponent/CustomMeshComponent.uplugin
LogPluginManager: Loaded Plugin ExampleDeviceProfileSelector, From E:/Epic Games/4.13/Engine/Plugins/Runtime/ExampleDeviceProfileSelector/ExampleDeviceProfileSelector.uplugin
LogPluginManager: Loaded Plugin GearVR, From E:/Epic Games/4.13/Engine/Plugins/Runtime/GearVR/GearVR.uplugin
LogPluginManager: Loaded Plugin GoogleVRController, From E:/Epic Games/4.13/Engine/Plugins/Runtime/GoogleVR/GoogleVRController/GoogleVRController.uplugin
LogPluginManager: Loaded Plugin GoogleVRHMD, From E:/Epic Games/4.13/Engine/Plugins/Runtime/GoogleVR/GoogleVRHMD/GoogleVRHMD.uplugin
LogPluginManager: Loaded Plugin IOSDeviceProfileSelector, From E:/Epic Games/4.13/Engine/Plugins/Runtime/IOSDeviceProfileSelector/IOSDeviceProfileSelector.uplugin
LogPluginManager: Loaded Plugin LeapMotion, From E:/Epic Games/4.13/Engine/Plugins/Runtime/LeapMotion/LeapMotion.uplugin
LogPluginManager: Loaded Plugin LinuxDeviceProfileSelector, From E:/Epic Games/4.13/Engine/Plugins/Runtime/LinuxDeviceProfileSelector/LinuxDeviceProfileSelector.uplugin
LogPluginManager: Loaded Plugin LiveEditorListenServer, From E:/Epic Games/4.13/Engine/Plugins/Runtime/LiveEditorListenServer/LiveEditorListenServer.uplugin
LogPluginManager: Loaded Plugin OculusAudio, From E:/Epic Games/4.13/Engine/Plugins/Runtime/OculusAudio/OculusAudio.uplugin
LogPluginManager: Loaded Plugin OculusInput, From E:/Epic Games/4.13/Engine/Plugins/Runtime/OculusInput/OculusInput.uplugin
LogPluginManager: Loaded Plugin OculusLibrary, From E:/Epic Games/4.13/Engine/Plugins/Runtime/OculusLibrary/OculusLibrary.uplugin
LogPluginManager: Loaded Plugin OculusRift, From E:/Epic Games/4.13/Engine/Plugins/Runtime/OculusRift/OculusRift.uplugin
LogPluginManager: Loaded Plugin Oodle, From E:/Epic Games/4.13/Engine/Plugins/Runtime/PacketHandlers/CompressionComponents/Oodle/Oodle.uplugin
LogPluginManager: Loaded Plugin ProceduralMeshComponent, From E:/Epic Games/4.13/Engine/Plugins/Runtime/ProceduralMeshComponent/ProceduralMeshComponent.uplugin
LogPluginManager: Loaded Plugin SoundMod, From E:/Epic Games/4.13/Engine/Plugins/Runtime/SoundMod/SoundMod.uplugin
LogPluginManager: Loaded Plugin SoundVisualizations, From E:/Epic Games/4.13/Engine/Plugins/Runtime/SoundVisualizations/SoundVisualizations.uplugin
LogPluginManager: Loaded Plugin SteamController, From E:/Epic Games/4.13/Engine/Plugins/Runtime/Steam/SteamController/SteamController.uplugin
LogPluginManager: Loaded Plugin SteamVR, From E:/Epic Games/4.13/Engine/Plugins/Runtime/Steam/SteamVR/SteamVR.uplugin
LogPluginManager: Loaded Plugin WebBrowserWidget, From E:/Epic Games/4.13/Engine/Plugins/Runtime/WebBrowserWidget/WebBrowserWidget.uplugin
LogPluginManager: Loaded Plugin WindowsDeviceProfileSelector, From E:/Epic Games/4.13/Engine/Plugins/Runtime/WindowsDeviceProfileSelector/WindowsDeviceProfileSelector.uplugin
LogPluginManager: Loaded Plugin WindowsMoviePlayer, From E:/Epic Games/4.13/Engine/Plugins/Runtime/WindowsMoviePlayer/WindowsMoviePlayer.uplugin
LogPluginManager: Loaded Plugin ScriptPlugin, From E:/Epic Games/4.13/Engine/Plugins/ScriptPlugin/ScriptPlugin.uplugin
LogPluginManager: Loaded Plugin SlateRemote, From E:/Epic Games/4.13/Engine/Plugins/Slate/SlateRemote/SlateRemote.uplugin
LogInit: Using libcurl 7.47.1
LogInit:  - built for x86_64-pc-win32
LogInit:  - supports SSL with WinSSL
LogInit:  - other features:
LogInit:      CURL_VERSION_SSL
LogInit:      CURL_VERSION_IPV6
LogInit:      CURL_VERSION_ASYNCHDNS
LogInit:      CURL_VERSION_LARGEFILE
LogInit:      CURL_VERSION_IDN
LogInit:  CurlRequestOptions (configurable via config and command line):
LogInit:  - bVerifyPeer = false  - Libcurl will NOT verify peer certificate
LogInit:  - bUseHttpProxy = false  - Libcurl will NOT use HTTP proxy
LogInit:  - bDontReuseConnections = false  - Libcurl will reuse connections
LogInit:  - CertBundlePath = nullptr  - Libcurl will use whatever was configured at build time.
LogInit: Build: ++UE4+Release-4.13-CL-3142249
LogInit: Engine Version: 4.13.1-3142249+++UE4+Release-4.13
LogInit: Compatible Engine Version: 4.13.0-3106830+++UE4+Release-4.13
LogInit: Net CL: 3142249
LogDevObjectVersion: Number of dev versions registered: 13
LogDevObjectVersion:   Dev-Blueprints (B0D832E4-1F89-4F0D-ACCF-7EB736FD4AA2): 5
LogDevObjectVersion:   Dev-Build (E1C64328-A22C-4D53-A36C-8E866417BD8C): 0
LogDevObjectVersion:   Dev-Core (375EC13C-06E4-48FB-B500-84F0262A717E): 1
LogDevObjectVersion:   Dev-Editor (E4B068ED-F494-42E9-A231-DA0B2E46BB41): 6
LogDevObjectVersion:   Dev-Framework (CFFC743F-43B0-4480-9391-14DF171D2073): 12
LogDevObjectVersion:   Dev-Mobile (B02B49B5-BB20-44E9-A304-32B752E40360): 0
LogDevObjectVersion:   Dev-Networking (A4E4105C-59A1-49B5-A7C5-40C4547EDFEE): 0
LogDevObjectVersion:   Dev-Online (39C831C9-5AE6-47DC-9A44-9C173E1C8E7C): 0
LogDevObjectVersion:   Dev-Physics (78F01B33-EBEA-4F98-B9B4-84EACCB95AA2): 0
LogDevObjectVersion:   Dev-Platform (6631380F-2D4D-43E0-8009-CF276956A95A): 0
LogDevObjectVersion:   Dev-Rendering (12F88B9F-8875-4AFC-A67C-D90C383ABD29): 4
LogDevObjectVersion:   Dev-Sequencer (7B5AE74C-D270-4C10-A958-57980B212A5A): 0
LogDevObjectVersion:   Dev-VR (D7296918-1DD6-4BDD-9DE2-64A83CC13884): 0
LogInit: Compiled (64-bit): Sep 28 2016 02:12:12
LogInit: Compiled with Visual C++: 19.00.23026.00
LogInit: Build Configuration: Development
LogInit: Branch Name: ++UE4+Release-4.13
LogInit: Command line: -EpicPortal 
LogInit: Base directory: E:/Epic Games/4.13/Engine/Binaries/Win64/
LogInit: Installed Engine Build: 1
LogInit: Presizing for max 8388607 objects, including 0 objects not considered by GC, pre-allocating 0 bytes for permanent pool.
LogInit: Object subsystem initialized
[2016.12.18-00.21.22:105][  0]LogInit: Selected Device Profile: [Windows]
[2016.12.18-00.21.22:105][  0]LogInit: Applying CVar settings loaded from the selected device profile: [Windows]
[2016.12.18-00.21.22:118][  0]LogInit: Computer: ARMEN-PC
[2016.12.18-00.21.22:118][  0]LogInit: User: Armen
[2016.12.18-00.21.22:118][  0]LogInit: CPU Page size=65536, Cores=4
[2016.12.18-00.21.22:118][  0]LogInit: High frequency timer resolution =3.527396 MHz
[2016.12.18-00.21.22:118][  0]LogMemory: Memory total: Physical=7.9GB (8GB approx)
[2016.12.18-00.21.22:119][  0]LogMemory: Platform Memory Stats for Windows
[2016.12.18-00.21.22:119][  0]LogMemory: Process Physical Memory: 256.93 MB used, 256.93 MB peak
[2016.12.18-00.21.22:119][  0]LogMemory: Process Virtual Memory: 260.07 MB used, 260.07 MB peak
[2016.12.18-00.21.22:119][  0]LogMemory: Physical Memory: 4247.89 MB used, 8120.40 MB total
[2016.12.18-00.21.22:119][  0]LogMemory: Virtual Memory: 623.39 MB used, 134217728.00 MB total
[2016.12.18-00.21.22:144][  0]LogTextLocalizationManager: No translations for ('fr-FR') exist, falling back to 'en' for localization and internationalization data.
[2016.12.18-00.21.22:866][  0]LogD3D11RHI: D3D11 adapters:
[2016.12.18-00.21.22:887][  0]LogD3D11RHI:    0. 'AMD Radeon HD 7800 Series' (Feature Level 11_0)
[2016.12.18-00.21.22:887][  0]LogD3D11RHI:       2029/0/4060 MB DedicatedVideo/DedicatedSystem/SharedSystem, Outputs:1, VendorId:0x1002
[2016.12.18-00.21.22:889][  0]LogD3D11RHI:    1. 'Microsoft Basic Render Driver' (Feature Level 11_0)
[2016.12.18-00.21.22:889][  0]LogD3D11RHI:       0/0/4060 MB DedicatedVideo/DedicatedSystem/SharedSystem, Outputs:0, VendorId:0x1414
[2016.12.18-00.21.22:889][  0]LogD3D11RHI: Chosen D3D11 Adapter: 0
[2016.12.18-00.21.22:898][  0]LogD3D11RHI: Creating new Direct3DDevice
[2016.12.18-00.21.22:898][  0]LogD3D11RHI:     GPU DeviceId: 0x6818 (for the marketing name, search the web for "GPU Device Id")
[2016.12.18-00.21.22:898][  0]LogWindows: EnumDisplayDevices:
[2016.12.18-00.21.22:898][  0]LogWindows:    0. 'AMD Radeon HD 7800 Series' (P:1 D:1)
[2016.12.18-00.21.22:899][  0]LogWindows:    1. 'AMD Radeon HD 7800 Series' (P:0 D:0)
[2016.12.18-00.21.22:900][  0]LogWindows:    2. 'AMD Radeon HD 7800 Series' (P:0 D:0)
[2016.12.18-00.21.22:900][  0]LogWindows:    3. 'AMD Radeon HD 7800 Series' (P:0 D:0)
[2016.12.18-00.21.22:901][  0]LogWindows:    4. 'AMD Radeon HD 7800 Series' (P:0 D:0)
[2016.12.18-00.21.22:902][  0]LogWindows:    5. 'AMD Radeon HD 7800 Series' (P:0 D:0)
[2016.12.18-00.21.22:902][  0]LogWindows: DebugString: FoundDriverCount:6 
[2016.12.18-00.21.22:902][  0]LogD3D11RHI:     Adapter Name: AMD Radeon HD 7800 Series
[2016.12.18-00.21.22:903][  0]LogD3D11RHI:   Driver Version: Crimson 16.6 (internal:21.19.137.1, unified:21.19.137.1)
[2016.12.18-00.21.22:903][  0]LogD3D11RHI:      Driver Date: 9-16-2016
[2016.12.18-00.21.22:903][  0]LogRHI: Texture pool is 1361 MB (70% of 1945 MB)
[2016.12.18-00.21.22:918][  0]LogD3D11RHI: Async texture creation enabled
[2016.12.18-00.21.22:937][  0]LogD3D11RHI: GPU Timing Frequency: 27.000000 (Debug: 2 1)
[2016.12.18-00.21.22:938][  0]LogShaderCompilers: Guid format shader working directory is 10 characters bigger than the processId version (../../../../../GitHub/jeuxVideo/jeux/Intermediate/Shaders/WorkingDirectory/4836/).
[2016.12.18-00.21.22:938][  0]LogShaderCompilers: Cleaned the shader compiler working directory 'C:/Users/Armen/AppData/Local/Temp/UnrealShaderWorkingDir/F2E7C0084FF0FCD376FEE1BA1245CC92/'.
[2016.12.18-00.21.22:938][  0]LogShaderCompilers:Display: Using Local Shader Compiler.
[2016.12.18-00.21.24:274][  0]LogTemp:Display: Loaded TP AllDesktopTargetPlatform
[2016.12.18-00.21.24:285][  0]LogTemp:Display: Loaded TP WindowsClientTargetPlatform
[2016.12.18-00.21.24:298][  0]LogTemp:Display: Loaded TP WindowsNoEditorTargetPlatform
[2016.12.18-00.21.24:309][  0]LogTemp:Display: Loaded TP WindowsServerTargetPlatform
[2016.12.18-00.21.24:320][  0]LogTemp:Display: Loaded TP WindowsTargetPlatform
[2016.12.18-00.21.24:330][  0]LogTemp:Display: Loaded TP AndroidTargetPlatform
[2016.12.18-00.21.24:339][  0]LogTemp:Display: Loaded TP Android_ASTCTargetPlatform
[2016.12.18-00.21.24:349][  0]LogTemp:Display: Loaded TP Android_ATCTargetPlatform
[2016.12.18-00.21.24:358][  0]LogTemp:Display: Loaded TP Android_DXTTargetPlatform
[2016.12.18-00.21.24:367][  0]LogTemp:Display: Loaded TP Android_ETC1TargetPlatform
[2016.12.18-00.21.24:377][  0]LogTemp:Display: Loaded TP Android_ETC2TargetPlatform
[2016.12.18-00.21.24:396][  0]LogTemp:Display: Loaded TP Android_MultiTargetPlatform
[2016.12.18-00.21.24:396][  0]LogTemp:Display: Loaded TP Android_PVRTCTargetPlatform
[2016.12.18-00.21.24:397][  0]LogTemp:Display: Loaded TP HTML5TargetPlatform
[2016.12.18-00.21.24:421][  0]LogTemp:Display: Loaded TP IOSTargetPlatform
[2016.12.18-00.21.24:429][  0]LogTemp:Display: Loaded TP TVOSTargetPlatform
[2016.12.18-00.21.24:438][  0]LogTemp:Display: Loaded TP LinuxClientTargetPlatform
[2016.12.18-00.21.24:448][  0]LogTemp:Display: Loaded TP LinuxNoEditorTargetPlatform
[2016.12.18-00.21.24:457][  0]LogTemp:Display: Loaded TP LinuxServerTargetPlatform
[2016.12.18-00.21.24:466][  0]LogTemp:Display: Loaded TP LinuxTargetPlatform
[2016.12.18-00.21.24:466][  0]LogTargetPlatformManager:Display: Building Assets For Windows
[2016.12.18-00.21.24:575][  0]LogDerivedDataCache:Display: Max Cache Size: 512 MB
[2016.12.18-00.21.24:681][  0]LogDerivedDataCache: Loaded boot cache 0.11s 62MB C:/Users/Armen/AppData/Local/UnrealEngine/4.13/DerivedDataCache/Boot.ddc.
[2016.12.18-00.21.24:681][  0]LogDerivedDataCache:Display: Loaded Boot cache: C:/Users/Armen/AppData/Local/UnrealEngine/4.13/DerivedDataCache/Boot.ddc
[2016.12.18-00.21.24:681][  0]LogDerivedDataCache: FDerivedDataBackendGraph:  Pak pak cache file ../../../../../GitHub/jeuxVideo/jeux/DerivedDataCache/DDC.ddp not found, will not use a pak cache.
[2016.12.18-00.21.24:681][  0]LogDerivedDataCache: Unable to find inner node Pak for hierarchical cache Hierarchy.
[2016.12.18-00.21.24:681][  0]LogDerivedDataCache: FDerivedDataBackendGraph:  CompressedPak pak cache file ../../../../../GitHub/jeuxVideo/jeux/DerivedDataCache/Compressed.ddp not found, will not use a pak cache.
[2016.12.18-00.21.24:681][  0]LogDerivedDataCache: Unable to find inner node CompressedPak for hierarchical cache Hierarchy.
[2016.12.18-00.21.24:706][  0]LogDerivedDataCache:Display: Pak cache opened for reading ../../../Engine/DerivedDataCache/Compressed.ddp.
[2016.12.18-00.21.24:718][  0]LogDerivedDataCache: Using Local data cache path C:/Users/Armen/AppData/Local/UnrealEngine/Common/DerivedDataCache: Writable
[2016.12.18-00.21.24:987][  0]LogInit: Selected Device Profile: [Windows]
[2016.12.18-00.21.24:992][  0]LogContentStreaming: Texture pool size is 0.00 MB
[2016.12.18-00.21.25:118][  0]LogMeshUtilities: No automatic mesh reduction module available
[2016.12.18-00.21.25:118][  0]LogMeshUtilities: No automatic mesh merging module available
[2016.12.18-00.21.25:118][  0]LogMeshUtilities: No distributed automatic mesh merging module available
[2016.12.18-00.21.25:198][  0]LogMaterial: Uniform references updated for custom material expression Custom.
[2016.12.18-00.21.25:651][  0]LogNetVersion: GetLocalNetworkVersion: CL: 3106830, ProjectName: jeux, ProjectVersion: , EngineNetworkVersion: 1, GameNetworkVersion: 0, NetworkChecksum: 14164607
[2016.12.18-00.21.25:692][  0]LogAssetRegistry: FAssetRegistry took 0.0217 seconds to start up
[2016.12.18-00.21.25:714][  0]LogPackageLocalizationCache: Processed 3 localized package path(s) for 1 prioritized culture(s) in 0.017878 seconds
[2016.12.18-00.21.25:723][  0]LogUObjectArray: 29778 objects as part of root set at end of initial load.
[2016.12.18-00.21.25:723][  0]LogUObjectAllocator: 6125448 out of 0 bytes used by permanent object pool.
[2016.12.18-00.21.25:723][  0]LogUObjectArray: CloseDisregardForGC: 0/0 objects in disregard for GC pool
[2016.12.18-00.21.25:738][  0]LogInit: WinSock: version 1.1 (2.2), MaxSocks=32767, MaxUdp=65467
[2016.12.18-00.21.26:002][  0]LogSlate: SlateFontCache - WITH_FREETYPE: 1, WITH_HARFBUZZ: 1
[2016.12.18-00.21.26:002][  0]LogSlate: SlateFontCache - WITH_FREETYPE: 1, WITH_HARFBUZZ: 1
[2016.12.18-00.21.26:788][  0]LogTcpMessaging: Initializing TcpMessaging bridge
[2016.12.18-00.21.26:811][  0]LogUdpMessaging: Initializing bridge on interface 0.0.0.0:0 to multicast group 230.0.0.1:6666.
[2016.12.18-00.21.27:100][  0]SourceControl: Info Source control is disabled
[2016.12.18-00.21.27:102][  0]SourceControl: Info Source control is disabled
[2016.12.18-00.21.27:113][  0]SourceControl: Info Source control is disabled
[2016.12.18-00.21.27:125][  0]SourceControl: Info Source control is disabled
[2016.12.18-00.21.27:502][  0]LogEngine: Initializing Engine...
[2016.12.18-00.21.27:502][  0]LogHMD: Failed to initialize OpenVR with code 110
[2016.12.18-00.21.27:676][  0]LogAIModule: Creating AISystem for world Untitled
[2016.12.18-00.21.27:701][  0]LogInit: XAudio2 using '1 - NS-40D420NA16 (AMD High Definition Audio Device)' : 2 channels at 48 kHz using 16 bits per sample (channel mask 0x3)
[2016.12.18-00.21.27:727][  0]LogInit: FAudioDevice initialized.
[2016.12.18-00.21.27:786][  0]LogDerivedDataCache: Saved boot cache 0.06s 62MB C:/Users/Armen/AppData/Local/UnrealEngine/4.13/DerivedDataCache/Boot.ddc.
[2016.12.18-00.21.27:806][  0]LogInit: Texture streaming: Enabled
[2016.12.18-00.21.27:841][  0]LogInit: Transaction tracking system initialized
[2016.12.18-00.21.27:875][  0]BlueprintLog: New page: Editor Load
[2016.12.18-00.21.27:980][  0]LocalizationService: Info Localization service is disabled
[2016.12.18-00.21.28:080][  0]LogConsoleResponse:Display: 
[2016.12.18-00.21.28:202][  0]LogCook:Display: Max memory allowance for cook 16384mb min free memory 0mb
[2016.12.18-00.21.28:202][  0]LogCook:Display: Mobile HDR setting 1
[2016.12.18-00.21.28:421][  0]LogFileCache: Scanning file cache for directory 'E:/GitHub/jeuxVideo/jeux/Content/' took 0.02s
[2016.12.18-00.21.28:421][  0]SourceControl: Info Source control is disabled
[2016.12.18-00.21.28:421][  0]Cmd: MAP LOAD FILE="../../../../../GitHub/jeuxVideo/jeux/Content/ThirdPersonBP/Maps/Bowser1.umap" TEMPLATE=0 SHOWPROGRESS=1 FEATURELEVEL=3
[2016.12.18-00.21.28:422][  0]LightingResults: New page: Lighting Build
[2016.12.18-00.21.28:425][  0]MapCheck: New page: Map Check
[2016.12.18-00.21.28:425][  0]LightingResults: New page: Lighting Build
[2016.12.18-00.21.29:087][  0]LogAIModule: Creating AISystem for world Bowser1
[2016.12.18-00.21.29:094][  0]LogEditorServer: Finished looking for orphan Actors (0.000 secs)
[2016.12.18-00.21.29:095][  0]Cmd: MAP CHECKDEP NOCLEARLOG
[2016.12.18-00.21.29:144][  0]MapCheck: Info Map check complete: 0 Error(s), 0 Warning(s), took 49.015ms to complete.
[2016.12.18-00.21.29:144][  0]LogFileHelpers: Loading map 'Bowser1' took 0.723
[2016.12.18-00.21.29:344][  0]LogCollectionManager: Loaded 0 collections in 0.003507 seconds
[2016.12.18-00.21.29:388][  0]LogFileCache: Scanning file cache for directory 'E:/GitHub/jeuxVideo/jeux/Saved/Collections/' took 0.01s
[2016.12.18-00.21.29:388][  0]LogFileCache: Scanning file cache for directory 'E:/GitHub/jeuxVideo/jeux/Content/Developers/Armen/Collections/' took 0.01s
[2016.12.18-00.21.29:388][  0]LogFileCache: Scanning file cache for directory 'E:/GitHub/jeuxVideo/jeux/Content/Collections/' took 0.01s
[2016.12.18-00.21.29:388][  0]LogCollectionManager: Rebuilt the GUID cache for 0 collections in 0.000004 seconds
[2016.12.18-00.21.29:402][  0]LogContentBrowser: Native class hierarchy populated in 0.0143 seconds. Added 2141 classes and 415 folders.
[2016.12.18-00.21.29:408][  0]LogStats: UGameplayTagsManager::ConstructGameplayTagTree: Construct from data asset -  0.000 s
[2016.12.18-00.21.29:408][  0]LogStats: UGameplayTagsManager::ConstructGameplayTagTree: GameplayTagTreeChangedEvent.Broadcast -  0.000 s
[2016.12.18-00.21.29:408][  0]LogContentBrowser: Native class hierarchy updated for 'GameplayTags' in 0.0007 seconds. Added 12 classes and 0 folders.
[2016.12.18-00.21.29:415][  0]LogContentBrowser: Native class hierarchy updated for 'WidgetCarousel' in 0.0005 seconds. Added 0 classes and 0 folders.
[2016.12.18-00.21.29:466][  0]LogContentBrowser: Native class hierarchy updated for 'AddContentDialog' in 0.0006 seconds. Added 0 classes and 0 folders.
[2016.12.18-00.21.29:473][  0]LogContentBrowser: Native class hierarchy updated for 'SceneOutliner' in 0.0006 seconds. Added 1 classes and 2 folders.
[2016.12.18-00.21.29:491][  0]LogCrashTracker: Crashtracker disabled due to settings.
[2016.12.18-00.21.29:497][  0]LogUObjectGlobals:Warning: Failed to find object 'Class None.'
[2016.12.18-00.21.29:526][  0]LogContentBrowser: Native class hierarchy updated for 'HierarchicalLODOutliner' in 0.0006 seconds. Added 1 classes and 2 folders.
[2016.12.18-00.21.29:526][  0]LogLoad: (Engine Initialization) Total time: 8.69 seconds
[2016.12.18-00.21.29:526][  0]LogLoad: (Engine Initialization) Total Blueprint compile time: 0.16 seconds
[2016.12.18-00.21.29:526][  0]LogExternalProfiler: Found external profiler: VSPerf
[2016.12.18-00.21.29:526][  0]LogExternalProfiler: Using external profiler: VSPerf
[2016.12.18-00.21.29:535][  0]LogWindowsTextInputMethodSystem:Display: IME system now deactivated.
[2016.12.18-00.21.29:536][  0]LogOcInput: OculusInput pre-init called
[2016.12.18-00.21.29:556][  0]LogContentStreaming: Texture pool size now 1000 MB
[2016.12.18-00.21.29:764][  0]LogRenderer: Reallocating scene render targets to support 692x352 (Frame:2).
[2016.12.18-00.21.29:926][  2]LogAssetRegistry: Asset discovery search completed in 4.2551 seconds
[2016.12.18-00.21.29:926][  2]LogCollectionManager: Rebuilt the object cache for 0 collections in 0.000001 seconds (found 0 objects)
[2016.12.18-00.21.29:926][  2]LogCollectionManager: Fixed up redirectors for 0 collections in 0.000039 seconds (updated 0 objects)
[2016.12.18-00.21.43:924][499]LogPlayLevel: PlayLevel: No blueprints needed recompiling
[2016.12.18-00.21.43:926][499]PIE: New page: PIE session: Bowser1 (Dec 17, 2016, 2:21:43 PM)
[2016.12.18-00.21.43:926][499]LogPlayLevel: Creating play world package: /Game/ThirdPersonBP/Maps/UEDPIE_0_Bowser1
[2016.12.18-00.21.43:934][499]LogPlayLevel: PIE: StaticDuplicateObject too