Log file open, 12/01/16 11:33:07
LogInit:Display: Running engine for game: jeux
LogPlatformFile: Not using cached read wrapper
LogInit:Display: RandInit(2069700067) SRandInit(2069700067).
LogTaskGraph: Started task graph with 5 named threads and 8 total threads with 1 sets of task threads.
LogStats: Stats thread started at 0.095300
LogPluginManager: Loaded Plugin Paper2D, From E:/Epic Games/4.13/Engine/Plugins/2D/Paper2D/Paper2D.uplugin
LogPluginManager: Loaded Plugin LightPropagationVolume, From E:/Epic Games/4.13/Engine/Plugins/Blendables/LightPropagationVolume/LightPropagationVolume.uplugin
LogPluginManager: Loaded Plugin BlankPlugin, From E:/Epic Games/4.13/Engine/Plugins/Developer/BlankPlugin/BlankPlugin.uplugin
LogPluginManager: Loaded Plugin CodeLiteSourceCodeAccess, From E:/Epic Games/4.13/Engine/Plugins/Developer/CodeLiteSourceCodeAccess/CodeLiteSourceCodeAccess.uplugin
LogPluginManager: Loaded Plugin GitSourceControl, From E:/Epic Games/4.13/Engine/Plugins/Developer/GitSourceControl/GitSourceControl.uplugin
LogPluginManager: Loaded Plugin KDevelopSourceCodeAccess, From E:/Epic Games/4.13/Engine/Plugins/Developer/KDevelopSourceCodeAccess/KDevelopSourceCodeAccess.uplugin
LogPluginManager: Loaded Plugin NullSourceCodeAccess, From E:/Epic Games/4.13/Engine/Plugins/Developer/NullSourceCodeAccess/NullSourceCodeAccess.uplugin
LogPluginManager: Loaded Plugin OneSkyLocalizationService, From E:/Epic Games/4.13/Engine/Plugins/Developer/OneSkyLocalizationService/OneSkyLocalizationService.uplugin
LogPluginManager: Loaded Plugin PerforceSourceControl, From E:/Epic Games/4.13/Engine/Plugins/Developer/PerforceSourceControl/PerforceSourceControl.uplugin
LogPluginManager: Loaded Plugin SubversionSourceControl, From E:/Epic Games/4.13/Engine/Plugins/Developer/SubversionSourceControl/SubversionSourceControl.uplugin
LogPluginManager: Loaded Plugin UObjectPlugin, From E:/Epic Games/4.13/Engine/Plugins/Developer/UObjectPlugin/UObjectPlugin.uplugin
LogPluginManager: Loaded Plugin VisualStudioSourceCodeAccess, From E:/Epic Games/4.13/Engine/Plugins/Developer/VisualStudioSourceCodeAccess/VisualStudioSourceCodeAccess.uplugin
LogPluginManager: Loaded Plugin XCodeSourceCodeAccess, From E:/Epic Games/4.13/Engine/Plugins/Developer/XCodeSourceCodeAccess/XCodeSourceCodeAccess.uplugin
LogPluginManager: Loaded Plugin EpicSurvey, From E:/Epic Games/4.13/Engine/Plugins/Editor/EpicSurvey/EpicSurvey.uplugin
LogPluginManager: Loaded Plugin MacGraphicsSwitching, From E:/Epic Games/4.13/Engine/Plugins/Editor/MacGraphicsSwitching/MacGraphicsSwitching.uplugin
LogPluginManager: Loaded Plugin MobileLauncherProfileWizard, From E:/Epic Games/4.13/Engine/Plugins/Editor/MobileLauncherProfileWizard/MobileLauncherProfileWizard.uplugin
LogPluginManager: Loaded Plugin PluginBrowser, From E:/Epic Games/4.13/Engine/Plugins/Editor/PluginBrowser/PluginBrowser.uplugin
LogPluginManager: Loaded Plugin SpeedTreeImporter, From E:/Epic Games/4.13/Engine/Plugins/Editor/SpeedTreeImporter/SpeedTreeImporter.uplugin
LogPluginManager: Loaded Plugin SuperSearchEditor, From E:/Epic Games/4.13/Engine/Plugins/Editor/SuperSearchEditor/SuperSearchEditor.uplugin
LogPluginManager: Loaded Plugin AlembicImporter, From E:/Epic Games/4.13/Engine/Plugins/Experimental/AlembicImporter/AlembicImporter.uplugin
LogPluginManager: Loaded Plugin BlueprintStats, From E:/Epic Games/4.13/Engine/Plugins/Experimental/BlueprintStats/BlueprintStats.uplugin
LogPluginManager: Loaded Plugin CharacterAI, From E:/Epic Games/4.13/Engine/Plugins/Experimental/CharacterAI/CharacterAI.uplugin
LogPluginManager: Loaded Plugin CodeEditor, From E:/Epic Games/4.13/Engine/Plugins/Experimental/CodeEditor/CodeEditor.uplugin
LogPluginManager: Loaded Plugin CodeView, From E:/Epic Games/4.13/Engine/Plugins/Experimental/CodeView/CodeView.uplugin
LogPluginManager: Loaded Plugin HTML5Networking, From E:/Epic Games/4.13/Engine/Plugins/Experimental/HTML5Networking/HTML5Networking.uplugin
LogPluginManager: Loaded Plugin LiveEditor, From E:/Epic Games/4.13/Engine/Plugins/Experimental/LiveEditor/LiveEditor.uplugin
LogPluginManager: Loaded Plugin OSVR, From E:/Epic Games/4.13/Engine/Plugins/Experimental/OSVR/OSVR.uplugin
LogPluginManager: Loaded Plugin Phya, From E:/Epic Games/4.13/Engine/Plugins/Experimental/Phya/Phya.uplugin
LogPluginManager: Loaded Plugin SignificanceManager, From E:/Epic Games/4.13/Engine/Plugins/Experimental/SignificanceManager/SignificanceManager.uplugin
LogPluginManager: Loaded Plugin SimpleHMD, From E:/Epic Games/4.13/Engine/Plugins/Experimental/SimpleHMD/SimpleHMD.uplugin
LogPluginManager: Loaded Plugin StereoPanorama, From E:/Epic Games/4.13/Engine/Plugins/Experimental/StereoPanorama/StereoPanorama.uplugin
LogPluginManager: Loaded Plugin StructBox, From E:/Epic Games/4.13/Engine/Plugins/Experimental/StructBox/StructBox.uplugin
LogPluginManager: Loaded Plugin AndroidMedia, From E:/Epic Games/4.13/Engine/Plugins/Media/AndroidMedia/AndroidMedia.uplugin
LogPluginManager: Loaded Plugin AvfMedia, From E:/Epic Games/4.13/Engine/Plugins/Media/AvfMedia/AvfMedia.uplugin
LogPluginManager: Loaded Plugin MediaPlayerEditor, From E:/Epic Games/4.13/Engine/Plugins/Media/MediaPlayerEditor/MediaPlayerEditor.uplugin
LogPluginManager: Loaded Plugin WmfMedia, From E:/Epic Games/4.13/Engine/Plugins/Media/WmfMedia/WmfMedia.uplugin
LogPluginManager: Loaded Plugin MessagingDebugger, From E:/Epic Games/4.13/Engine/Plugins/Messaging/MessagingDebugger/MessagingDebugger.uplugin
LogPluginManager: Loaded Plugin TcpMessaging, From E:/Epic Games/4.13/Engine/Plugins/Messaging/TcpMessaging/TcpMessaging.uplugin
LogPluginManager: Loaded Plugin UdpMessaging, From E:/Epic Games/4.13/Engine/Plugins/Messaging/UdpMessaging/UdpMessaging.uplugin
LogPluginManager: Loaded Plugin LevelSequenceEditor, From E:/Epic Games/4.13/Engine/Plugins/MovieScene/LevelSequenceEditor/LevelSequenceEditor.uplugin
LogPluginManager: Loaded Plugin MatineeToLevelSequence, From E:/Epic Games/4.13/Engine/Plugins/MovieScene/MatineeToLevelSequence/MatineeToLevelSequence.uplugin
LogPluginManager: Loaded Plugin NetcodeUnitTest, From E:/Epic Games/4.13/Engine/Plugins/NetcodeUnitTest/NetcodeUnitTest/NetcodeUnitTest.uplugin
LogPluginManager: Loaded Plugin NUTUnrealEngine4, From E:/Epic Games/4.13/Engine/Plugins/NetcodeUnitTest/NUTUnrealEngine4/NUTUnrealEngine4.uplugin
LogPluginManager: Loaded Plugin OnlineSubsystemGooglePlay, From E:/Epic Games/4.13/Engine/Plugins/Online/Android/OnlineSubsystemGooglePlay/OnlineSubsystemGooglePlay.uplugin
LogPluginManager: Loaded Plugin OnlineSubsystemIOS, From E:/Epic Games/4.13/Engine/Plugins/Online/IOS/OnlineSubsystemIOS/OnlineSubsystemIOS.uplugin
LogPluginManager: Loaded Plugin OnlineFramework, From E:/Epic Games/4.13/Engine/Plugins/Online/OnlineFramework/OnlineFramework.uplugin
LogPluginManager: Loaded Plugin OnlineSubsystem, From E:/Epic Games/4.13/Engine/Plugins/Online/OnlineSubsystem/OnlineSubsystem.uplugin
LogPluginManager: Loaded Plugin OnlineSubsystemAmazon, From E:/Epic Games/4.13/Engine/Plugins/Online/OnlineSubsystemAmazon/OnlineSubsystemAmazon.uplugin
LogPluginManager: Loaded Plugin OnlineSubsystemFacebook, From E:/Epic Games/4.13/Engine/Plugins/Online/OnlineSubsystemFacebook/OnlineSubsystemFacebook.uplugin
LogPluginManager: Loaded Plugin OnlineSubsystemNull, From E:/Epic Games/4.13/Engine/Plugins/Online/OnlineSubsystemNull/OnlineSubsystemNull.uplugin
LogPluginManager: Loaded Plugin OnlineSubsystemOculus, From E:/Epic Games/4.13/Engine/Plugins/Online/OnlineSubsystemOculus/OnlineSubsystemOculus.uplugin
LogPluginManager: Loaded Plugin OnlineSubsystemSteam, From E:/Epic Games/4.13/Engine/Plugins/Online/OnlineSubsystemSteam/OnlineSubsystemSteam.uplugin
LogPluginManager: Loaded Plugin OnlineSubsystemUtils, From E:/Epic Games/4.13/Engine/Plugins/Online/OnlineSubsystemUtils/OnlineSubsystemUtils.uplugin
LogPluginManager: Loaded Plugin IOSTapJoy, From E:/Epic Games/4.13/Engine/Plugins/Runtime/Advertising/IOSTapJoy/IOSTapJoy.uplugin
LogPluginManager: Loaded Plugin AnalyticsBlueprintLibrary, From E:/Epic Games/4.13/Engine/Plugins/Runtime/Analytics/AnalyticsBlueprintLibrary/AnalyticsBlueprintLibrary.uplugin
LogPluginManager: Loaded Plugin AnalyticsMulticast, From E:/Epic Games/4.13/Engine/Plugins/Runtime/Analytics/AnalyticsMulticast/AnalyticsMulticast.uplugin
LogPluginManager: Loaded Plugin Apsalar, From E:/Epic Games/4.13/Engine/Plugins/Runtime/Analytics/Apsalar/Apsalar.uplugin
LogPluginManager: Loaded Plugin FileLogging, From E:/Epic Games/4.13/Engine/Plugins/Runtime/Analytics/FileLogging/FileLogging.uplugin
LogPluginManager: Loaded Plugin Flurry, From E:/Epic Games/4.13/Engine/Plugins/Runtime/Analytics/Flurry/Flurry.uplugin
LogPluginManager: Loaded Plugin AndroidDeviceProfileSelector, From E:/Epic Games/4.13/Engine/Plugins/Runtime/AndroidDeviceProfileSelector/AndroidDeviceProfileSelector.uplugin
LogPluginManager: Loaded Plugin AndroidMoviePlayer, From E:/Epic Games/4.13/Engine/Plugins/Runtime/AndroidMoviePlayer/AndroidMoviePlayer.uplugin
LogPluginManager: Loaded Plugin AppleMoviePlayer, From E:/Epic Games/4.13/Engine/Plugins/Runtime/AppleMoviePlayer/AppleMoviePlayer.uplugin
LogPluginManager: Loaded Plugin ArchVisCharacter, From E:/Epic Games/4.13/Engine/Plugins/Runtime/ArchVisCharacter/ArchVisCharacter.uplugin
LogPluginManager: Loaded Plugin CableComponent, From E:/Epic Games/4.13/Engine/Plugins/Runtime/CableComponent/CableComponent.uplugin
LogPluginManager: Loaded Plugin CustomMeshComponent, From E:/Epic Games/4.13/Engine/Plugins/Runtime/CustomMeshComponent/CustomMeshComponent.uplugin
LogPluginManager: Loaded Plugin ExampleDeviceProfileSelector, From E:/Epic Games/4.13/Engine/Plugins/Runtime/ExampleDeviceProfileSelector/ExampleDeviceProfileSelector.uplugin
LogPluginManager: Loaded Plugin GearVR, From E:/Epic Games/4.13/Engine/Plugins/Runtime/GearVR/GearVR.uplugin
LogPluginManager: Loaded Plugin GoogleVRController, From E:/Epic Games/4.13/Engine/Plugins/Runtime/GoogleVR/GoogleVRController/GoogleVRController.uplugin
LogPluginManager: Loaded Plugin GoogleVRHMD, From E:/Epic Games/4.13/Engine/Plugins/Runtime/GoogleVR/GoogleVRHMD/GoogleVRHMD.uplugin
LogPluginManager: Loaded Plugin IOSDeviceProfileSelector, From E:/Epic Games/4.13/Engine/Plugins/Runtime/IOSDeviceProfileSelector/IOSDeviceProfileSelector.uplugin
LogPluginManager: Loaded Plugin LeapMotion, From E:/Epic Games/4.13/Engine/Plugins/Runtime/LeapMotion/LeapMotion.uplugin
LogPluginManager: Loaded Plugin LinuxDeviceProfileSelector, From E:/Epic Games/4.13/Engine/Plugins/Runtime/LinuxDeviceProfileSelector/LinuxDeviceProfileSelector.uplugin
LogPluginManager: Loaded Plugin LiveEditorListenServer, From E:/Epic Games/4.13/Engine/Plugins/Runtime/LiveEditorListenServer/LiveEditorListenServer.uplugin
LogPluginManager: Loaded Plugin OculusAudio, From E:/Epic Games/4.13/Engine/Plugins/Runtime/OculusAudio/OculusAudio.uplugin
LogPluginManager: Loaded Plugin OculusInput, From E:/Epic Games/4.13/Engine/Plugins/Runtime/OculusInput/OculusInput.uplugin
LogPluginManager: Loaded Plugin OculusLibrary, From E:/Epic Games/4.13/Engine/Plugins/Runtime/OculusLibrary/OculusLibrary.uplugin
LogPluginManager: Loaded Plugin OculusRift, From E:/Epic Games/4.13/Engine/Plugins/Runtime/OculusRift/OculusRift.uplugin
LogPluginManager: Loaded Plugin Oodle, From E:/Epic Games/4.13/Engine/Plugins/Runtime/PacketHandlers/CompressionComponents/Oodle/Oodle.uplugin
LogPluginManager: Loaded Plugin ProceduralMeshComponent, From E:/Epic Games/4.13/Engine/Plugins/Runtime/ProceduralMeshComponent/ProceduralMeshComponent.uplugin
LogPluginManager: Loaded Plugin SoundMod, From E:/Epic Games/4.13/Engine/Plugins/Runtime/SoundMod/SoundMod.uplugin
LogPluginManager: Loaded Plugin SoundVisualizations, From E:/Epic Games/4.13/Engine/Plugins/Runtime/SoundVisualizations/SoundVisualizations.uplugin
LogPluginManager: Loaded Plugin SteamController, From E:/Epic Games/4.13/Engine/Plugins/Runtime/Steam/SteamController/SteamController.uplugin
LogPluginManager: Loaded Plugin SteamVR, From E:/Epic Games/4.13/Engine/Plugins/Runtime/Steam/SteamVR/SteamVR.uplugin
LogPluginManager: Loaded Plugin WebBrowserWidget, From E:/Epic Games/4.13/Engine/Plugins/Runtime/WebBrowserWidget/WebBrowserWidget.uplugin
LogPluginManager: Loaded Plugin WindowsDeviceProfileSelector, From E:/Epic Games/4.13/Engine/Plugins/Runtime/WindowsDeviceProfileSelector/WindowsDeviceProfileSelector.uplugin
LogPluginManager: Loaded Plugin WindowsMoviePlayer, From E:/Epic Games/4.13/Engine/Plugins/Runtime/WindowsMoviePlayer/WindowsMoviePlayer.uplugin
LogPluginManager: Loaded Plugin ScriptPlugin, From E:/Epic Games/4.13/Engine/Plugins/ScriptPlugin/ScriptPlugin.uplugin
LogPluginManager: Loaded Plugin SlateRemote, From E:/Epic Games/4.13/Engine/Plugins/Slate/SlateRemote/SlateRemote.uplugin
LogInit: Using libcurl 7.47.1
LogInit:  - built for x86_64-pc-win32
LogInit:  - supports SSL with WinSSL
LogInit:  - other features:
LogInit:      CURL_VERSION_SSL
LogInit:      CURL_VERSION_IPV6
LogInit:      CURL_VERSION_ASYNCHDNS
LogInit:      CURL_VERSION_LARGEFILE
LogInit:      CURL_VERSION_IDN
LogInit:  CurlRequestOptions (configurable via config and command line):
LogInit:  - bVerifyPeer = false  - Libcurl will NOT verify peer certificate
LogInit:  - bUseHttpProxy = false  - Libcurl will NOT use HTTP proxy
LogInit:  - bDontReuseConnections = false  - Libcurl will reuse connections
LogInit:  - CertBundlePath = nullptr  - Libcurl will use whatever was configured at build time.
LogInit: Build: ++UE4+Release-4.13-CL-3142249
LogInit: Engine Version: 4.13.1-3142249+++UE4+Release-4.13
LogInit: Compatible Engine Version: 4.13.0-3106830+++UE4+Release-4.13
LogInit: Net CL: 3142249
LogDevObjectVersion: Number of dev versions registered: 13
LogDevObjectVersion:   Dev-Blueprints (B0D832E4-1F89-4F0D-ACCF-7EB736FD4AA2): 5
LogDevObjectVersion:   Dev-Build (E1C64328-A22C-4D53-A36C-8E866417BD8C): 0
LogDevObjectVersion:   Dev-Core (375EC13C-06E4-48FB-B500-84F0262A717E): 1
LogDevObjectVersion:   Dev-Editor (E4B068ED-F494-42E9-A231-DA0B2E46BB41): 6
LogDevObjectVersion:   Dev-Framework (CFFC743F-43B0-4480-9391-14DF171D2073): 12
LogDevObjectVersion:   Dev-Mobile (B02B49B5-BB20-44E9-A304-32B752E40360): 0
LogDevObjectVersion:   Dev-Networking (A4E4105C-59A1-49B5-A7C5-40C4547EDFEE): 0
LogDevObjectVersion:   Dev-Online (39C831C9-5AE6-47DC-9A44-9C173E1C8E7C): 0
LogDevObjectVersion:   Dev-Physics (78F01B33-EBEA-4F98-B9B4-84EACCB95AA2): 0
LogDevObjectVersion:   Dev-Platform (6631380F-2D4D-43E0-8009-CF276956A95A): 0
LogDevObjectVersion:   Dev-Rendering (12F88B9F-8875-4AFC-A67C-D90C383ABD29): 4
LogDevObjectVersion:   Dev-Sequencer (7B5AE74C-D270-4C10-A958-57980B212A5A): 0
LogDevObjectVersion:   Dev-VR (D7296918-1DD6-4BDD-9DE2-64A83CC13884): 0
LogInit: Compiled (64-bit): Sep 28 2016 02:12:12
LogInit: Compiled with Visual C++: 19.00.23026.00
LogInit: Build Configuration: Development
LogInit: Branch Name: ++UE4+Release-4.13
LogInit: Command line: -EpicPortal 
LogInit: Base directory: E:/Epic Games/4.13/Engine/Binaries/Win64/
LogInit: Installed Engine Build: 1
LogInit: Presizing for max 8388607 objects, including 0 objects not considered by GC, pre-allocating 0 bytes for permanent pool.
LogInit: Object subsystem initialized
[2016.12.01-16.33.07:650][  0]LogInit: Selected Device Profile: [Windows]
[2016.12.01-16.33.07:650][  0]LogInit: Applying CVar settings loaded from the selected device profile: [Windows]
[2016.12.01-16.33.07:665][  0]LogInit: Computer: ARMEN-PC
[2016.12.01-16.33.07:665][  0]LogInit: User: Armen
[2016.12.01-16.33.07:665][  0]LogInit: CPU Page size=65536, Cores=4
[2016.12.01-16.33.07:665][  0]LogInit: High frequency timer resolution =3.527405 MHz
[2016.12.01-16.33.07:666][  0]LogMemory: Memory total: Physical=7.9GB (8GB approx)
[2016.12.01-16.33.07:666][  0]LogMemory: Platform Memory Stats for Windows
[2016.12.01-16.33.07:666][  0]LogMemory: Process Physical Memory: 256.50 MB used, 256.50 MB peak
[2016.12.01-16.33.07:666][  0]LogMemory: Process Virtual Memory: 259.96 MB used, 259.96 MB peak
[2016.12.01-16.33.07:666][  0]LogMemory: Physical Memory: 4676.52 MB used, 8120.40 MB total
[2016.12.01-16.33.07:666][  0]LogMemory: Virtual Memory: 623.39 MB used, 134217728.00 MB total
[2016.12.01-16.33.07:694][  0]LogTextLocalizationManager: No translations for ('fr-FR') exist, falling back to 'en' for localization and internationalization data.
[2016.12.01-16.33.08:469][  0]LogD3D11RHI: D3D11 adapters:
[2016.12.01-16.33.08:486][  0]LogD3D11RHI:    0. 'AMD Radeon HD 7800 Series' (Feature Level 11_0)
[2016.12.01-16.33.08:486][  0]LogD3D11RHI:       2029/0/4060 MB DedicatedVideo/DedicatedSystem/SharedSystem, Outputs:2, VendorId:0x1002
[2016.12.01-16.33.08:488][  0]LogD3D11RHI:    1. 'Microsoft Basic Render Driver' (Feature Level 11_0)
[2016.12.01-16.33.08:488][  0]LogD3D11RHI:       0/0/4060 MB DedicatedVideo/DedicatedSystem/SharedSystem, Outputs:0, VendorId:0x1414
[2016.12.01-16.33.08:488][  0]LogD3D11RHI: Chosen D3D11 Adapter: 0
[2016.12.01-16.33.08:496][  0]LogD3D11RHI: Creating new Direct3DDevice
[2016.12.01-16.33.08:496][  0]LogD3D11RHI:     GPU DeviceId: 0x6818 (for the marketing name, search the web for "GPU Device Id")
[2016.12.01-16.33.08:496][  0]LogWindows: EnumDisplayDevices:
[2016.12.01-16.33.08:496][  0]LogWindows:    0. 'AMD Radeon HD 7800 Series' (P:0 D:1)
[2016.12.01-16.33.08:496][  0]LogWindows:    1. 'AMD Radeon HD 7800 Series' (P:1 D:1)
[2016.12.01-16.33.08:497][  0]LogWindows:    2. 'AMD Radeon HD 7800 Series' (P:0 D:0)
[2016.12.01-16.33.08:497][  0]LogWindows:    3. 'AMD Radeon HD 7800 Series' (P:0 D:0)
[2016.12.01-16.33.08:498][  0]LogWindows:    4. 'AMD Radeon HD 7800 Series' (P:0 D:0)
[2016.12.01-16.33.08:498][  0]LogWindows:    5. 'AMD Radeon HD 7800 Series' (P:0 D:0)
[2016.12.01-16.33.08:498][  0]LogWindows: DebugString: FoundDriverCount:6 
[2016.12.01-16.33.08:498][  0]LogD3D11RHI:     Adapter Name: AMD Radeon HD 7800 Series
[2016.12.01-16.33.08:498][  0]LogD3D11RHI:   Driver Version: Crimson 16.6 (internal:21.19.137.1, unified:21.19.137.1)
[2016.12.01-16.33.08:498][  0]LogD3D11RHI:      Driver Date: 9-16-2016
[2016.12.01-16.33.08:498][  0]LogRHI: Texture pool is 1361 MB (70% of 1945 MB)
[2016.12.01-16.33.08:508][  0]LogD3D11RHI: Async texture creation enabled
[2016.12.01-16.33.08:525][  0]LogD3D11RHI: GPU Timing Frequency: 27.000000 (Debug: 2 1)
[2016.12.01-16.33.08:527][  0]LogShaderCompilers: Guid format shader working directory is 10 characters bigger than the processId version (../../../../../GitHub/jeuxVideo/jeux/Intermediate/Shaders/WorkingDirectory/3864/).
[2016.12.01-16.33.08:527][  0]LogShaderCompilers: Cleaned the shader compiler working directory 'C:/Users/Armen/AppData/Local/Temp/UnrealShaderWorkingDir/5C4A0945404192EBEF2D1D87068E1096/'.
[2016.12.01-16.33.08:527][  0]LogShaderCompilers:Display: Using Local Shader Compiler.
[2016.12.01-16.33.11:950][  0]LogTemp:Display: Loaded TP AllDesktopTargetPlatform
[2016.12.01-16.33.11:964][  0]LogTemp:Display: Loaded TP WindowsClientTargetPlatform
[2016.12.01-16.33.11:978][  0]LogTemp:Display: Loaded TP WindowsNoEditorTargetPlatform
[2016.12.01-16.33.11:992][  0]LogTemp:Display: Loaded TP WindowsServerTargetPlatform
[2016.12.01-16.33.12:005][  0]LogTemp:Display: Loaded TP WindowsTargetPlatform
[2016.12.01-16.33.12:015][  0]LogTemp:Display: Loaded TP AndroidTargetPlatform
[2016.12.01-16.33.12:026][  0]LogTemp:Display: Loaded TP Android_ASTCTargetPlatform
[2016.12.01-16.33.12:036][  0]LogTemp:Display: Loaded TP Android_ATCTargetPlatform
[2016.12.01-16.33.12:047][  0]LogTemp:Display: Loaded TP Android_DXTTargetPlatform
[2016.12.01-16.33.12:057][  0]LogTemp:Display: Loaded TP Android_ETC1TargetPlatform
[2016.12.01-16.33.12:068][  0]LogTemp:Display: Loaded TP Android_ETC2TargetPlatform
[2016.12.01-16.33.12:090][  0]LogTemp:Display: Loaded TP Android_MultiTargetPlatform
[2016.12.01-16.33.12:090][  0]LogTemp:Display: Loaded TP Android_PVRTCTargetPlatform
[2016.12.01-16.33.12:091][  0]LogTemp:Display: Loaded TP HTML5TargetPlatform
[2016.12.01-16.33.12:116][  0]LogTemp:Display: Loaded TP IOSTargetPlatform
[2016.12.01-16.33.12:125][  0]LogTemp:Display: Loaded TP TVOSTargetPlatform
[2016.12.01-16.33.12:135][  0]LogTemp:Display: Loaded TP LinuxClientTargetPlatform
[2016.12.01-16.33.12:146][  0]LogTemp:Display: Loaded TP LinuxNoEditorTargetPlatform
[2016.12.01-16.33.12:157][  0]LogTemp:Display: Loaded TP LinuxServerTargetPlatform
[2016.12.01-16.33.12:170][  0]LogTemp:Display: Loaded TP LinuxTargetPlatform
[2016.12.01-16.33.12:170][  0]LogTargetPlatformManager:Display: Building Assets For Windows
[2016.12.01-16.33.12:312][  0]LogDerivedDataCache:Display: Max Cache Size: 512 MB
[2016.12.01-16.33.12:441][  0]LogDerivedDataCache: Loaded boot cache 0.13s 62MB C:/Users/Armen/AppData/Local/UnrealEngine/4.13/DerivedDataCache/Boot.ddc.
[2016.12.01-16.33.12:441][  0]LogDerivedDataCache:Display: Loaded Boot cache: C:/Users/Armen/AppData/Local/UnrealEngine/4.13/DerivedDataCache/Boot.ddc
[2016.12.01-16.33.12:441][  0]LogDerivedDataCache: FDerivedDataBackendGraph:  Pak pak cache file ../../../../../GitHub/jeuxVideo/jeux/DerivedDataCache/DDC.ddp not found, will not use a pak cache.
[2016.12.01-16.33.12:441][  0]LogDerivedDataCache: Unable to find inner node Pak for hierarchical cache Hierarchy.
[2016.12.01-16.33.12:441][  0]LogDerivedDataCache: FDerivedDataBackendGraph:  CompressedPak pak cache file ../../../../../GitHub/jeuxVideo/jeux/DerivedDataCache/Compressed.ddp not found, will not use a pak cache.
[2016.12.01-16.33.12:441][  0]LogDerivedDataCache: Unable to find inner node CompressedPak for hierarchical cache Hierarchy.
[2016.12.01-16.33.12:471][  0]LogDerivedDataCache:Display: Pak cache opened for reading ../../../Engine/DerivedDataCache/Compressed.ddp.
[2016.12.01-16.33.12:483][  0]LogDerivedDataCache: Using Local data cache path C:/Users/Armen/AppData/Local/UnrealEngine/Common/DerivedDataCache: Writable
[2016.12.01-16.33.12:801][  0]LogInit: Selected Device Profile: [Windows]
[2016.12.01-16.33.12:805][  0]LogContentStreaming: Texture pool size is 0.00 MB
[2016.12.01-16.33.12:948][  0]LogMeshUtilities: No automatic mesh reduction module available
[2016.12.01-16.33.12:948][  0]LogMeshUtilities: No automatic mesh merging module available
[2016.12.01-16.33.12:948][  0]LogMeshUtilities: No distributed automatic mesh merging module available
[2016.12.01-16.33.13:035][  0]LogMaterial: Uniform references updated for custom material expression Custom.
[2016.12.01-16.33.13:504][  0]LogNetVersion: GetLocalNetworkVersion: CL: 3106830, ProjectName: jeux, ProjectVersion: , EngineNetworkVersion: 1, GameNetworkVersion: 0, NetworkChecksum: 14164607
[2016.12.01-16.33.13:547][  0]LogAssetRegistry: FAssetRegistry took 0.0215 seconds to start up
[2016.12.01-16.33.13:567][  0]LogPackageLocalizationCache: Processed 3 localized package path(s) for 1 prioritized culture(s) in 0.014429 seconds
[2016.12.01-16.33.13:576][  0]LogUObjectArray: 29778 objects as part of root set at end of initial load.
[2016.12.01-16.33.13:576][  0]LogUObjectAllocator: 6125448 out of 0 bytes used by permanent object pool.
[2016.12.01-16.33.13:576][  0]LogUObjectArray: CloseDisregardForGC: 0/0 objects in disregard for GC pool
[2016.12.01-16.33.13:590][  0]LogInit: WinSock: version 1.1 (2.2), MaxSocks=32767, MaxUdp=65467
[2016.12.01-16.33.13:875][  0]LogSlate: SlateFontCache - WITH_FREETYPE: 1, WITH_HARFBUZZ: 1
[2016.12.01-16.33.13:875][  0]LogSlate: SlateFontCache - WITH_FREETYPE: 1, WITH_HARFBUZZ: 1
[2016.12.01-16.33.14:738][  0]LogTcpMessaging: Initializing TcpMessaging bridge
[2016.12.01-16.33.14:765][  0]LogUdpMessaging: Initializing bridge on interface 0.0.0.0:0 to multicast group 230.0.0.1:6666.
[2016.12.01-16.33.15:069][  0]SourceControl: Info Source control is disabled
[2016.12.01-16.33.15:070][  0]SourceControl: Info Source control is disabled
[2016.12.01-16.33.15:083][  0]SourceControl: Info Source control is disabled
[2016.12.01-16.33.15:097][  0]SourceControl: Info Source control is disabled
[2016.12.01-16.33.15:548][  0]LogEngine: Initializing Engine...
[2016.12.01-16.33.15:549][  0]LogHMD: Failed to initialize OpenVR with code 110
[2016.12.01-16.33.15:749][  0]LogAIModule: Creating AISystem for world Untitled
[2016.12.01-16.33.15:795][  0]LogInit: XAudio2 using '1 - DELL ST2410 (AMD High Definition Audio Device)' : 2 channels at 48 kHz using 16 bits per sample (channel mask 0x3)
[2016.12.01-16.33.15:813][  0]LogInit: FAudioDevice initialized.
[2016.12.01-16.33.15:880][  0]LogDerivedDataCache: Saved boot cache 0.07s 62MB C:/Users/Armen/AppData/Local/UnrealEngine/4.13/DerivedDataCache/Boot.ddc.
[2016.12.01-16.33.15:905][  0]LogInit: Texture streaming: Enabled
[2016.12.01-16.33.15:956][  0]LogInit: Transaction tracking system initialized
[2016.12.01-16.33.16:004][  0]BlueprintLog: New page: Editor Load
[2016.12.01-16.33.16:126][  0]LocalizationService: Info Localization service is disabled
[2016.12.01-16.33.16:240][  0]LogConsoleResponse:Display: 
[2016.12.01-16.33.16:380][  0]LogCook:Display: Max memory allowance for cook 16384mb min free memory 0mb
[2016.12.01-16.33.16:380][  0]LogCook:Display: Mobile HDR setting 1
[2016.12.01-16.33.16:636][  0]LogFileCache: Scanning file cache for directory 'E:/GitHub/jeuxVideo/jeux/Content/' took 0.02s
[2016.12.01-16.33.16:636][  0]SourceControl: Info Source control is disabled
[2016.12.01-16.33.16:636][  0]Cmd: MAP LOAD FILE="../../../../../GitHub/jeuxVideo/jeux/Content/ThirdPersonBP/Maps/Bowser1.umap" TEMPLATE=0 SHOWPROGRESS=1 FEATURELEVEL=3
[2016.12.01-16.33.16:637][  0]LightingResults: New page: Lighting Build
[2016.12.01-16.33.16:642][  0]MapCheck: New page: Map Check
[2016.12.01-16.33.16:642][  0]LightingResults: New page: Lighting Build
[2016.12.01-16.33.17:067][  0]LogAIModule: Creating AISystem for world Bowser1
[2016.12.01-16.33.17:072][  0]LogEditorServer: Finished looking for orphan Actors (0.000 secs)
[2016.12.01-16.33.17:073][  0]Cmd: MAP CHECKDEP NOCLEARLOG
[2016.12.01-16.33.17:122][  0]MapCheck: Info Map check complete: 0 Error(s), 0 Warning(s), took 48.827ms to complete.
[2016.12.01-16.33.17:122][  0]LogFileHelpers: Loading map 'Bowser1' took 0.485
[2016.12.01-16.33.17:283][  0]LogCollectionManager: Loaded 0 collections in 0.002964 seconds
[2016.12.01-16.33.17:334][  0]LogFileCache: Scanning file cache for directory 'E:/GitHub/jeuxVideo/jeux/Saved/Collections/' took 0.01s
[2016.12.01-16.33.17:334][  0]LogFileCache: Scanning file cache for directory 'E:/GitHub/jeuxVideo/jeux/Content/Developers/Armen/Collections/' took 0.01s
[2016.12.01-16.33.17:335][  0]LogFileCache: Scanning file cache for directory 'E:/GitHub/jeuxVideo/jeux/Content/Collections/' took 0.01s
[2016.12.01-16.33.17:335][  0]LogCollectionManager: Rebuilt the GUID cache for 0 collections in 0.000004 seconds
[2016.12.01-16.33.17:349][  0]LogContentBrowser: Native class hierarchy populated in 0.0141 seconds. Added 2141 classes and 415 folders.
[2016.12.01-16.33.17:354][  0]LogStats: UGameplayTagsManager::ConstructGameplayTagTree: Construct from data asset -  0.000 s
[2016.12.01-16.33.17:354][  0]LogStats: UGameplayTagsManager::ConstructGameplayTagTree: GameplayTagTreeChangedEvent.Broadcast -  0.000 s
[2016.12.01-16.33.17:355][  0]LogContentBrowser: Native class hierarchy updated for 'GameplayTags' in 0.0007 seconds. Added 12 classes and 0 folders.
[2016.12.01-16.33.17:362][  0]LogContentBrowser: Native class hierarchy updated for 'WidgetCarousel' in 0.0005 seconds. Added 0 classes and 0 folders.
[2016.12.01-16.33.17:416][  0]LogContentBrowser: Native class hierarchy updated for 'AddContentDialog' in 0.0005 seconds. Added 0 classes and 0 folders.
[2016.12.01-16.33.17:422][  0]LogContentBrowser: Native class hierarchy updated for 'SceneOutliner' in 0.0007 seconds. Added 1 classes and 2 folders.
[2016.12.01-16.33.17:441][  0]LogCrashTracker: Crashtracker disabled due to settings.
[2016.12.01-16.33.17:447][  0]LogUObjectGlobals:Warning: Failed to find object 'Class None.'
[2016.12.01-16.33.17:477][  0]LogContentBrowser: Native class hierarchy updated for 'HierarchicalLODOutliner' in 0.0009 seconds. Added 1 classes and 2 folders.
[2016.12.01-16.33.17:477][  0]LogLoad: (Engine Initialization) Total time: 11.16 seconds
[2016.12.01-16.33.17:477][  0]LogLoad: (Engine Initialization) Total Blueprint compile time: 0.08 seconds
[2016.12.01-16.33.17:477][  0]LogExternalProfiler: Found external profiler: VSPerf
[2016.12.01-16.33.17:477][  0]LogExternalProfiler: Using external profiler: VSPerf
[2016.12.01-16.33.17:487][  0]LogWindowsTextInputMethodSystem:Display: IME system now deactivated.
[2016.12.01-16.33.17:487][  0]LogOcInput: OculusInput pre-init called
[2016.12.01-16.33.17:507][  0]LogContentStreaming: Texture pool size now 1000 MB
[2016.12.01-16.33.17:751][  0]LogRenderer: Reallocating scene render targets to support 1208x576 (Frame:2).
[2016.12.01-16.33.17:910][  2]LogAssetRegistry: Asset discovery search completed in 4.3847 seconds
[2016.12.01-16.33.17:910][  2]LogCollectionManager: Rebuilt the object cache for 0 collections in 0.000001 seconds (found 0 objects)
[2016.12.01-16.33.17:910][  2]LogCollectionManager: Fixed up redirectors for 0 collections in 0.000027 seconds (updated 0 objects)
[2016.12.01-16.35.34:580][165]LogContentBrowser: Native class hierarchy updated for 'BlueprintGraph' in 0.0015 seconds. Added 112 classes and 0 folders.
[2016.12.01-16.35.35:647][165]LogTexture:Display: Building textures: TilePatine_N (BC5)
[2016.12.01-16.35.35:724][165]LogTexture:Display: Building textures: TilePatine_D (AutoDXT)
[2016.12.01-16.35.36:172][165]LogTexture:Display: Building textures: Blueprint_64x (BGRA8)
[2016.12.01-16.36.08:981][477]BlueprintLog: New page: Compile ThirdPersonCharacter
[2016.12.01-16.36.09:657][502]Cmd: OBJ SAVEPACKAGE PACKAGE="/Game/ThirdPersonBP/Blueprints/ThirdPersonCharacter" FILE="../../../../../GitHub/jeuxVideo/jeux/Content/ThirdPersonBP/Blueprints/ThirdPersonCharacter.uasset" SILENT=true
[2016.12.01-16.36.09:746][502]LogSavePackage: Save=71.15ms
[2016.12.01-16.36.09:746][502]LogSavePackage: Moving '../../../../../GitHub/jeuxVideo/jeux/Saved/ThirdPersonCharacter91C87C064D4705D0AB9D2498E8917C5B.tmp' to '../../../../../GitHub/jeuxVideo/jeux/Content/ThirdPersonBP/Blueprints/ThirdPersonCharacter.uasset'
[2016.12.01-16.36.09:751][502]LogSavePackage:Display: Finished SavePackage ../../../../../GitHub/jeuxVideo/jeux/Content/ThirdPersonBP/Blueprints/ThirdPersonCharacter.uasset
[2016.12.01-16.36.10:758][573]LogPlayLevel: PlayLevel: No blueprints needed recompiling
[2016.12.01-16.36.10:821][573]PIE: New page: PIE session: Bowser1 (Dec 1, 2016, 6:36:10 AM)
[2016.12.01-16.36.10:821][573]LogPlayLevel: Creating play world package: /Game/ThirdPersonBP/Maps/UEDPIE_0_Bowser1
[2016.12.01-16.36.10:825][573]LogPlayLevel: PIE: StaticDuplicateObject took: (0.003455s)
[2016.12.01-16.36.10:826][573]LogAIModule: Creating AISystem for world Bowser1
[2016.12.01-16.36.10:827][573]LogPlayLevel: PIE: World Init took: (0.001481s)
[2016.12.01-16.36.10:827][573]LogPlayLevel: PIE: Created PIE world by copying editor world from /Game/ThirdPersonBP/Maps/Bowser1.Bowser1 to /Game/ThirdPersonBP/Maps/UEDPIE_0_Bowser1.Bowser1 (0.005256s)
[2016.12.01-16.36.10:877][573]LogInit: XAudio2 using '1 - DELL ST2410 (AMD High Definition Audio Device)' : 2 channels at 48 kHz using 16 bits per sample (channel mask 0x3)
[2016.12.01-16.36.10:888][573]LogInit: FAudioDevice initialized.
[2016.12.01-16.36.10:982][573]LogWorld: Game class is 'ThirdPersonGameMode_C'
[2016.12.01-16.36.11:011][573]LogWorld: Bringing World /Game/ThirdPersonBP/Maps/UEDPIE_0_Bowser1.Bowser1 up for play (max tick rate 0) at 2016.12.01-11.36.11
[2016.12.01-16.36.11:012][573]LogWorld: Bringing up level for play took: 0.001748
[2016.12.01-16.36.11:029][573]LogContentBrowser: Native class hierarchy updated for 'MovieSceneCapture' in 0.0007 seconds. Added 11 classes and 0 folders.
[2016.12.01-16.36.11:029][573]LogGameMode:Display: Match State Changed from EnteringMap to WaitingToStart
[2016.12.01-16.36.11:029][573]LogGameState: Match State Changed from EnteringMap to WaitingToStart
[2016.12.01-16.36.11:029][573]LogGameMode:Display: Match State Changed from WaitingToStart to InProgress
[2016.12.01-16.36.11:053][573]LogGameState: Match State Changed from WaitingToStart to InProgress
[2016.12.01-16.36.11:053][573]PIE: Info Play in editor start time for /Game/ThirdPersonBP/Maps/UEDPIE_0_Bowser1 -0.338
[2016.12.01-16.36.40:344][680]BlueprintLog: New page: Compile ThirdPersonCharacter
[2016.12.01-16.36.40:966][708]Cmd: OBJ SAVEPACKAGE PACKAGE="/Game/ThirdPersonBP/Blueprints/ThirdPersonCharacter" FILE="../../../../../GitHub/jeuxVideo/jeux/Content/ThirdPersonBP/Blueprints/ThirdPersonCharacter.uasset" SILENT=true
[2016.12.01-16.36.41:041][708]LogSavePackage: Save=73.14ms
[2016.12.01-16.36.41:041][708]LogSavePackage: Moving '../../../../../GitHub/jeuxVideo/jeux/Saved/ThirdPersonCharacter02BF3BB5477DF390268A9695D6D4A646.tmp' to '../../../../../GitHub/jeuxVideo/jeux/Content/ThirdPersonBP/Blueprints/ThirdPersonCharacter.uasset'
[2016.12.01-16.36.41:044][708]LogSavePackage:Display: Finished SavePackage ../../../../../GitHub/jeuxVideo/jeux/Content/ThirdPersonBP/Blueprints/ThirdPersonCharacter.uasset
[2016.12.01-16.36.45:256][937]LogEditorViewport: Clicking on Actor (context menu): StaticMeshActor (Cube)
[2016.12.01-16.36.46:519][996]LogEditorViewport: Clicking on Actor (LMB): StaticMeshActor (Cube)
[2016.12.01-16.37.21:760][606]BlueprintLog: New page: Compile ThirdPersonCharacter
[2016.12.01-16.37.22:288][616]Cmd: OBJ SAVEPACKAGE PACKAGE="/Game/ThirdPersonBP/Blueprints/ThirdPersonCharacter" FILE="../../../../../GitHub/jeuxVideo/jeux/Content/ThirdPersonBP/Blueprints/ThirdPersonCharacter.uasset" SILENT=true
[2016.12.01-16.37.22:361][616]LogSavePackage: Save=70.57ms
[2016.12.01-16.37.22:362][616]LogSavePackage: Moving '../../../../../GitHub/jeuxVideo/jeux/Saved/ThirdPersonCharacter1A439CBD41A86A40060B508FA006D204.tmp' to '../../../../../GitHub/jeuxVideo/jeux/Content/ThirdPersonBP/Blueprints/ThirdPersonCharacter.uasset'
[2016.12.01-16.37.22:366][616]LogSavePackage:Display: Finished SavePackage ../../../../../GitHub/jeuxVideo/jeux/Content/ThirdPersonBP/Blueprints/ThirdPersonCharacter.uasset
[2016.12.01-16.37.49:408][894]BlueprintLog: New page: Compile ThirdPersonCharacter
[2016.12.01-16.37.50:137][902]Cmd: OBJ SAVEPACKAGE PACKAGE="/Game/ThirdPersonBP/Blueprints/ThirdPersonCharacter" FILE="../../../../../GitHub/jeuxVideo/jeux/Content/ThirdPersonBP/Blueprints/ThirdPersonCharacter.uasset" SILENT=true
[2016.12.01-16.37.50:210][902]LogSavePackage: Save=70.44ms
[2016.12.01-16.37.50:210][902]LogSavePackage: Moving '../../../../../GitHub/jeuxVideo/jeux/Saved/ThirdPersonCharacter6A2D70CF4CED6BDE4885C1B0E25D6BDC.tmp' to '../../../../../GitHub/jeuxVideo/jeux/Content/ThirdPersonBP/Blueprints/ThirdPersonCharacter.uasset'
[2016.12.01-16.37.50:212][902]LogSavePackage:Display: Finished SavePackage ../../../../../GitHub/jeuxVideo/jeux/Content/ThirdPersonBP/Blueprints/ThirdPersonCharacter.uasset
[2016.12.01-16.38.00:280][492]LogPlayLevel: PlayLevel: No blueprints needed recompiling
[2016.12.01-16.38.00:281][492]PIE: New page: PIE session: Bowser1 (Dec 1, 2016, 6:38:00 AM)
[2016.12.01-16.38.00:281][492]LogPlayLevel: Creating play world package: /Game/ThirdPersonBP/Maps/UEDPIE_0_Bowser1
[2016.12.01-16.38.00:283][492]LogPlayLevel: PIE: StaticDuplicateObject took: (0.002617s)
[2016.12.01-16.38.00:284][492]LogAIModule: Creating AISystem for world Bowser1
[2016.12.01-16.38.00:285][492]LogPlayLevel: PIE: World Init took: (0.001358s)
[2016.12.01-16.38.00:285][492]LogPlayLevel: PIE: Created PIE world by copying editor world from /Game/ThirdPersonBP/Maps/Bowser1.Bowser1 to /Game/ThirdPersonBP/Maps/UEDPIE_0_Bowser1.Bowser1 (0.004241s)
[2016.12.01-16.38.00:329][492]LogInit: XAudio2 using '1 - DELL ST2410 (AMD High Definition Audio Device)' : 2 channels at 48 kHz using 16 bits per sample (channel mask 0x3)
[2016.12.01-16.38.00:340][492]LogInit: FAudioDevice initialized.
[2016.12.01-16.38.00:370][492]LogWorld: Game class is 'ThirdPersonGameMode_C'
[2016.12.01-16.38.00:373][492]LogWorld: Bringing World /Game/ThirdPersonBP/Maps/UEDPIE_0_Bowser1.Bowser1 up for play (max tick rate 0) at 2016.12.01-11.38.00
[2016.12.01-16.38.00:374][492]LogWorld: Bringing up level for play took: 0.001863
[2016.12.01-16.38.00:374][492]LogGameMode:Display: Match State Changed from EnteringMap to WaitingToStart
[2016.12.01-16.38.00:374][492]LogGameState: Match State Changed from EnteringMap to WaitingToStart
[2016.12.01-16.38.00:374][492]LogGameMode:Display: Match State Changed from WaitingToStart to InProgress
[2016.12.01-16.38.00:376][492]LogGameState: Match State Changed from WaitingToStart to InProgress
[2016.12.01-16.38.00:376][492]PIE: Info Play in editor start time for /Game/ThirdPersonBP/Maps/UEDPIE_0_Bowser1 0.986
[2016.12.01-16.38.19:446][714]LogObjectTools:Warning: ForceReplaceReferences replaced references for a transient object 'DEADCLASS_HudLifeTest_C_0' or package '/Engine/Transient'.
[2016.12.01-16.38.19:446][714]LogObjectTools:Warning: ForceReplaceReferences replaced references for a transient object 'DEADCLASS_HudLifeTest_C_1' or package '/Engine/Transient'.
[2016.12.01-16.38.19:446][714]LogObjectTools:Warning: ForceReplaceReferences replaced references for a transient object 'NewVar_0' or package '/Engine/Transient'.
[2016.12.01-16.38.19:446][714]LogObjectTools:Warning: ForceReplaceReferences replaced references for a transient object 'REINST_SKEL_HudLifeTest_C_3' or package '/Engine/Transient'.
[2016.12.01-16.38.19:446][714]LogObjectTools:Warning: ForceReplaceReferences replaced references for a transient object 'NewVar_0' or package '/Engine/Transient'.
[2016.12.01-16.38.19:446][714]LogObjectTools:Warning: ForceReplaceReferences replaced references for a transient object 'REINST_HudLifeTest_C_2' or package '/Engine/Transient'.
[2016.12.01-16.38.21:856][908]Cmd: OBJ SAVEPACKAGE PACKAGE="/Game/ThirdPersonBP/Maps/Bowser1" FILE="../../../../../GitHub/jeuxVideo/jeux/Content/ThirdPersonBP/Maps/Bowser1.umap" SILENT=true AUTOSAVING=false KEEPDIRTY=false
[2016.12.01-16.38.21:924][908]LogSavePackage: Save=40.42ms
[2016.12.01-16.38.21:924][908]LogSavePackage: Moving '../../../../../GitHub/jeuxVideo/jeux/Saved/Bowser17636B3C64E05CDE0CBCC8B9B9BA27F53.tmp' to '../../../../../GitHub/jeuxVideo/jeux/Content/ThirdPersonBP/Maps/Bowser1.umap'
[2016.12.01-16.38.21:926][908]LogSavePackage:Display: Finished SavePackage ../../../../../GitHub/jeuxVideo/jeux/Content/ThirdPersonBP/Maps/Bowser1.umap
[2016.12.01-16.38.22:561][972]LogPlayLevel: PlayLevel: No blueprints needed recompiling
[2016.12.01-16.38.22:561][972]PIE: New page: PIE session: Bowser1 (Dec 1, 2016, 6:38:22 AM)
[2016.12.01-16.38.22:561][972]LogPlayLevel: Creating play world package: /Game/ThirdPersonBP/Maps/UEDPIE_0_Bowser1
[2016.12.01-16.38.22:564][972]LogPlayLevel: PIE: StaticDuplicateObject took: (0.002643s)
[2016.12.01-16.38.22:565][972]LogAIModule: Creating AISystem for world Bowser1
[2016.12.01-16.38.22:565][972]LogPlayLevel: PIE: World Init took: (0.001303s)
[2016.12.01-16.38.22:566][972]LogPlayLevel: PIE: Created PIE world by copying editor world from /Game/ThirdPersonBP/Maps/Bowser1.Bowser1 to /Game/ThirdPersonBP/Maps/UEDPIE_0_Bowser1.Bowser1 (0.004209s)
[2016.12.01-16.38.22:611][972]LogInit: XAudio2 using '1 - DELL ST2410 (AMD High Definition Audio Device)' : 2 channels at 48 kHz using 16 bits per sample (channel mask 0x3)
[2016.12.01-16.38.22:622][972]LogInit: FAudioDevice initialized.
[2016.12.01-16.38.22:651][972]LogWorld: Game class is 'ThirdPersonGameMode_C'
[2016.12.01-16.38.22:654][972]LogWorld: Bringing World /Game/ThirdPersonBP/Maps/UEDPIE_0_Bowser1.Bowser1 up for play (max tick rate 0) at 2016.12.01-11.38.22
[2016.12.01-16.38.22:654][972]LogWorld: Bringing up level for play took: 0.001755
[2016.12.01-16.38.22:655][972]LogGameMode:Display: Match State Changed from EnteringMap to WaitingToStart
[2016.12.01-16.38.22:655][972]LogGameState: Match State Changed from EnteringMap to WaitingToStart
[2016.12.01-16.38.22:655][972]LogGameMode:Display: Match State Changed from WaitingToStart to InProgress
[2016.12.01-16.38.22:657][972]LogGameState: Match State Changed from WaitingToStart to InProgress
[2016.12.01-16.38.22:657][972]PIE: Info Play in editor start time for /Game/ThirdPersonBP/Maps/UEDPIE_0_Bowser1 -0.734
[2016.12.01-16.38.36:200][195]Cmd: OBJ SAVEPACKAGE PACKAGE="/Game/ThirdPersonBP/Blueprints/ThirdPersonCharacter" FILE="../../../../../GitHub/jeuxVideo/jeux/Content/ThirdPersonBP/Blueprints/ThirdPersonCharacter.uasset" SILENT=true
[2016.12.01-16.38.36:263][195]LogSavePackage: Save=60.88ms
[2016.12.01-16.38.36:263][195]LogSavePackage: Moving '../../../../../GitHub/jeuxVideo/jeux/Saved/ThirdPersonCharacter98BC656B4E6750A904BE688BA3B070FF.tmp' to '../../../../../GitHub/jeuxVideo/jeux/Content/ThirdPersonBP/Blueprints/ThirdPersonCharacter.uasset'
[2016.12.01-16.38.36:265][195]LogSavePackage:Display: Finished SavePackage ../../../../../GitHub/jeuxVideo/jeux/Content/ThirdPersonBP/Blueprints/ThirdPersonCharacter.uasset
[2016.12.01-16.38.46:083][839]BlueprintLog: New page: Compile ThirdPersonCharacter
[2016.12.01-16.38.46:676][846]Cmd: OBJ SAVEPACKAGE PACKAGE="/Game/ThirdPersonBP/Blueprints/ThirdPersonCharacter" FILE="../../../../../GitHub/jeuxVideo/jeux/Content/ThirdPersonBP/Blueprints/ThirdPersonCharacter.uasset" SILENT=true
[2016.12.01-16.38.46:762][846]LogSavePackage: Save=82.77ms
[2016.12.01-16.38.46:762][846]LogSavePackage: Moving '../../../../../GitHub/jeuxVideo/jeux/Saved/ThirdPersonCharacter9E521365482B353BA9E0F989DF7BF1BD.tmp' to '../../../../../GitHub/jeuxVideo/jeux/Content/ThirdPersonBP/Blueprints/ThirdPersonCharacter.uasset'
[2016.12.01-16.38.46:764][846]LogSavePackage:Display: Finished SavePackage ../../../../../GitHub/jeuxVideo/jeux/Content/ThirdPersonBP/Blueprints/ThirdPersonCharacter.uasset
[2016.12.01-16.38.48:701][951]LogPlayLevel: PlayLevel: No blueprints needed recompiling
[2016.12.01-16.38.48:701][951]PIE: New page: PIE session: Bowser1 (Dec 1, 2016, 6:38:48 AM)
[2016.12.01-16.38.48:701][951]LogPlayLevel: Creating play world package: /Game/ThirdPersonBP/Maps/UEDPIE_0_Bowser1
[2016.12.01-16.38.48:704][951]LogPlayLevel: PIE: StaticDuplicateObject took: (0.002418s)
[2016.12.01-16.38.48:705][951]LogAIModule: Creating AISystem for world Bowser1
[2016.12.01-16.38.48:705][951]LogPlayLevel: PIE: World Init took: (0.001464s)
[2016.12.01-16.38.48:705][951]LogPlayLevel: PIE: Created PIE world by copying editor world from /Game/ThirdPersonBP/Maps/Bowser1.Bowser1 to /Game/ThirdPersonBP/Maps/UEDPIE_0_Bowser1.Bowser1 (0.004138s)
[2016.12.01-16.38.48:798][951]LogInit: XAudio2 using '1 - DELL ST2410 (AMD High Definition Audio Device)' : 2 channels at 48 kHz using 16 bits per sample (channel mask 0x3)
[2016.12.01-16.38.48:809][951]LogInit: FAudioDevice initialized.
[2016.12.01-16.38.48:838][951]LogWorld: Game class is 'ThirdPersonGameMode_C'
[2016.12.01-16.38.48:842][951]LogWorld: Bringing World /Game/ThirdPersonBP/Maps/UEDPIE_0_Bowser1.Bowser1 up for play (max tick rate 0) at 2016.12.01-11.38.48
[2016.12.01-16.38.48:842][951]LogWorld: Bringing up level for play took: 0.001940
[2016.12.01-16.38.48:843][951]LogGameMode:Display: Match State Changed from EnteringMap to WaitingToStart
[2016.12.01-16.38.48:843][951]LogGameState: Match State Changed from EnteringMap to WaitingToStart
[2016.12.01-16.38.48:843][951]LogGameMode:Display: Match State Changed from WaitingToStart to InProgress
[2016.12.01-16.38.48:845][951]LogGameState: Match State Changed from WaitingToStart to InProgress
[2016.12.01-16.38.48:845][951]PIE: Info Play in editor start time for /Game/ThirdPersonBP/Maps/UEDPIE_0_Bowser1 -0.546
[2016.12.01-16.40.13:772][560]LogTextFormatter:Warning: Failed to parse argument "RootClass" as a number (using "0" as a fallback). Please check your format string for errors: "Select {RootClass} Class".
[2016.12.01-16.40.13:773][560]LogTextFormatter:Warning: Failed to parse argument "GameStateName" as a number (using "0" as a fallback). Please check your format string for errors: "GameState: {GameStateName}".
[2016.12.01-16.40.13:773][560]LogTextFormatter:Warning: Failed to parse argument "PawnName" as a number (using "0" as a fallback). Please check your format string for errors: "Pawn: Edit {PawnName}".
[2016.12.01-16.40.13:773][560]LogTextFormatter:Warning: Failed to parse argument "HUDName" as a number (using "0" as a fallback). Please check your format string for errors: "HUD: {HUDName}".
[2016.12.01-16.40.13:773][560]LogTextFormatter:Warning: Failed to parse argument "PlayerControllerName" as a number (using "0" as a fallback). Please check your format string for errors: "PlayerController: {PlayerControllerName}".
[2016.12.01-16.40.45:984][587]LogRenderer: Reallocating scene render targets to support 1208x660 (Frame:30252).
[2016.12.01-16.41.12:448][133]LogTextFormatter:Warning: Failed to parse argument "RootClass" as a number (using "0" as a fallback). Please check your format string for errors: "Select {RootClass} Class".
[2016.12.01-16.41.12:448][133]LogTextFormatter:Warning: Failed to parse argument "GameStateName" as a number (using "0" as a fallback). Please check your format string for errors: "GameState: {GameStateName}".
[2016.12.01-16.41.12:449][133]LogTextFormatter:Warning: Failed to parse argument "PawnName" as a number (using "0" as a fallback). Please check your format string for errors: "Pawn: Edit {PawnName}".
[2016.12.01-16.41.12:449][133]LogTextFormatter:Warning: Failed to parse argument "HUDName" as a number (using "0" as a fallback). Please check your format string for errors: "HUD: {HUDName}".
[2016.12.01-16.41.12:449][133]LogTextFormatter:Warning: Failed to parse argument "PlayerControllerName" as a number (using "0" as a fallback). Please check your format string for errors: "PlayerController: {PlayerControllerName}".
[2016.12.01-16.41.13:714][261]LogTextFormatter:Warning: Failed to parse argument "RootClass" as a number (using "0" as a fallback). Please check your format string for errors: "Select {RootClass} parent class".
[2016.12.01-16.41.13:728][261]LogSlate:Warning: Prevented a slow task dialog from being summoned while a context menu was open
[2016.12.01-16.41.13:862][265]LogTextFormatter:Warning: Failed to parse argument "RootClass" as a number (using "0" as a fallback). Please check your format string for errors: "Select {RootClass} Class".
[2016.12.01-16.41.13:897][266]LogTextFormatter:Warning: Failed to parse argument "RootClass" as a number (using "0" as a fallback). Please check your format string for errors: "Select {RootClass} Class".
[2016.12.01-16.41.14:433][314]LogTextFormatter:Warning: Failed to parse argument "RootClass" as a number (using "0" as a fallback). Please check your format string for errors: "Select {RootClass} Class".
[2016.12.01-16.41.15:367][398]LogTextFormatter:Warning: Failed to parse argument "RootClass" as a number (using "0" as a fallback). Please check your format string for errors: "Select {RootClass} parent class".
[2016.12.01-16.44.35:744][756]BlueprintLog: New page: Compile PlayerHUD
[2016.12.01-16.45.01:752][527]LogObjectTools:Warning: ForceReplaceReferences replaced references for a transient object 'REINST_PlayerHUD_C_68' or package '/Engine/Transient'.
[2016.12.01-16.45.01:752][527]LogObjectTools:Warning: ForceReplaceReferences replaced references for a transient object 'DEADCLASS_PlayerHUD_C_3' or package '/Engine/Transient'.
[2016.12.01-16.45.01:752][527]LogObjectTools:Warning: ForceReplaceReferences replaced references for a transient object 'REINST_SKEL_PlayerHUD_C_73' or package '/Engine/Transient'.
[2016.12.01-16.45.01:752][527]LogObjectTools:Warning: ForceReplaceReferences replaced references for a transient object 'DEADCLASS_PlayerHUD_C_2' or package '/Engine/Transient'.
[2016.12.01-16.45.01:753][527]LogObjectTools:Warning: ForceReplaceReferences replaced references for a transient object 'REINST_PlayerHUD_C_72' or package '/Engine/Transient'.
[2016.12.01-16.45.43:284][676]LogMetaData: Removing '/Game/ThirdPersonBP/UI/PlayerHUD.SKEL_PlayerHUD_C' ref from Metadata '/Game/ThirdPersonBP/UI/NewWidgetBlueprint.PackageMetaData'
[2016.12.01-16.45.43:284][676]LogMetaData: Removing '/Game/ThirdPersonBP/UI/PlayerHUD.PlayerHUD_C' ref from Metadata '/Game/ThirdPersonBP/UI/NewWidgetBlueprint.PackageMetaData'
[2016.12.01-16.45.43:284][676]LogMetaData: Removing '/Game/ThirdPersonBP/UI/PlayerHUD.PlayerHUD:EventGraph.K2Node_Event_0' ref from Metadata '/Game/ThirdPersonBP/UI/NewWidgetBlueprint.PackageMetaData'
[2016.12.01-16.45.43:284][676]LogMetaData: Removing '/Game/ThirdPersonBP/UI/PlayerHUD.PlayerHUD:EventGraph.K2Node_Event_1' ref from Metadata '/Game/ThirdPersonBP/UI/NewWidgetBlueprint.PackageMetaData'
[2016.12.01-16.45.43:310][676]Cmd: OBJ SAVEPACKAGE PACKAGE="/Game/ThirdPersonBP/UI/PlayerHUD" FILE="../../../../../GitHub/jeuxVideo/jeux/Content/ThirdPersonBP/UI/PlayerHUD.uasset" SILENT=true
[2016.12.01-16.45.43:331][676]LogSavePackage: Save=19.40ms
[2016.12.01-16.45.43:331][676]LogSavePackage: Moving '../../../../../GitHub/jeuxVideo/jeux/Saved/PlayerHUD2D470C2B4545EDA7794A27B4869BF476.tmp' to '../../../../../GitHub/jeuxVideo/jeux/Content/ThirdPersonBP/UI/PlayerHUD.uasset'
[2016.12.01-16.45.43:333][676]LogSavePackage:Display: Finished SavePackage ../../../../../GitHub/jeuxVideo/jeux/Content/ThirdPersonBP/UI/PlayerHUD.uasset
[2016.12.01-16.48.18:214][948]BlueprintLog: New page: Compile PlayerHUD
[2016.12.01-16.48.19:900][ 11]Cmd: OBJ SAVEPACKAGE PACKAGE="/Game/ThirdPersonBP/UI/PlayerHUD" FILE="../../../../../GitHub/jeuxVideo/jeux/Content/ThirdPersonBP/UI/PlayerHUD.uasset" SILENT=true
[2016.12.01-16.48.19:923][ 11]LogSavePackage: Save=13.72ms
[2016.12.01-16.48.19:923][ 11]LogSavePackage: Moving '../../../../../GitHub/jeuxVideo/jeux/Saved/PlayerHUD4274AB94448856036730FE82D02EBC58.tmp' to '../../../../../GitHub/jeuxVideo/jeux/Content/ThirdPersonBP/UI/PlayerHUD.uasset'
[2016.12.01-16.48.19:925][ 11]LogSavePackage:Display: Finished SavePackage ../../../../../GitHub/jeuxVideo/jeux/Content/ThirdPersonBP/UI/PlayerHUD.uasset
[2016.12.01-16.49.17:163][940]LogFileHelpers: Editor autosave (incl. sublevels) for '/Game/ThirdPersonBP/Maps/Bowser1' took 0.031
[2016.12.01-16.49.17:394][940]OBJ SavePackage: Generating thumbnails for [1] asset(s) in package [/Game/ThirdPersonBP/Blueprints/ThirdPersonCharacter] ([1] browsable assets)...
[2016.12.01-16.49.17:416][940]OBJ SavePackage:     Rendered thumbnail for [Blueprint /Game/ThirdPersonBP/Blueprints/ThirdPersonCharacter.ThirdPersonCharacter]
[2016.12.01-16.49.17:416][940]OBJ SavePackage: Finished generating thumbnails for package [/Game/ThirdPersonBP/Blueprints/ThirdPersonCharacter]
[2016.12.01-16.49.17:502][940]LogSavePackage: Save=77.27ms
[2016.12.01-16.49.17:502][940]LogSavePackage: Moving '../../../../../GitHub/jeuxVideo/jeux/Saved/ThirdPersonCharacter_Auto12D3084A544DFE86E998E099AD0995C24.tmp' to '../../../../../GitHub/jeuxVideo/jeux/Saved/Autosaves/Game/ThirdPersonBP/Blueprints/ThirdPersonCharacter_Auto1.uasset'
[2016.12.01-16.49.17:520][940]LogSavePackage:Display: Finished SavePackage ../../../../../GitHub/jeuxVideo/jeux/Saved/Autosaves/Game/ThirdPersonBP/Blueprints/ThirdPersonCharacter_Auto1.uasset
[2016.12.01-16.49.17:527][940]LogSavePackage: Save=4.61ms
[2016.12.01-16.49.17:527][940]LogSavePackage: Moving '../../../../../GitHub/jeuxVideo/jeux/Saved/NewWidgetBlueprint_Auto182266F7A4997238C01D3DAB8923B7966.tmp' to '../../../../../GitHub/jeuxVideo/jeux/Saved/Autosaves/Game/ThirdPersonBP/UI/NewWidgetBlueprint_Auto1.uasset'
[2016.12.01-16.49.17:527][940]LogSavePackage:Display: Finished SavePackage ../../../../../GitHub/jeuxVideo/jeux/Saved/Autosaves/Game/ThirdPersonBP/UI/NewWidgetBlueprint_Auto1.uasset
[2016.12.01-16.49.17:528][940]OBJ SavePackage: Generating thumbnails for [0] asset(s) in package [/Game/ThirdPersonBP/Blueprints/ThirdPersonGameMode] ([1] browsable assets)...
[2016.12.01-16.49.17:528][940]OBJ SavePackage: Finished generating thumbnails for package [/Game/ThirdPersonBP/Blueprints/ThirdPersonGameMode]
[2016.12.01-16.49.17:554][940]LogSavePackage: Save=18.29ms
[2016.12.01-16.49.17:554][940]LogSavePackage: Moving '../../../../../GitHub/jeuxVideo/jeux/Saved/ThirdPersonGameMode_Auto187C0F34A4A1D9B119FD0D9AA9262102B.tmp' to '../../../../../GitHub/jeuxVideo/jeux/Saved/Autosaves/Game/ThirdPersonBP/Blueprints/ThirdPersonGameMode_Auto1.uasset'
[2016.12.01-16.49.17:555][940]LogSavePackage:Display: Finished SavePackage ../../../../../GitHub/jeuxVideo/jeux/Saved/Autosaves/Game/ThirdPersonBP/Blueprints/ThirdPersonGameMode_Auto1.uasset
[2016.12.01-16.49.17:555][940]LogFileHelpers: Auto-saving content packages took 0.163
[2016.12.01-16.49.29:591][977]BlueprintLog: New page: Compile ThirdPersonCharacter
[2016.12.01-16.49.30:374][979]BlueprintLog: New page: Compile ThirdPersonCharacter
[2016.12.01-16.49.31:006][981]Cmd: OBJ SAVEPACKAGE PACKAGE="/Game/ThirdPersonBP/Blueprints/ThirdPersonCharacter" FILE="../../../../../GitHub/jeuxVideo/jeux/Content/ThirdPersonBP/Blueprints/ThirdPersonCharacter.uasset" SILENT=true
[2016.12.01-16.49.31:085][981]LogSavePackage: Save=75.57ms
[2016.12.01-16.49.31:085][981]LogSavePackage: Moving '../../../../../GitHub/jeuxVideo/jeux/Saved/ThirdPersonCharacter622482F7404BB0CA38C0C097EF0F7CAC.tmp' to '../../../../../GitHub/jeuxVideo/jeux/Content/ThirdPersonBP/Blueprints/ThirdPersonCharacter.uasset'
[2016.12.01-16.49.31:092][981]LogSavePackage:Display: Finished SavePackage ../../../../../GitHub/jeuxVideo/jeux/Content/ThirdPersonBP/Blueprints/ThirdPersonCharacter.uasset
[2016.12.01-16.49.31:328][994]Cmd: OBJ SAVEPACKAGE PACKAGE="/Game/ThirdPersonBP/Blueprints/ThirdPersonCharacter" FILE="../../../../../GitHub/jeuxVideo/jeux/Content/ThirdPersonBP/Blueprints/ThirdPersonCharacter.uasset" SILENT=true
[2016.12.01-16.49.31:391][994]LogSavePackage: Save=60.25ms
[2016.12.01-16.49.31:391][994]LogSavePackage: Moving '../../../../../GitHub/jeuxVideo/jeux/Saved/ThirdPersonCharacterB1EDDFA54D16BC6457B3199379756019.tmp' to '../../../../../GitHub/jeuxVideo/jeux/Content/ThirdPersonBP/Blueprints/ThirdPersonCharacter.uasset'
[2016.12.01-16.49.31:392][994]LogSavePackage:Display: Finished SavePackage ../../../../../GitHub/jeuxVideo/jeux/Content/ThirdPersonBP/Blueprints/ThirdPersonCharacter.uasset
[2016.12.01-16.49.37:477][325]Cmd: OBJ SAVEPACKAGE PACKAGE="/Game/ThirdPersonBP/Blueprints/ThirdPersonGameMode" FILE="../../../../../GitHub/jeuxVideo/jeux/Content/ThirdPersonBP/Blueprints/ThirdPersonGameMode.uasset" SILENT=true
[2016.12.01-16.49.37:494][325]LogSavePackage: Save=13.76ms
[2016.12.01-16.49.37:494][325]LogSavePackage: Moving '../../../../../GitHub/jeuxVideo/jeux/Saved/ThirdPersonGameMode22C71AD64375E73F696F9D875EFB6A35.tmp' to '../../../../../GitHub/jeuxVideo/jeux/Content/ThirdPersonBP/Blueprints/ThirdPersonGameMode.uasset'
[2016.12.01-16.49.37:498][325]LogSavePackage:Display: Finished SavePackage ../../../../../GitHub/jeuxVideo/jeux/Content/ThirdPersonBP/Blueprints/ThirdPersonGameMode.uasset
[2016.12.01-16.50.52:464][943]BlueprintLog: New page: Compile PlayerHUD
[2016.12.01-16.50.52:473][943]LogBlueprint:Error: [Compiler PlayerHUD] Error This blueprint (self) is not a ThirdPersonCharacter_C, therefore ' self ' must have a connection.
[2016.12.01-16.50.52:473][943]LogBlueprint:Error: [Compiler PlayerHUD] Error Variable node  K2Node_VariableGet_0  uses an invalid target.  It may depend on a node that is not connected to the execution chain, and got purged.
[2016.12.01-16.50.52:682][943]BlueprintEditorCompileResults:Error: Error This blueprint (self) is not a ThirdPersonCharacter_C, therefore ' self ' must have a connection.
[2016.12.01-16.50.52:682][943]BlueprintEditorCompileResults:Error: Error Variable node  K2Node_VariableGet_0  uses an invalid target.  It may depend on a node that is not connected to the execution chain, and got purged.
[2016.12.01-16.50.52:682][943]LogBlueprint:Warning: [Compiler PlayerHUD] Warning [1066.36] Compile of PlayerHUD failed. 2 Fatal Issue(s) 0 Warning(s) [in 218 ms] (/Game/ThirdPersonBP/UI/PlayerHUD.PlayerHUD)
[2016.12.01-16.50.53:055][968]Cmd: OBJ SAVEPACKAGE PACKAGE="/Game/ThirdPersonBP/UI/PlayerHUD" FILE="../../../../../GitHub/jeuxVideo/jeux/Content/ThirdPersonBP/UI/PlayerHUD.uasset" SILENT=true
[2016.12.01-16.50.53:075][968]LogSavePackage: Save=17.33ms
[2016.12.01-16.50.53:075][968]LogSavePackage: Moving '../../../../../GitHub/jeuxVideo/jeux/Saved/PlayerHUD81A9D86343BACF5D448BE4995F522FA3.tmp' to '../../../../../GitHub/jeuxVideo/jeux/Content/ThirdPersonBP/UI/PlayerHUD.uasset'
[2016.12.01-16.50.53:077][968]LogSavePackage:Display: Finished SavePackage ../../../../../GitHub/jeuxVideo/jeux/Content/ThirdPersonBP/UI/PlayerHUD.uasset
[2016.12.01-16.51.44:261][366]BlueprintLog: New page: Compile PlayerHUD
[2016.12.01-16.51.44:381][366]BlueprintEditorCompileResults: Info The execution path doesn't end with a return node.  CastFailed
[2016.12.01-16.51.45:956][484]Cmd: OBJ SAVEPACKAGE PACKAGE="/Game/ThirdPersonBP/UI/PlayerHUD" FILE="../../../../../GitHub/jeuxVideo/jeux/Content/ThirdPersonBP/UI/PlayerHUD.uasset" SILENT=true
[2016.12.01-16.51.45:975][484]LogSavePackage: Save=17.21ms
[2016.12.01-16.51.45:975][484]LogSavePackage: Moving '../../../../../GitHub/jeuxVideo/jeux/Saved/PlayerHUDDCA231D345A373DB8456B79889927EB0.tmp' to '../../../../../GitHub/jeuxVideo/jeux/Content/ThirdPersonBP/UI/PlayerHUD.uasset'
[2016.12.01-16.51.45:977][484]LogSavePackage:Display: Finished SavePackage ../../../../../GitHub/jeuxVideo/jeux/Content/ThirdPersonBP/UI/PlayerHUD.uasset
[2016.12.01-16.51.46:611][529]LogPlayLevel: PlayLevel: No blueprints needed recompiling
[2016.12.01-16.51.46:612][529]PIE: New page: PIE session: Bowser1 (Dec 1, 2016, 6:51:46 AM)
[2016.12.01-16.51.46:612][529]LogPlayLevel: Creating play world package: /Game/ThirdPersonBP/Maps/UEDPIE_0_Bowser1
[2016.12.01-16.51.46:614][529]LogPlayLevel: PIE: StaticDuplicateObject took: (0.002424s)
[2016.12.01-16.51.46:615][529]LogAIModule: Creating AISystem for world Bowser1
[2016.12.01-16.51.46:615][529]LogPlayLevel: PIE: World Init took: (0.001110s)
[2016.12.01-16.51.46:615][529]LogPlayLevel: PIE: Created PIE world by copying editor world from /Game/ThirdPersonBP/Maps/Bowser1.Bowser1 to /Game/ThirdPersonBP/Maps/UEDPIE_0_Bowser1.Bowser1 (0.003766s)
[2016.12.01-16.51.46:662][529]LogInit: XAudio2 using '1 - DELL ST2410 (AMD High Definition Audio Device)' : 2 channels at 48 kHz using 16 bits per sample (channel mask 0x3)
[2016.12.01-16.51.46:673][529]LogInit: FAudioDevice initialized.
[2016.12.01-16.51.46:709][529]LogWorld: Game class is 'ThirdPersonGameMode_C'
[2016.12.01-16.51.46:712][529]LogWorld: Bringing World /Game/ThirdPersonBP/Maps/UEDPIE_0_Bowser1.Bowser1 up for play (max tick rate 0) at 2016.12.01-11.51.46
[2016.12.01-16.51.46:712][529]LogWorld: Bringing up level for play took: 0.002070
[2016.12.01-16.51.46:713][529]LogGameMode:Display: Match State Changed from EnteringMap to WaitingToStart
[2016.12.01-16.51.46:713][529]LogGameState: Match State Changed from EnteringMap to WaitingToStart
[2016.12.01-16.51.46:713][529]LogGameMode:Display: Match State Changed from WaitingToStart to InProgress
[2016.12.01-16.51.46:715][529]LogGameState: Match State Changed from WaitingToStart to InProgress
[2016.12.01-16.51.46:715][529]PIE: Info Play in editor start time for /Game/ThirdPersonBP/Maps/UEDPIE_0_Bowser1 -0.676
[2016.12.01-16.52.56:571][444]LogSlate:Warning: Prevented a slow task dialog from being summoned while a context menu was open
[2016.12.01-16.53.39:054][489]BlueprintLog: New page: Compile ThirdPersonCharacter
[2016.12.01-16.53.40:164][530]Cmd: OBJ SAVEPACKAGE PACKAGE="/Game/ThirdPersonBP/Blueprints/ThirdPersonCharacter" FILE="../../../../../GitHub/jeuxVideo/jeux/Content/ThirdPersonBP/Blueprints/ThirdPersonCharacter.uasset" SILENT=true
[2016.12.01-16.53.40:245][530]LogSavePackage: Save=78.17ms
[2016.12.01-16.53.40:245][530]LogSavePackage: Moving '../../../../../GitHub/jeuxVideo/jeux/Saved/ThirdPersonCharacter742B0FCD4F83EE776FBB85BB60FF1FC5.tmp' to '../../../../../GitHub/jeuxVideo/jeux/Content/ThirdPersonBP/Blueprints/ThirdPersonCharacter.uasset'
[2016.12.01-16.53.40:247][530]LogSavePackage:Display: Finished SavePackage ../../../../../GitHub/jeuxVideo/jeux/Content/ThirdPersonBP/Blueprints/ThirdPersonCharacter.uasset
[2016.12.01-16.53.40:966][573]LogPlayLevel: PlayLevel: No blueprints needed recompiling
[2016.12.01-16.53.40:966][573]PIE: New page: PIE session: Bowser1 (Dec 1, 2016, 6:53:40 AM)
[2016.12.01-16.53.40:966][573]LogPlayLevel: Creating play world package: /Game/ThirdPersonBP/Maps/UEDPIE_0_Bowser1
[2016.12.01-16.53.40:970][573]LogPlayLevel: PIE: StaticDuplicateObject took: (0.003333s)
[2016.12.01-16.53.40:971][573]LogAIModule: Creating AISystem for world Bowser1
[2016.12.01-16.53.40:971][573]LogPlayLevel: PIE: World Init took: (0.001073s)
[2016.12.01-16.53.40:971][573]LogPlayLevel: PIE: Created PIE world by copying editor world from /Game/ThirdPersonBP/Maps/Bowser1.Bowser1 to /Game/ThirdPersonBP/Maps/UEDPIE_0_Bowser1.Bowser1 (0.004662s)
[2016.12.01-16.53.41:022][573]LogInit: XAudio2 using '1 - DELL ST2410 (AMD High Definition Audio Device)' : 2 channels at 48 kHz using 16 bits per sample (channel mask 0x3)
[2016.12.01-16.53.41:033][573]LogInit: FAudioDevice initialized.
[2016.12.01-16.53.41:069][573]LogWorld: Game class is 'ThirdPersonGameMode_C'
[2016.12.01-16.53.41:073][573]LogWorld: Bringing World /Game/ThirdPersonBP/Maps/UEDPIE_0_Bowser1.Bowser1 up for play (max tick rate 0) at 2016.12.01-11.53.41
[2016.12.01-16.53.41:073][573]LogWorld: Bringing up level for play took: 0.001916
[2016.12.01-16.53.41:074][573]LogGameMode:Display: Match State Changed from EnteringMap to WaitingToStart
[2016.12.01-16.53.41:074][573]LogGameState: Match State Changed from EnteringMap to WaitingToStart
[2016.12.01-16.53.41:074][573]LogGameMode:Display: Match State Changed from WaitingToStart to InProgress
[2016.12.01-16.53.41:133][573]LogGameState: Match State Changed from WaitingToStart to InProgress
[2016.12.01-16.53.41:133][573]PIE: Info Play in editor start time for /Game/ThirdPersonBP/Maps/UEDPIE_0_Bowser1 -0.258
[2016.12.01-16.53.50:340][116]LogActorComponent: UnregisterComponent: (/Engine/Transient.EditorFloorComp) Not registered. Aborting.
[2016.12.01-16.53.51:076][177]LogPlayLevel: PlayLevel: No blueprints needed recompiling
[2016.12.01-16.53.51:076][177]PIE: New page: PIE session: Bowser1 (Dec 1, 2016, 6:53:51 AM)
[2016.12.01-16.53.51:076][177]LogPlayLevel: Creating play world package: /Game/ThirdPersonBP/Maps/UEDPIE_0_Bowser1
[2016.12.01-16.53.51:080][177]LogPlayLevel: PIE: StaticDuplicateObject took: (0.003564s)
[2016.12.01-16.53.51:081][177]LogAIModule: Creating AISystem for world Bowser1
[2016.12.01-16.53.51:081][177]LogPlayLevel: PIE: World Init took: (0.001162s)
[2016.12.01-16.53.51:081][177]LogPlayLevel: PIE: Created PIE world by copying editor world from /Game/ThirdPersonBP/Maps/Bowser1.Bowser1 to /Game/ThirdPersonBP/Maps/UEDPIE_0_Bowser1.Bowser1 (0.005069s)
[2016.12.01-16.53.51:147][177]LogInit: XAudio2 using '1 - DELL ST2410 (AMD High Definition Audio Device)' : 2 channels at 48 kHz using 16 bits per sample (channel mask 0x3)
[2016.12.01-16.53.51:158][177]LogInit: FAudioDevice initialized.
[2016.12.01-16.53.51:188][177]LogWorld: Game class is 'ThirdPersonGameMode_C'
[2016.12.01-16.53.51:191][177]LogWorld: Bringing World /Game/ThirdPersonBP/Maps/UEDPIE_0_Bowser1.Bowser1 up for play (max tick rate 0) at 2016.12.01-11.53.51
[2016.12.01-16.53.51:191][177]LogWorld: Bringing up level for play took: 0.001987
[2016.12.01-16.53.51:192][177]LogGameMode:Display: Match State Changed from EnteringMap to WaitingToStart
[2016.12.01-16.53.51:192][177]LogGameState: Match State Changed from EnteringMap to WaitingToStart
[2016.12.01-16.53.51:192][177]LogGameMode:Display: Match State Changed from WaitingToStart to InProgress
[2016.12.01-16.53.51:195][177]LogGameState: Match State Changed from WaitingToStart to InProgress
[2016.12.01-16.53.51:195][177]PIE: Info Play in editor start time for /Game/ThirdPersonBP/Maps/UEDPIE_0_Bowser1 -0.196
[2016.12.01-16.54.16:805][451]LogEditorViewport: Clicking on Actor (LMB): BP_Sky_Sphere_C (Sky Sphere)
[2016.12.01-16.54.17:811][548]LogPlayLevel: PlayLevel: No blueprints needed recompiling
[2016.12.01-16.54.17:812][548]PIE: New page: PIE session: Bowser1 (Dec 1, 2016, 6:54:17 AM)
[2016.12.01-16.54.17:812][548]LogPlayLevel: Creating play world package: /Game/ThirdPersonBP/Maps/UEDPIE_0_Bowser1
[2016.12.01-16.54.17:814][548]LogPlayLevel: PIE: StaticDuplicateObject took: (0.002566s)
[2016.12.01-16.54.17:815][548]LogAIModule: Creating AISystem for world Bowser1
[2016.12.01-16.54.17:816][548]LogPlayLevel: PIE: World Init took: (0.001442s)
[2016.12.01-16.54.17:816][548]LogPlayLevel: PIE: Created PIE world by copying editor world from /Game/ThirdPersonBP/Maps/Bowser1.Bowser1 to /Game/ThirdPersonBP/Maps/UEDPIE_0_Bowser1.Bowser1 (0.004375s)
[2016.12.01-16.54.17:909][548]LogInit: XAudio2 using '1 - DELL ST2410 (AMD High Definition Audio Device)' : 2 channels at 48 kHz using 16 bits per sample (channel mask 0x3)
[2016.12.01-16.54.17:921][548]LogInit: FAudioDevice initialized.
[2016.12.01-16.54.17:958][548]LogWorld: Game class is 'ThirdPersonGameMode_C'
[2016.12.01-16.54.17:961][548]LogWorld: Bringing World /Game/ThirdPersonBP/Maps/UEDPIE_0_Bowser1.Bowser1 up for play (max tick rate 0) at 2016.12.01-11.54.17
[2016.12.01-16.54.17:961][548]LogWorld: Bringing up level for play took: 0.002023
[2016.12.01-16.54.17:962][548]LogGameMode:Display: Match State Changed from EnteringMap to WaitingToStart
[2016.12.01-16.54.17:962][548]LogGameState: Match State Changed from EnteringMap to WaitingToStart
[2016.12.01-16.54.17:962][548]LogGameMode:Display: Match State Changed from WaitingToStart to InProgress
[2016.12.01-16.54.17:965][548]LogGameState: Match State Changed from WaitingToStart to InProgress
[2016.12.01-16.54.17:965][548]PIE: Info Play in editor start time for /Game/ThirdPersonBP/Maps/UEDPIE_0_Bowser1 0.574
[2016.12.01-16.54.41:223][302]Cmd: OBJ SAVEPACKAGE PACKAGE="/Game/ThirdPersonBP/UI/NewWidgetBlueprint" FILE="../../../../../GitHub/jeuxVideo/jeux/Content/ThirdPersonBP/UI/NewWidgetBlueprint.uasset" SILENT=true
[2016.12.01-16.54.41:231][302]LogSavePackage: Save=5.19ms
[2016.12.01-16.54.41:231][302]LogSavePackage: Moving '../../../../../GitHub/jeuxVideo/jeux/Saved/NewWidgetBlueprint66BF903543E36911B69F809776BF578F.tmp' to '../../../../../GitHub/jeuxVideo/jeux/Content/ThirdPersonBP/UI/NewWidgetBlueprint.uasset'
[2016.12.01-16.54.41:236][302]LogSavePackage:Display: Finished SavePackage ../../../../../GitHub/jeuxVideo/jeux/Content/ThirdPersonBP/UI/NewWidgetBlueprint.uasset
[2016.12.01-16.54.41:329][302]LogWindowsTextInputMethodSystem:Display: IME system now deactivated.
[2016.12.01-16.54.41:543][303]Cmd: QUIT_EDITOR
[2016.12.01-16.54.42:518][303]LogExit: Preparing to exit.
[2016.12.01-16.54.43:271][303]LogDirectoryWatcher: A directory notification for 'E:/GitHub/jeuxVideo/jeux/Content/' was aborted.
[2016.12.01-16.54.43:313][303]LogExit: Editor shut down
[2016.12.01-16.54.43:314][303]LogExit: Transaction tracking system shut down
[2016.12.01-16.54.43:604][303]LogObj: Freed 0b from 0 cluster array pools.
[2016.12.01-16.54.43:604][303]LogExit: Object subsystem successfully closed.
[2016.12.01-16.54.43:623][303]LogD3D11RHI: Shutdown
[2016.12.01-16.54.43:623][303]LogD3D11RHI: CleanupD3DDevice
[2016.12.01-16.54.43:899][303]LogD3D11RHI: ~FD3D11DynamicRHI
[2016.12.01-16.54.43:928][303]LogModuleManager: Shutting down and abandoning module SequencerWidgets (237)
[2016.12.01-16.54.43:928][303]LogModuleManager: Shutting down and abandoning module MovieSceneCapture (236)
[2016.12.01-16.54.43:928][303]LogModuleManager: Shutting down and abandoning module BlueprintGraph (235)
[2016.12.01-16.54.43:928][303]LogModuleManager: Shutting down and abandoning module BlueprintProfiler (234)
[2016.12.01-16.54.43:929][303]LogModuleManager: Shutting down and abandoning module HierarchicalLODOutliner (233)
[2016.12.01-16.54.43:929][303]LogModuleManager: Shutting down and abandoning module CrashTracker (232)
[2016.12.01-16.54.43:929][303]LogModuleManager: Shutting down and abandoning module SceneOutliner (231)
[2016.12.01-16.54.43:929][303]LogModuleManager: Shutting down and abandoning module WidgetCarousel (230)
[2016.12.01-16.54.43:929][303]LogModuleManager: Shutting down and abandoning module AddContentDialog (229)
[2016.12.01-16.54.43:929][303]LogDirectoryWatcher: A directory notification for 'E:/Epic Games/4.13/FeaturePacks/' was aborted.
[2016.12.01-16.54.43:931][303]LogModuleManager: Shutting down and abandoning module GameplayTags (228)
[2016.12.01-16.54.43:931][303]LogModuleManager: Shutting down and abandoning module EditorWidgets (227)
[2016.12.01-16.54.43:931][303]LogModuleManager: Shutting down and abandoning module CollectionManager (226)
[2016.12.01-16.54.43:931][303]LogDirectoryWatcher: A directory notification for 'E:/GitHub/jeuxVideo/jeux/Content/Collections/' was aborted.
[2016.12.01-16.54.43:931][303]LogDirectoryWatcher: A directory notification for 'E:/GitHub/jeuxVideo/jeux/Content/Developers/Armen/Collections/' was aborted.
[2016.12.01-16.54.43:931][303]LogDirectoryWatcher: A directory notification for 'E:/GitHub/jeuxVideo/jeux/Saved/Collections/' was aborted.
[2016.12.01-16.54.43:931][303]LogModuleManager: Shutting down and abandoning module StatsViewer (225)
[2016.12.01-16.54.43:931][303]LogModuleManager: Shutting down and abandoning module FoliageEdit (224)
[2016.12.01-16.54.43:931][303]LogModuleManager: Shutting down and abandoning module LandscapeEditor (223)
[2016.12.01-16.54.43:931][303]LogModuleManager: Shutting down and abandoning module SceneDepthPickerMode (222)
[2016.12.01-16.54.43:931][303]LogModuleManager: Shutting down and abandoning module ActorPickerMode (221)
[2016.12.01-16.54.43:931][303]LogModuleManager: Shutting down and abandoning module GeometryMode (220)
[2016.12.01-16.54.43:931][303]LogModuleManager: Shutting down and abandoning module TextureAlignMode (219)
[2016.12.01-16.54.43:931][303]LogModuleManager: Shutting down and abandoning module BspMode (218)
[2016.12.01-16.54.43:932][303]LogModuleManager: Shutting down and abandoning module HardwareSurvey (217)
[2016.12.01-16.54.43:932][303]LogModuleManager: Shutting down and abandoning module SequenceRecorderSections (216)
[2016.12.01-16.54.43:932][303]LogModuleManager: Shutting down and abandoning module SequenceRecorder (215)
[2016.12.01-16.54.43:932][303]LogModuleManager: Shutting down and abandoning module AutomationWorker (214)
[2016.12.01-16.54.43:932][303]LogModuleManager: Shutting down and abandoning module MatineeToLevelSequence (213)
[2016.12.01-16.54.43:932][303]LogModuleManager: Shutting down and abandoning module PlacementMode (212)
[2016.12.01-16.54.43:932][303]LogModuleManager: Shutting down and abandoning module LevelSequenceEditor (211)
[2016.12.01-16.54.43:932][303]LogModuleManager: Shutting down and abandoning module WmfMediaFactory (210)
[2016.12.01-16.54.43:932][303]LogModuleManager: Shutting down and abandoning module WmfMediaEditor (209)
[2016.12.01-16.54.43:932][303]LogModuleManager: Shutting down and abandoning module AvfMediaFactory (208)
[2016.12.01-16.54.43:932][303]LogModuleManager: Shutting down and abandoning module AvfMediaEditor (207)
[2016.12.01-16.54.43:932][303]LogModuleManager: Shutting down and abandoning module Media (206)
[2016.12.01-16.54.43:932][303]LogModuleManager: Shutting down and abandoning module AndroidMediaFactory (205)
[2016.12.01-16.54.43:932][303]LogModuleManager: Shutting down and abandoning module AndroidMediaEditor (204)
[2016.12.01-16.54.43:932][303]LogModuleManager: Shutting down and abandoning module CharacterAI (203)
[2016.12.01-16.54.43:932][303]LogModuleManager: Shutting down and abandoning module SmartSnapping (202)
[2016.12.01-16.54.43:932][303]LogModuleManager: Shutting down and abandoning module SessionServices (201)
[2016.12.01-16.54.43:932][303]LogModuleManager: Shutting down and abandoning module ViewportSnapping (200)
[2016.12.01-16.54.43:932][303]LogModuleManager: Shutting down and abandoning module ViewportInteraction (199)
[2016.12.01-16.54.43:932][303]LogModuleManager: Shutting down and abandoning module LogVisualizer (198)
[2016.12.01-16.54.43:932][303]LogModuleManager: Shutting down and abandoning module GameProjectGeneration (197)
[2016.12.01-16.54.43:932][303]LogModuleManager: Shutting down and abandoning module IntroTutorials (196)
[2016.12.01-16.54.43:932][303]LogModuleManager: Shutting down and abandoning module EditorLiveStreaming (195)
[2016.12.01-16.54.43:932][303]LogModuleManager: Shutting down and abandoning module IOSPlatformEditor (194)
[2016.12.01-16.54.43:932][303]LogModuleManager: Shutting down and abandoning module HTML5PlatformEditor (193)
[2016.12.01-16.54.43:932][303]LogModuleManager: Shutting down and abandoning module AndroidDeviceDetection (192)
[2016.12.01-16.54.44:616][303]LogModuleManager: Shutting down and abandoning module AndroidPlatformEditor (191)
[2016.12.01-16.54.44:616][303]LogModuleManager: Shutting down and abandoning module IOSRuntimeSettings (190)
[2016.12.01-16.54.44:616][303]LogModuleManager: Shutting down and abandoning module AndroidRuntimeSettings (189)
[2016.12.01-16.54.44:616][303]LogModuleManager: Shutting down and abandoning module NiagaraEditor (188)
[2016.12.01-16.54.44:616][303]LogModuleManager: Shutting down and abandoning module MergeActors (187)
[2016.12.01-16.54.44:616][303]LogModuleManager: Shutting down and abandoning module SizeMap (186)
[2016.12.01-16.54.44:616][303]LogModuleManager: Shutting down and abandoning module TreeMap (185)
[2016.12.01-16.54.44:616][303]LogModuleManager: Shutting down and abandoning module ReferenceViewer (184)
[2016.12.01-16.54.44:616][303]LogModuleManager: Shutting down and abandoning module LocalizationService (183)
[2016.12.01-16.54.44:616][303]LogModuleManager: Shutting down and abandoning module LocalizationDashboard (182)
[2016.12.01-16.54.44:616][303]LogModuleManager: Shutting down and abandoning module HardwareTargeting (181)
[2016.12.01-16.54.44:616][303]LogModuleManager: Shutting down and abandoning module DeviceProfileEditor (180)
[2016.12.01-16.54.44:616][303]LogModuleManager: Shutting down and abandoning module UndoHistory (179)
[2016.12.01-16.54.44:616][303]LogModuleManager: Shutting down and abandoning module UserFeedback (178)
[2016.12.01-16.54.44:616][303]LogModuleManager: Shutting down and abandoning module XmlParser (177)
[2016.12.01-16.54.44:616][303]LogModuleManager: Shutting down and abandoning module Blutility (176)
[2016.12.01-16.54.44:616][303]LogModuleManager: Shutting down and abandoning module ProjectTargetPlatformEditor (175)
[2016.12.01-16.54.44:617][303]LogModuleManager: Shutting down and abandoning module ProjectSettingsViewer (174)
[2016.12.01-16.54.44:617][303]LogModuleManager: Shutting down and abandoning module InputBindingEditor (173)
[2016.12.01-16.54.44:617][303]LogModuleManager: Shutting down and abandoning module EditorSettingsViewer (172)
[2016.12.01-16.54.44:617][303]LogModuleManager: Shutting down and abandoning module SettingsEditor (171)
[2016.12.01-16.54.44:617][303]LogModuleManager: Shutting down and abandoning module ProjectLauncher (170)
[2016.12.01-16.54.44:617][303]LogModuleManager: Shutting down and abandoning module SessionFrontend (169)
[2016.12.01-16.54.44:617][303]LogModuleManager: Shutting down and abandoning module ProfilerClient (168)
[2016.12.01-16.54.44:617][303]LogModuleManager: Shutting down and abandoning module TargetDeviceServices (167)
[2016.12.01-16.54.44:617][303]LogModuleManager: Shutting down and abandoning module DeviceManager (166)
[2016.12.01-16.54.44:660][303]LogModuleManager: Shutting down and abandoning module AutomationController (165)
[2016.12.01-16.54.44:660][303]LogModuleManager: Shutting down and abandoning module AutomationWindow (164)
[2016.12.01-16.54.44:660][303]LogModuleManager: Shutting down and abandoning module Layers (163)
[2016.12.01-16.54.44:660][303]LogModuleManager: Shutting down and abandoning module ComponentVisualizers (162)
[2016.12.01-16.54.44:660][303]LogModuleManager: Shutting down and abandoning module DetailCustomizations (161)
[2016.12.01-16.54.44:660][303]LogModuleManager: Shutting down and abandoning module PackagesDialog (160)
[2016.12.01-16.54.44:660][303]LogModuleManager: Shutting down and abandoning module AnimGraph (159)
[2016.12.01-16.54.44:660][303]LogModuleManager: Shutting down and abandoning module Persona (158)
[2016.12.01-16.54.44:660][303]LogModuleManager: Shutting down and abandoning module Kismet (157)
[2016.12.01-16.54.44:670][303]LogModuleManager: Shutting down and abandoning module GraphEditor (156)
[2016.12.01-16.54.44:670][303]LogModuleManager: Shutting down and abandoning module ClassViewer (155)
[2016.12.01-16.54.44:672][303]LogModuleManager: Shutting down and abandoning module Toolbox (154)
[2016.12.01-16.54.44:672][303]LogModuleManager: Shutting down and abandoning module ModuleUI (153)
[2016.12.01-16.54.44:672][303]LogModuleManager: Shutting down and abandoning module MovieSceneTools (152)
[2016.12.01-16.54.44:672][303]LogModuleManager: Shutting down and abandoning module OutputLog (151)
[2016.12.01-16.54.44:672][303]LogModuleManager: Shutting down and abandoning module GammaUI (150)
[2016.12.01-16.54.44:672][303]LogModuleManager: Shutting down and abandoning module Documentation (149)
[2016.12.01-16.54.44:672][303]LogModuleManager: Shutting down and abandoning module Niagara (148)
[2016.12.01-16.54.44:672][303]LogModuleManager: Shutting down and abandoning module StreamingPauseRendering (147)
[2016.12.01-16.54.44:672][303]LogModuleManager: Shutting down and abandoning module AnalyticsET (146)
[2016.12.01-16.54.44:672][303]LogModuleManager: Shutting down and abandoning module PortalServices (145)
[2016.12.01-16.54.44:672][303]LogModuleManager: Shutting down and abandoning module PortalRpc (144)
[2016.12.01-16.54.44:672][303]LogModuleManager: Shutting down and abandoning module MessagingRpc (143)
[2016.12.01-16.54.44:672][303]LogModuleManager: Shutting down and abandoning module GameplayDebugger (142)
[2016.12.01-16.54.44:672][303]LogModuleManager: Shutting down and abandoning module AITestSuite (141)
[2016.12.01-16.54.44:672][303]LogModuleManager: Shutting down and abandoning module AIModule (140)
[2016.12.01-16.54.44:672][303]LogModuleManager: Shutting down and abandoning module ProfilerService (139)
[2016.12.01-16.54.44:714][303]LogModuleManager: Shutting down and abandoning module TaskGraph (138)
[2016.12.01-16.54.44:714][303]LogModuleManager: Shutting down and abandoning module SlateRemote (137)
[2016.12.01-16.54.44:714][303]LogModuleManager: Shutting down and abandoning module SteamVRController (136)
[2016.12.01-16.54.44:714][303]LogModuleManager: Shutting down and abandoning module SteamVR (135)
[2016.12.01-16.54.44:714][303]LogModuleManager: Shutting down and abandoning module ProceduralMeshComponentEditor (134)
[2016.12.01-16.54.44:714][303]LogModuleManager: Shutting down and abandoning module ProceduralMeshComponent (133)
[2016.12.01-16.54.44:714][303]LogModuleManager: Shutting down and abandoning module OculusLibrary (132)
[2016.12.01-16.54.44:714][303]LogModuleManager: Shutting down and abandoning module OculusInput (131)
[2016.12.01-16.54.44:714][303]LogModuleManager: Shutting down and abandoning module CustomMeshComponent (130)
[2016.12.01-16.54.44:714][303]LogModuleManager: Shutting down and abandoning module CableComponent (129)
[2016.12.01-16.54.44:714][303]LogModuleManager: Shutting down and abandoning module ArchVisCharacter (128)
[2016.12.01-16.54.44:714][303]LogModuleManager: Shutting down and abandoning module MediaPlayerEditor (126)
[2016.12.01-16.54.44:714][303]LogModuleManager: Shutting down and abandoning module HTML5Networking (125)
[2016.12.01-16.54.44:714][303]LogModuleManager: Shutting down and abandoning module GeometryCacheEd (124)
[2016.12.01-16.54.44:714][303]LogModuleManager: Shutting down and abandoning module GeometryCache (123)
[2016.12.01-16.54.44:714][303]LogModuleManager: Shutting down and abandoning module AlembicLibrary (122)
[2016.12.01-16.54.44:714][303]LogModuleManager: Shutting down and abandoning module AlembicImporter (121)
[2016.12.01-16.54.44:714][303]LogModuleManager: Shutting down and abandoning module SuperSearch (120)
[2016.12.01-16.54.44:714][303]LogModuleManager: Shutting down and abandoning module SuperSearchEditor (119)
[2016.12.01-16.54.44:714][303]LogModuleManager: Shutting down and abandoning module SpeedTreeImporter (118)
[2016.12.01-16.54.44:715][303]LogModuleManager: Shutting down and abandoning module PluginBrowser (117)
[2016.12.01-16.54.44:715][303]LogModuleManager: Shutting down and abandoning module MobileLauncherProfileWizard (116)
[2016.12.01-16.54.44:715][303]LogModuleManager: Shutting down and abandoning module EpicSurvey (115)
[2016.12.01-16.54.44:715][303]LogModuleManager: Shutting down and abandoning module DesktopPlatform (114)
[2016.12.01-16.54.44:715][303]LogModuleManager: Shutting down and abandoning module VisualStudioSourceCodeAccess (113)
[2016.12.01-16.54.44:715][303]LogModuleManager: Shutting down and abandoning module UObjectPlugin (112)
[2016.12.01-16.54.44:715][303]LogModuleManager: Shutting down and abandoning module SubversionSourceControl (111)
[2016.12.01-16.54.44:715][303]LogModuleManager: Shutting down and abandoning module PerforceSourceControl (110)
[2016.12.01-16.54.44:715][303]LogModuleManager: Shutting down and abandoning module SourceControl (109)
[2016.12.01-16.54.44:715][303]LogModuleManager: Shutting down and abandoning module GitSourceControl (108)
[2016.12.01-16.54.44:715][303]LogModuleManager: Shutting down and abandoning module LightPropagationVolumeEditor (107)
[2016.12.01-16.54.44:715][303]LogModuleManager: Shutting down and abandoning module PaperTiledImporter (106)
[2016.12.01-16.54.44:715][303]LogModuleManager: Shutting down and abandoning module PaperSpriteSheetImporter (105)
[2016.12.01-16.54.44:715][303]LogModuleManager: Shutting down and abandoning module MeshPaint (104)
[2016.12.01-16.54.44:715][303]LogModuleManager: Shutting down and abandoning module FbxAutomationBuilderModule (103)
[2016.12.01-16.54.44:715][303]LogModuleManager: Shutting down and abandoning module PixelInspectorModule (102)
[2016.12.01-16.54.44:715][303]LogModuleManager: Shutting down and abandoning module HotReload (101)
[2016.12.01-16.54.44:716][303]LogModuleManager: Shutting down and abandoning module MainFrame (100)
[2016.12.01-16.54.44:716][303]LogModuleManager: Shutting down and abandoning module LevelEditor (99)
[2016.12.01-16.54.44:717][303]LogModuleManager: Shutting down and abandoning module ContentBrowser (98)
[2016.12.01-16.54.44:718][303]LogModuleManager: Shutting down and abandoning module Paper2DEditor (97)
[2016.12.01-16.54.44:718][303]LogModuleManager: Shutting down and abandoning module UdpMessaging (96)
[2016.12.01-16.54.44:820][303]LogModuleManager: Shutting down and abandoning module TcpMessaging (95)
[2016.12.01-16.54.44:921][303]LogModuleManager: Shutting down and abandoning module LightPropagationVolumeRuntime (94)
[2016.12.01-16.54.44:921][303]LogModuleManager: Shutting down and abandoning module Paper2D (93)
[2016.12.01-16.54.44:921][303]LogModuleManager: Shutting down and abandoning module WindowsMoviePlayer (92)
[2016.12.01-16.54.44:921][303]LogModuleManager: Shutting down and abandoning module WmfMedia (91)
[2016.12.01-16.54.44:921][303]LogModuleManager: Shutting down and abandoning module MediaAssets (90)
[2016.12.01-16.54.44:921][303]LogModuleManager: Shutting down and abandoning module GameLiveStreaming (89)
[2016.12.01-16.54.44:921][303]LogModuleManager: Shutting down and abandoning module GameplayTagsEditor (88)
[2016.12.01-16.54.44:921][303]LogModuleManager: Shutting down and abandoning module VREditor (87)
[2016.12.01-16.54.44:921][303]LogModuleManager: Shutting down and abandoning module GameplayTasksEditor (86)
[2016.12.01-16.54.44:921][303]LogModuleManager: Shutting down and abandoning module PropertyEditor (85)
[2016.12.01-16.54.44:921][303]LogModuleManager: Shutting down and abandoning module BehaviorTreeEditor (84)
[2016.12.01-16.54.44:921][303]LogModuleManager: Shutting down and abandoning module FunctionalTesting (83)
[2016.12.01-16.54.44:921][303]LogModuleManager: Shutting down and abandoning module CollisionAnalyzer (82)
[2016.12.01-16.54.44:921][303]LogModuleManager: Shutting down and abandoning module Sequencer (81)
[2016.12.01-16.54.44:921][303]LogModuleManager: Shutting down and abandoning module WorkspaceMenuStructure (80)
[2016.12.01-16.54.44:921][303]LogModuleManager: Shutting down and abandoning module MessageLog (79)
[2016.12.01-16.54.44:921][303]LogModuleManager: Shutting down and abandoning module AssetTools (78)
[2016.12.01-16.54.44:921][303]LogModuleManager: Shutting down and abandoning module UMGEditor (77)
[2016.12.01-16.54.44:922][303]LogModuleManager: Shutting down and abandoning module UMG (76)
[2016.12.01-16.54.44:922][303]LogModuleManager: Shutting down and abandoning module SlateReflector (75)
[2016.12.01-16.54.44:922][303]LogModuleManager: Shutting down and abandoning module Slate (74)
[2016.12.01-16.54.44:922][303]LogModuleManager: Shutting down and abandoning module EditorStyle (73)
[2016.12.01-16.54.44:924][303]LogModuleManager: Shutting down and abandoning module SourceCodeAccess (72)
[2016.12.01-16.54.44:924][303]LogModuleManager: Shutting down and abandoning module HeadMountedDisplay (71)
[2016.12.01-16.54.44:924][303]LogModuleManager: Shutting down and abandoning module XAudio2 (70)
[2016.12.01-16.54.44:924][303]LogModuleManager: Shutting down and abandoning module Networking (68)
[2016.12.01-16.54.44:924][303]LogModuleManager: Shutting down and abandoning module Core (67)
[2016.12.01-16.54.44:925][303]LogModuleManager: Shutting down and abandoning module DirectoryWatcher (66)
[2016.12.01-16.54.44:925][303]LogDirectoryWatcher: A directory notification for '../../../Engine/Content/' was aborted.
[2016.12.01-16.54.44:925][303]LogDirectoryWatcher: A directory notification for '../../../../../GitHub/jeuxVideo/jeux/Content/' was aborted.
[2016.12.01-16.54.44:925][303]LogDirectoryWatcher: A directory notification for '../../../Engine/Plugins/2D/Paper2D/Content/' was aborted.
[2016.12.01-16.54.44:926][303]LogModuleManager: Shutting down and abandoning module AssetRegistry (65)
[2016.12.01-16.54.45:208][303]LogModuleManager: Shutting down and abandoning module KismetCompiler (64)
[2016.12.01-16.54.45:208][303]LogModuleManager: Shutting down and abandoning module PhysXFormats (63)
[2016.12.01-16.54.45:208][303]LogModuleManager: Shutting down and abandoning module MeshUtilities (62)
[2016.12.01-16.54.45:208][303]LogModuleManager: Shutting down and abandoning module DerivedDataCache (61)
[2016.12.01-16.54.45:223][303]LogDerivedDataCache: Shutdown
[2016.12.01-16.54.45:223][303]LogModuleManager: Shutting down and abandoning module VulkanShaderFormat (60)
[2016.12.01-16.54.45:223][303]LogModuleManager: Shutting down and abandoning module ShaderFormatOpenGL (59)
[2016.12.01-16.54.45:223][303]LogModuleManager: Shutting down and abandoning module ShaderFormatD3D (58)
[2016.12.01-16.54.45:223][303]LogModuleManager: Shutting down and abandoning module MetalShaderFormat (57)
[2016.12.01-16.54.45:223][303]LogModuleManager: Shutting down and abandoning module TextureFormatUncompressed (56)
[2016.12.01-16.54.45:223][303]LogModuleManager: Shutting down and abandoning module TextureFormatPVR (55)
[2016.12.01-16.54.45:223][303]LogModuleManager: Shutting down and abandoning module TextureFormatDXT (54)
[2016.12.01-16.54.45:223][303]LogModuleManager: Shutting down and abandoning module TextureFormatIntelISPCTexComp (53)
[2016.12.01-16.54.45:224][303]LogModuleManager: Shutting down and abandoning module ImageWrapper (52)
[2016.12.01-16.54.45:224][303]LogModuleManager: Shutting down and abandoning module TextureFormatASTC (51)
[2016.12.01-16.54.45:224][303]LogModuleManager: Shutting down and abandoning module TextureFormatAndroid (50)
[2016.12.01-16.54.45:224][303]LogModuleManager: Shutting down and abandoning module AudioFormatOpus (49)
[2016.12.01-16.54.45:224][303]LogModuleManager: Shutting down and abandoning module AudioFormatOgg (48)
[2016.12.01-16.54.45:224][303]LogModuleManager: Shutting down and abandoning module AudioFormatADPCM (47)
[2016.12.01-16.54.45:224][303]LogModuleManager: Shutting down and abandoning module LinuxTargetPlatform (46)
[2016.12.01-16.54.45:224][303]LogModuleManager: Shutting down and abandoning module LinuxServerTargetPlatform (45)
[2016.12.01-16.54.45:224][303]LogModuleManager: Shutting down and abandoning module LinuxNoEditorTargetPlatform (44)
[2016.12.01-16.54.45:224][303]LogModuleManager: Shutting down and abandoning module LinuxClientTargetPlatform (43)
[2016.12.01-16.54.45:224][303]LogModuleManager: Shutting down and abandoning module TVOSTargetPlatform (42)
[2016.12.01-16.54.45:224][303]LogModuleManager: Shutting down and abandoning module Messaging (41)
[2016.12.01-16.54.45:224][303]LogModuleManager: Shutting down and abandoning module IOSTargetPlatform (40)
[2016.12.01-16.54.45:224][303]LogModuleManager: Shutting down and abandoning module HTML5TargetPlatform (39)
[2016.12.01-16.54.45:224][303]LogModuleManager: Shutting down and abandoning module Android_PVRTCTargetPlatform (38)
[2016.12.01-16.54.45:224][303]LogModuleManager: Shutting down and abandoning module Android_MultiTargetPlatform (37)
[2016.12.01-16.54.45:224][303]LogModuleManager: Shutting down and abandoning module Android_ETC2TargetPlatform (36)
[2016.12.01-16.54.45:224][303]LogModuleManager: Shutting down and abandoning module Android_ETC1TargetPlatform (35)
[2016.12.01-16.54.45:224][303]LogModuleManager: Shutting down and abandoning module Android_DXTTargetPlatform (34)
[2016.12.01-16.54.45:224][303]LogModuleManager: Shutting down and abandoning module Android_ATCTargetPlatform (33)
[2016.12.01-16.54.45:224][303]LogModuleManager: Shutting down and abandoning module Android_ASTCTargetPlatform (32)
[2016.12.01-16.54.45:224][303]LogModuleManager: Shutting down and abandoning module AndroidTargetPlatform (31)
[2016.12.01-16.54.45:224][303]LogModuleManager: Shutting down and abandoning module WindowsTargetPlatform (30)
[2016.12.01-16.54.45:224][303]LogModuleManager: Shutting down and abandoning module WindowsServerTargetPlatform (29)
[2016.12.01-16.54.45:224][303]LogModuleManager: Shutting down and abandoning module WindowsNoEditorTargetPlatform (28)
[2016.12.01-16.54.45:224][303]LogModuleManager: Shutting down and abandoning module WindowsClientTargetPlatform (27)
[2016.12.01-16.54.45:224][303]LogModuleManager: Shutting down and abandoning module AllDesktopTargetPlatform (26)
[2016.12.01-16.54.45:224][303]LogModuleManager: Shutting down and abandoning module TargetPlatform (25)
[2016.12.01-16.54.45:224][303]LogModuleManager: Shutting down and abandoning module InputCore (24)
[2016.12.01-16.54.45:224][303]LogModuleManager: Shutting down and abandoning module Settings (23)
[2016.12.01-16.54.45:224][303]LogModuleManager: Shutting down and abandoning module OculusRift (22)
[2016.12.01-16.54.45:224][303]LogModuleManager: Shutting down and abandoning module GearVR (21)
[2016.12.01-16.54.45:224][303]LogModuleManager: Shutting down and abandoning module ExampleDeviceProfileSelector (20)
[2016.12.01-16.54.45:224][303]LogModuleManager: Shutting down and abandoning module OnlineBlueprintSupport (19)
[2016.12.01-16.54.45:224][303]LogModuleManager: Shutting down and abandoning module OnlineSubsystem (17)
[2016.12.01-16.54.45:224][303]LogOnline:Display: Unloading online subsystem: NULL
[2016.12.01-16.54.45:225][303]LogModuleManager: Shutting down and abandoning module HTTP (16)
[2016.12.01-16.54.45:225][303]LogHttp:Display: Http module shutting down, but needs to wait on 1 outstanding Http requests:
[2016.12.01-16.54.45:225][303]LogHttp:Display: 	verb=[POST] url=[https://datarouter.ol.epicgames.com/datarouter/api/v1/public/data?SessionID=%7B630C371F-451E-78A0-C0E2-B892FAC80043%7D&AppID=UEEditor.Rocket.Release&AppVersion=4.13.1-3142249%2B%2B%2BUE4%2BRelease-4.13&UserID=f41cf4614cef99315b9c689b2c18d55e%7C020c5ff6b41e4887bdc3d8a1b7876802%7Cbfb82bda-2b99-42c4-bae0-26d330916a2c&AppEnvironment=datacollector-binary&UploadType=eteventstream] status=Processing
[2016.12.01-16.54.45:234][303]LogModuleManager: Shutting down and abandoning module XMPP (15)
[2016.12.01-16.54.45:234][303]LogModuleManager: Shutting down and abandoning module TextureCompressor (14)
[2016.12.01-16.54.45:234][303]LogModuleManager: Shutting down and abandoning module ShaderCore (13)
[2016.12.01-16.54.45:234][303]LogModuleManager: Shutting down and abandoning module Landscape (12)
[2016.12.01-16.54.45:234][303]LogModuleManager: Shutting down and abandoning module SlateRHIRenderer (11)
[2016.12.01-16.54.45:239][303]LogModuleManager: Shutting down and abandoning module OpenGLDrv (10)
[2016.12.01-16.54.45:239][303]LogModuleManager: Shutting down and abandoning module D3D11RHI (9)
[2016.12.01-16.54.45:239][303]LogModuleManager: Shutting down and abandoning module AnimGraphRuntime (8)
[2016.12.01-16.54.45:239][303]LogModuleManager: Shutting down and abandoning module Renderer (7)
[2016.12.01-16.54.45:239][303]LogModuleManager: Shutting down and abandoning module Engine (6)
[2016.12.01-16.54.45:239][303]LogModuleManager: Shutting down and abandoning module CoreUObject (5)
[2016.12.01-16.54.45:239][303]LogModuleManager: Shutting down and abandoning module NetworkFile (4)
[2016.12.01-16.54.45:239][303]LogModuleManager: Shutting down and abandoning module StreamingFile (3)
[2016.12.01-16.54.45:239][303]LogModuleManager: Shutting down and abandoning module SandboxFile (2)
[2016.12.01-16.54.45:239][303]LogModuleManager: Shutting down and abandoning module PakFile (1)
[2016.12.01-16.54.45:242][303]LogExit: Exiting.
[2016.12.01-16.54.45:260][303]Log file closed, 12/01/16 11:54:45
