Log file open, 12/17/16 18:55:49
LogInit:Display: Running engine for game: jeux
LogPlatformFile: Not using cached read wrapper
LogInit:Display: RandInit(-780216897) SRandInit(-780216897).
LogTaskGraph: Started task graph with 5 named threads and 8 total threads with 1 sets of task threads.
LogStats: Stats thread started at 0.089415
LogPluginManager: Loaded Plugin Paper2D, From E:/Epic Games/4.13/Engine/Plugins/2D/Paper2D/Paper2D.uplugin
LogPluginManager: Loaded Plugin LightPropagationVolume, From E:/Epic Games/4.13/Engine/Plugins/Blendables/LightPropagationVolume/LightPropagationVolume.uplugin
LogPluginManager: Loaded Plugin BlankPlugin, From E:/Epic Games/4.13/Engine/Plugins/Developer/BlankPlugin/BlankPlugin.uplugin
LogPluginManager: Loaded Plugin CodeLiteSourceCodeAccess, From E:/Epic Games/4.13/Engine/Plugins/Developer/CodeLiteSourceCodeAccess/CodeLiteSourceCodeAccess.uplugin
LogPluginManager: Loaded Plugin GitSourceControl, From E:/Epic Games/4.13/Engine/Plugins/Developer/GitSourceControl/GitSourceControl.uplugin
LogPluginManager: Loaded Plugin KDevelopSourceCodeAccess, From E:/Epic Games/4.13/Engine/Plugins/Developer/KDevelopSourceCodeAccess/KDevelopSourceCodeAccess.uplugin
LogPluginManager: Loaded Plugin NullSourceCodeAccess, From E:/Epic Games/4.13/Engine/Plugins/Developer/NullSourceCodeAccess/NullSourceCodeAccess.uplugin
LogPluginManager: Loaded Plugin OneSkyLocalizationService, From E:/Epic Games/4.13/Engine/Plugins/Developer/OneSkyLocalizationService/OneSkyLocalizationService.uplugin
LogPluginManager: Loaded Plugin PerforceSourceControl, From E:/Epic Games/4.13/Engine/Plugins/Developer/PerforceSourceControl/PerforceSourceControl.uplugin
LogPluginManager: Loaded Plugin SubversionSourceControl, From E:/Epic Games/4.13/Engine/Plugins/Developer/SubversionSourceControl/SubversionSourceControl.uplugin
LogPluginManager: Loaded Plugin UObjectPlugin, From E:/Epic Games/4.13/Engine/Plugins/Developer/UObjectPlugin/UObjectPlugin.uplugin
LogPluginManager: Loaded Plugin VisualStudioSourceCodeAccess, From E:/Epic Games/4.13/Engine/Plugins/Developer/VisualStudioSourceCodeAccess/VisualStudioSourceCodeAccess.uplugin
LogPluginManager: Loaded Plugin XCodeSourceCodeAccess, From E:/Epic Games/4.13/Engine/Plugins/Developer/XCodeSourceCodeAccess/XCodeSourceCodeAccess.uplugin
LogPluginManager: Loaded Plugin EpicSurvey, From E:/Epic Games/4.13/Engine/Plugins/Editor/EpicSurvey/EpicSurvey.uplugin
LogPluginManager: Loaded Plugin MacGraphicsSwitching, From E:/Epic Games/4.13/Engine/Plugins/Editor/MacGraphicsSwitching/MacGraphicsSwitching.uplugin
LogPluginManager: Loaded Plugin MobileLauncherProfileWizard, From E:/Epic Games/4.13/Engine/Plugins/Editor/MobileLauncherProfileWizard/MobileLauncherProfileWizard.uplugin
LogPluginManager: Loaded Plugin PluginBrowser, From E:/Epic Games/4.13/Engine/Plugins/Editor/PluginBrowser/PluginBrowser.uplugin
LogPluginManager: Loaded Plugin SpeedTreeImporter, From E:/Epic Games/4.13/Engine/Plugins/Editor/SpeedTreeImporter/SpeedTreeImporter.uplugin
LogPluginManager: Loaded Plugin SuperSearchEditor, From E:/Epic Games/4.13/Engine/Plugins/Editor/SuperSearchEditor/SuperSearchEditor.uplugin
LogPluginManager: Loaded Plugin AlembicImporter, From E:/Epic Games/4.13/Engine/Plugins/Experimental/AlembicImporter/AlembicImporter.uplugin
LogPluginManager: Loaded Plugin BlueprintStats, From E:/Epic Games/4.13/Engine/Plugins/Experimental/BlueprintStats/BlueprintStats.uplugin
LogPluginManager: Loaded Plugin CharacterAI, From E:/Epic Games/4.13/Engine/Plugins/Experimental/CharacterAI/CharacterAI.uplugin
LogPluginManager: Loaded Plugin CodeEditor, From E:/Epic Games/4.13/Engine/Plugins/Experimental/CodeEditor/CodeEditor.uplugin
LogPluginManager: Loaded Plugin CodeView, From E:/Epic Games/4.13/Engine/Plugins/Experimental/CodeView/CodeView.uplugin
LogPluginManager: Loaded Plugin HTML5Networking, From E:/Epic Games/4.13/Engine/Plugins/Experimental/HTML5Networking/HTML5Networking.uplugin
LogPluginManager: Loaded Plugin LiveEditor, From E:/Epic Games/4.13/Engine/Plugins/Experimental/LiveEditor/LiveEditor.uplugin
LogPluginManager: Loaded Plugin OSVR, From E:/Epic Games/4.13/Engine/Plugins/Experimental/OSVR/OSVR.uplugin
LogPluginManager: Loaded Plugin Phya, From E:/Epic Games/4.13/Engine/Plugins/Experimental/Phya/Phya.uplugin
LogPluginManager: Loaded Plugin SignificanceManager, From E:/Epic Games/4.13/Engine/Plugins/Experimental/SignificanceManager/SignificanceManager.uplugin
LogPluginManager: Loaded Plugin SimpleHMD, From E:/Epic Games/4.13/Engine/Plugins/Experimental/SimpleHMD/SimpleHMD.uplugin
LogPluginManager: Loaded Plugin StereoPanorama, From E:/Epic Games/4.13/Engine/Plugins/Experimental/StereoPanorama/StereoPanorama.uplugin
LogPluginManager: Loaded Plugin StructBox, From E:/Epic Games/4.13/Engine/Plugins/Experimental/StructBox/StructBox.uplugin
LogPluginManager: Loaded Plugin AndroidMedia, From E:/Epic Games/4.13/Engine/Plugins/Media/AndroidMedia/AndroidMedia.uplugin
LogPluginManager: Loaded Plugin AvfMedia, From E:/Epic Games/4.13/Engine/Plugins/Media/AvfMedia/AvfMedia.uplugin
LogPluginManager: Loaded Plugin MediaPlayerEditor, From E:/Epic Games/4.13/Engine/Plugins/Media/MediaPlayerEditor/MediaPlayerEditor.uplugin
LogPluginManager: Loaded Plugin WmfMedia, From E:/Epic Games/4.13/Engine/Plugins/Media/WmfMedia/WmfMedia.uplugin
LogPluginManager: Loaded Plugin MessagingDebugger, From E:/Epic Games/4.13/Engine/Plugins/Messaging/MessagingDebugger/MessagingDebugger.uplugin
LogPluginManager: Loaded Plugin TcpMessaging, From E:/Epic Games/4.13/Engine/Plugins/Messaging/TcpMessaging/TcpMessaging.uplugin
LogPluginManager: Loaded Plugin UdpMessaging, From E:/Epic Games/4.13/Engine/Plugins/Messaging/UdpMessaging/UdpMessaging.uplugin
LogPluginManager: Loaded Plugin LevelSequenceEditor, From E:/Epic Games/4.13/Engine/Plugins/MovieScene/LevelSequenceEditor/LevelSequenceEditor.uplugin
LogPluginManager: Loaded Plugin MatineeToLevelSequence, From E:/Epic Games/4.13/Engine/Plugins/MovieScene/MatineeToLevelSequence/MatineeToLevelSequence.uplugin
LogPluginManager: Loaded Plugin NetcodeUnitTest, From E:/Epic Games/4.13/Engine/Plugins/NetcodeUnitTest/NetcodeUnitTest/NetcodeUnitTest.uplugin
LogPluginManager: Loaded Plugin NUTUnrealEngine4, From E:/Epic Games/4.13/Engine/Plugins/NetcodeUnitTest/NUTUnrealEngine4/NUTUnrealEngine4.uplugin
LogPluginManager: Loaded Plugin OnlineSubsystemGooglePlay, From E:/Epic Games/4.13/Engine/Plugins/Online/Android/OnlineSubsystemGooglePlay/OnlineSubsystemGooglePlay.uplugin
LogPluginManager: Loaded Plugin OnlineSubsystemIOS, From E:/Epic Games/4.13/Engine/Plugins/Online/IOS/OnlineSubsystemIOS/OnlineSubsystemIOS.uplugin
LogPluginManager: Loaded Plugin OnlineFramework, From E:/Epic Games/4.13/Engine/Plugins/Online/OnlineFramework/OnlineFramework.uplugin
LogPluginManager: Loaded Plugin OnlineSubsystem, From E:/Epic Games/4.13/Engine/Plugins/Online/OnlineSubsystem/OnlineSubsystem.uplugin
LogPluginManager: Loaded Plugin OnlineSubsystemAmazon, From E:/Epic Games/4.13/Engine/Plugins/Online/OnlineSubsystemAmazon/OnlineSubsystemAmazon.uplugin
LogPluginManager: Loaded Plugin OnlineSubsystemFacebook, From E:/Epic Games/4.13/Engine/Plugins/Online/OnlineSubsystemFacebook/OnlineSubsystemFacebook.uplugin
LogPluginManager: Loaded Plugin OnlineSubsystemNull, From E:/Epic Games/4.13/Engine/Plugins/Online/OnlineSubsystemNull/OnlineSubsystemNull.uplugin
LogPluginManager: Loaded Plugin OnlineSubsystemOculus, From E:/Epic Games/4.13/Engine/Plugins/Online/OnlineSubsystemOculus/OnlineSubsystemOculus.uplugin
LogPluginManager: Loaded Plugin OnlineSubsystemSteam, From E:/Epic Games/4.13/Engine/Plugins/Online/OnlineSubsystemSteam/OnlineSubsystemSteam.uplugin
LogPluginManager: Loaded Plugin OnlineSubsystemUtils, From E:/Epic Games/4.13/Engine/Plugins/Online/OnlineSubsystemUtils/OnlineSubsystemUtils.uplugin
LogPluginManager: Loaded Plugin IOSTapJoy, From E:/Epic Games/4.13/Engine/Plugins/Runtime/Advertising/IOSTapJoy/IOSTapJoy.uplugin
LogPluginManager: Loaded Plugin AnalyticsBlueprintLibrary, From E:/Epic Games/4.13/Engine/Plugins/Runtime/Analytics/AnalyticsBlueprintLibrary/AnalyticsBlueprintLibrary.uplugin
LogPluginManager: Loaded Plugin AnalyticsMulticast, From E:/Epic Games/4.13/Engine/Plugins/Runtime/Analytics/AnalyticsMulticast/AnalyticsMulticast.uplugin
LogPluginManager: Loaded Plugin Apsalar, From E:/Epic Games/4.13/Engine/Plugins/Runtime/Analytics/Apsalar/Apsalar.uplugin
LogPluginManager: Loaded Plugin FileLogging, From E:/Epic Games/4.13/Engine/Plugins/Runtime/Analytics/FileLogging/FileLogging.uplugin
LogPluginManager: Loaded Plugin Flurry, From E:/Epic Games/4.13/Engine/Plugins/Runtime/Analytics/Flurry/Flurry.uplugin
LogPluginManager: Loaded Plugin AndroidDeviceProfileSelector, From E:/Epic Games/4.13/Engine/Plugins/Runtime/AndroidDeviceProfileSelector/AndroidDeviceProfileSelector.uplugin
LogPluginManager: Loaded Plugin AndroidMoviePlayer, From E:/Epic Games/4.13/Engine/Plugins/Runtime/AndroidMoviePlayer/AndroidMoviePlayer.uplugin
LogPluginManager: Loaded Plugin AppleMoviePlayer, From E:/Epic Games/4.13/Engine/Plugins/Runtime/AppleMoviePlayer/AppleMoviePlayer.uplugin
LogPluginManager: Loaded Plugin ArchVisCharacter, From E:/Epic Games/4.13/Engine/Plugins/Runtime/ArchVisCharacter/ArchVisCharacter.uplugin
LogPluginManager: Loaded Plugin CableComponent, From E:/Epic Games/4.13/Engine/Plugins/Runtime/CableComponent/CableComponent.uplugin
LogPluginManager: Loaded Plugin CustomMeshComponent, From E:/Epic Games/4.13/Engine/Plugins/Runtime/CustomMeshComponent/CustomMeshComponent.uplugin
LogPluginManager: Loaded Plugin ExampleDeviceProfileSelector, From E:/Epic Games/4.13/Engine/Plugins/Runtime/ExampleDeviceProfileSelector/ExampleDeviceProfileSelector.uplugin
LogPluginManager: Loaded Plugin GearVR, From E:/Epic Games/4.13/Engine/Plugins/Runtime/GearVR/GearVR.uplugin
LogPluginManager: Loaded Plugin GoogleVRController, From E:/Epic Games/4.13/Engine/Plugins/Runtime/GoogleVR/GoogleVRController/GoogleVRController.uplugin
LogPluginManager: Loaded Plugin GoogleVRHMD, From E:/Epic Games/4.13/Engine/Plugins/Runtime/GoogleVR/GoogleVRHMD/GoogleVRHMD.uplugin
LogPluginManager: Loaded Plugin IOSDeviceProfileSelector, From E:/Epic Games/4.13/Engine/Plugins/Runtime/IOSDeviceProfileSelector/IOSDeviceProfileSelector.uplugin
LogPluginManager: Loaded Plugin LeapMotion, From E:/Epic Games/4.13/Engine/Plugins/Runtime/LeapMotion/LeapMotion.uplugin
LogPluginManager: Loaded Plugin LinuxDeviceProfileSelector, From E:/Epic Games/4.13/Engine/Plugins/Runtime/LinuxDeviceProfileSelector/LinuxDeviceProfileSelector.uplugin
LogPluginManager: Loaded Plugin LiveEditorListenServer, From E:/Epic Games/4.13/Engine/Plugins/Runtime/LiveEditorListenServer/LiveEditorListenServer.uplugin
LogPluginManager: Loaded Plugin OculusAudio, From E:/Epic Games/4.13/Engine/Plugins/Runtime/OculusAudio/OculusAudio.uplugin
LogPluginManager: Loaded Plugin OculusInput, From E:/Epic Games/4.13/Engine/Plugins/Runtime/OculusInput/OculusInput.uplugin
LogPluginManager: Loaded Plugin OculusLibrary, From E:/Epic Games/4.13/Engine/Plugins/Runtime/OculusLibrary/OculusLibrary.uplugin
LogPluginManager: Loaded Plugin OculusRift, From E:/Epic Games/4.13/Engine/Plugins/Runtime/OculusRift/OculusRift.uplugin
LogPluginManager: Loaded Plugin Oodle, From E:/Epic Games/4.13/Engine/Plugins/Runtime/PacketHandlers/CompressionComponents/Oodle/Oodle.uplugin
LogPluginManager: Loaded Plugin ProceduralMeshComponent, From E:/Epic Games/4.13/Engine/Plugins/Runtime/ProceduralMeshComponent/ProceduralMeshComponent.uplugin
LogPluginManager: Loaded Plugin SoundMod, From E:/Epic Games/4.13/Engine/Plugins/Runtime/SoundMod/SoundMod.uplugin
LogPluginManager: Loaded Plugin SoundVisualizations, From E:/Epic Games/4.13/Engine/Plugins/Runtime/SoundVisualizations/SoundVisualizations.uplugin
LogPluginManager: Loaded Plugin SteamController, From E:/Epic Games/4.13/Engine/Plugins/Runtime/Steam/SteamController/SteamController.uplugin
LogPluginManager: Loaded Plugin SteamVR, From E:/Epic Games/4.13/Engine/Plugins/Runtime/Steam/SteamVR/SteamVR.uplugin
LogPluginManager: Loaded Plugin WebBrowserWidget, From E:/Epic Games/4.13/Engine/Plugins/Runtime/WebBrowserWidget/WebBrowserWidget.uplugin
LogPluginManager: Loaded Plugin WindowsDeviceProfileSelector, From E:/Epic Games/4.13/Engine/Plugins/Runtime/WindowsDeviceProfileSelector/WindowsDeviceProfileSelector.uplugin
LogPluginManager: Loaded Plugin WindowsMoviePlayer, From E:/Epic Games/4.13/Engine/Plugins/Runtime/WindowsMoviePlayer/WindowsMoviePlayer.uplugin
LogPluginManager: Loaded Plugin ScriptPlugin, From E:/Epic Games/4.13/Engine/Plugins/ScriptPlugin/ScriptPlugin.uplugin
LogPluginManager: Loaded Plugin SlateRemote, From E:/Epic Games/4.13/Engine/Plugins/Slate/SlateRemote/SlateRemote.uplugin
LogInit: Using libcurl 7.47.1
LogInit:  - built for x86_64-pc-win32
LogInit:  - supports SSL with WinSSL
LogInit:  - other features:
LogInit:      CURL_VERSION_SSL
LogInit:      CURL_VERSION_IPV6
LogInit:      CURL_VERSION_ASYNCHDNS
LogInit:      CURL_VERSION_LARGEFILE
LogInit:      CURL_VERSION_IDN
LogInit:  CurlRequestOptions (configurable via config and command line):
LogInit:  - bVerifyPeer = false  - Libcurl will NOT verify peer certificate
LogInit:  - bUseHttpProxy = false  - Libcurl will NOT use HTTP proxy
LogInit:  - bDontReuseConnections = false  - Libcurl will reuse connections
LogInit:  - CertBundlePath = nullptr  - Libcurl will use whatever was configured at build time.
LogInit: Build: ++UE4+Release-4.13-CL-3142249
LogInit: Engine Version: 4.13.1-3142249+++UE4+Release-4.13
LogInit: Compatible Engine Version: 4.13.0-3106830+++UE4+Release-4.13
LogInit: Net CL: 3142249
LogDevObjectVersion: Number of dev versions registered: 13
LogDevObjectVersion:   Dev-Blueprints (B0D832E4-1F89-4F0D-ACCF-7EB736FD4AA2): 5
LogDevObjectVersion:   Dev-Build (E1C64328-A22C-4D53-A36C-8E866417BD8C): 0
LogDevObjectVersion:   Dev-Core (375EC13C-06E4-48FB-B500-84F0262A717E): 1
LogDevObjectVersion:   Dev-Editor (E4B068ED-F494-42E9-A231-DA0B2E46BB41): 6
LogDevObjectVersion:   Dev-Framework (CFFC743F-43B0-4480-9391-14DF171D2073): 12
LogDevObjectVersion:   Dev-Mobile (B02B49B5-BB20-44E9-A304-32B752E40360): 0
LogDevObjectVersion:   Dev-Networking (A4E4105C-59A1-49B5-A7C5-40C4547EDFEE): 0
LogDevObjectVersion:   Dev-Online (39C831C9-5AE6-47DC-9A44-9C173E1C8E7C): 0
LogDevObjectVersion:   Dev-Physics (78F01B33-EBEA-4F98-B9B4-84EACCB95AA2): 0
LogDevObjectVersion:   Dev-Platform (6631380F-2D4D-43E0-8009-CF276956A95A): 0
LogDevObjectVersion:   Dev-Rendering (12F88B9F-8875-4AFC-A67C-D90C383ABD29): 4
LogDevObjectVersion:   Dev-Sequencer (7B5AE74C-D270-4C10-A958-57980B212A5A): 0
LogDevObjectVersion:   Dev-VR (D7296918-1DD6-4BDD-9DE2-64A83CC13884): 0
LogInit: Compiled (64-bit): Sep 28 2016 02:12:12
LogInit: Compiled with Visual C++: 19.00.23026.00
LogInit: Build Configuration: Development
LogInit: Branch Name: ++UE4+Release-4.13
LogInit: Command line: -EpicPortal 
LogInit: Base directory: E:/Epic Games/4.13/Engine/Binaries/Win64/
LogInit: Installed Engine Build: 1
LogInit: Presizing for max 8388607 objects, including 0 objects not considered by GC, pre-allocating 0 bytes for permanent pool.
LogInit: Object subsystem initialized
[2016.12.17-23.55.49:504][  0]LogInit: Selected Device Profile: [Windows]
[2016.12.17-23.55.49:504][  0]LogInit: Applying CVar settings loaded from the selected device profile: [Windows]
[2016.12.17-23.55.49:527][  0]LogInit: Computer: ARMEN-PC
[2016.12.17-23.55.49:527][  0]LogInit: User: Armen
[2016.12.17-23.55.49:527][  0]LogInit: CPU Page size=65536, Cores=4
[2016.12.17-23.55.49:527][  0]LogInit: High frequency timer resolution =3.527396 MHz
[2016.12.17-23.55.49:527][  0]LogMemory: Memory total: Physical=7.9GB (8GB approx)
[2016.12.17-23.55.49:527][  0]LogMemory: Platform Memory Stats for Windows
[2016.12.17-23.55.49:527][  0]LogMemory: Process Physical Memory: 256.88 MB used, 256.88 MB peak
[2016.12.17-23.55.49:527][  0]LogMemory: Process Virtual Memory: 260.08 MB used, 260.08 MB peak
[2016.12.17-23.55.49:527][  0]LogMemory: Physical Memory: 4052.60 MB used, 8120.40 MB total
[2016.12.17-23.55.49:527][  0]LogMemory: Virtual Memory: 623.39 MB used, 134217728.00 MB total
[2016.12.17-23.55.49:553][  0]LogTextLocalizationManager: No translations for ('fr-FR') exist, falling back to 'en' for localization and internationalization data.
[2016.12.17-23.55.50:289][  0]LogD3D11RHI: D3D11 adapters:
[2016.12.17-23.55.50:309][  0]LogD3D11RHI:    0. 'AMD Radeon HD 7800 Series' (Feature Level 11_0)
[2016.12.17-23.55.50:309][  0]LogD3D11RHI:       2029/0/4060 MB DedicatedVideo/DedicatedSystem/SharedSystem, Outputs:1, VendorId:0x1002
[2016.12.17-23.55.50:311][  0]LogD3D11RHI:    1. 'Microsoft Basic Render Driver' (Feature Level 11_0)
[2016.12.17-23.55.50:311][  0]LogD3D11RHI:       0/0/4060 MB DedicatedVideo/DedicatedSystem/SharedSystem, Outputs:0, VendorId:0x1414
[2016.12.17-23.55.50:311][  0]LogD3D11RHI: Chosen D3D11 Adapter: 0
[2016.12.17-23.55.50:318][  0]LogD3D11RHI: Creating new Direct3DDevice
[2016.12.17-23.55.50:318][  0]LogD3D11RHI:     GPU DeviceId: 0x6818 (for the marketing name, search the web for "GPU Device Id")
[2016.12.17-23.55.50:318][  0]LogWindows: EnumDisplayDevices:
[2016.12.17-23.55.50:318][  0]LogWindows:    0. 'AMD Radeon HD 7800 Series' (P:1 D:1)
[2016.12.17-23.55.50:318][  0]LogWindows:    1. 'AMD Radeon HD 7800 Series' (P:0 D:0)
[2016.12.17-23.55.50:319][  0]LogWindows:    2. 'AMD Radeon HD 7800 Series' (P:0 D:0)
[2016.12.17-23.55.50:319][  0]LogWindows:    3. 'AMD Radeon HD 7800 Series' (P:0 D:0)
[2016.12.17-23.55.50:319][  0]LogWindows:    4. 'AMD Radeon HD 7800 Series' (P:0 D:0)
[2016.12.17-23.55.50:320][  0]LogWindows:    5. 'AMD Radeon HD 7800 Series' (P:0 D:0)
[2016.12.17-23.55.50:320][  0]LogWindows: DebugString: FoundDriverCount:6 
[2016.12.17-23.55.50:320][  0]LogD3D11RHI:     Adapter Name: AMD Radeon HD 7800 Series
[2016.12.17-23.55.50:320][  0]LogD3D11RHI:   Driver Version: Crimson 16.6 (internal:21.19.137.1, unified:21.19.137.1)
[2016.12.17-23.55.50:320][  0]LogD3D11RHI:      Driver Date: 9-16-2016
[2016.12.17-23.55.50:320][  0]LogRHI: Texture pool is 1361 MB (70% of 1945 MB)
[2016.12.17-23.55.50:331][  0]LogD3D11RHI: Async texture creation enabled
[2016.12.17-23.55.50:348][  0]LogD3D11RHI: GPU Timing Frequency: 27.000000 (Debug: 2 1)
[2016.12.17-23.55.50:349][  0]LogShaderCompilers: Guid format shader working directory is 10 characters bigger than the processId version (../../../../../GitHub/jeuxVideo/jeux/Intermediate/Shaders/WorkingDirectory/8620/).
[2016.12.17-23.55.50:349][  0]LogShaderCompilers: Cleaned the shader compiler working directory 'C:/Users/Armen/AppData/Local/Temp/UnrealShaderWorkingDir/DD6443EF41BD4A24D9D734982DEE1210/'.
[2016.12.17-23.55.50:349][  0]LogShaderCompilers:Display: Using Local Shader Compiler.
[2016.12.17-23.55.51:636][  0]LogTemp:Display: Loaded TP AllDesktopTargetPlatform
[2016.12.17-23.55.51:648][  0]LogTemp:Display: Loaded TP WindowsClientTargetPlatform
[2016.12.17-23.55.51:660][  0]LogTemp:Display: Loaded TP WindowsNoEditorTargetPlatform
[2016.12.17-23.55.51:672][  0]LogTemp:Display: Loaded TP WindowsServerTargetPlatform
[2016.12.17-23.55.51:684][  0]LogTemp:Display: Loaded TP WindowsTargetPlatform
[2016.12.17-23.55.51:694][  0]LogTemp:Display: Loaded TP AndroidTargetPlatform
[2016.12.17-23.55.51:704][  0]LogTemp:Display: Loaded TP Android_ASTCTargetPlatform
[2016.12.17-23.55.51:713][  0]LogTemp:Display: Loaded TP Android_ATCTargetPlatform
[2016.12.17-23.55.51:723][  0]LogTemp:Display: Loaded TP Android_DXTTargetPlatform
[2016.12.17-23.55.51:733][  0]LogTemp:Display: Loaded TP Android_ETC1TargetPlatform
[2016.12.17-23.55.51:743][  0]LogTemp:Display: Loaded TP Android_ETC2TargetPlatform
[2016.12.17-23.55.51:762][  0]LogTemp:Display: Loaded TP Android_MultiTargetPlatform
[2016.12.17-23.55.51:762][  0]LogTemp:Display: Loaded TP Android_PVRTCTargetPlatform
[2016.12.17-23.55.51:763][  0]LogTemp:Display: Loaded TP HTML5TargetPlatform
[2016.12.17-23.55.51:788][  0]LogTemp:Display: Loaded TP IOSTargetPlatform
[2016.12.17-23.55.51:797][  0]LogTemp:Display: Loaded TP TVOSTargetPlatform
[2016.12.17-23.55.51:806][  0]LogTemp:Display: Loaded TP LinuxClientTargetPlatform
[2016.12.17-23.55.51:815][  0]LogTemp:Display: Loaded TP LinuxNoEditorTargetPlatform
[2016.12.17-23.55.51:824][  0]LogTemp:Display: Loaded TP LinuxServerTargetPlatform
[2016.12.17-23.55.51:834][  0]LogTemp:Display: Loaded TP LinuxTargetPlatform
[2016.12.17-23.55.51:834][  0]LogTargetPlatformManager:Display: Building Assets For Windows
[2016.12.17-23.55.51:946][  0]LogDerivedDataCache:Display: Max Cache Size: 512 MB
[2016.12.17-23.55.52:059][  0]LogDerivedDataCache: Loaded boot cache 0.11s 62MB C:/Users/Armen/AppData/Local/UnrealEngine/4.13/DerivedDataCache/Boot.ddc.
[2016.12.17-23.55.52:059][  0]LogDerivedDataCache:Display: Loaded Boot cache: C:/Users/Armen/AppData/Local/UnrealEngine/4.13/DerivedDataCache/Boot.ddc
[2016.12.17-23.55.52:060][  0]LogDerivedDataCache: FDerivedDataBackendGraph:  Pak pak cache file ../../../../../GitHub/jeuxVideo/jeux/DerivedDataCache/DDC.ddp not found, will not use a pak cache.
[2016.12.17-23.55.52:060][  0]LogDerivedDataCache: Unable to find inner node Pak for hierarchical cache Hierarchy.
[2016.12.17-23.55.52:060][  0]LogDerivedDataCache: FDerivedDataBackendGraph:  CompressedPak pak cache file ../../../../../GitHub/jeuxVideo/jeux/DerivedDataCache/Compressed.ddp not found, will not use a pak cache.
[2016.12.17-23.55.52:060][  0]LogDerivedDataCache: Unable to find inner node CompressedPak for hierarchical cache Hierarchy.
[2016.12.17-23.55.52:084][  0]LogDerivedDataCache:Display: Pak cache opened for reading ../../../Engine/DerivedDataCache/Compressed.ddp.
[2016.12.17-23.55.52:097][  0]LogDerivedDataCache: Using Local data cache path C:/Users/Armen/AppData/Local/UnrealEngine/Common/DerivedDataCache: Writable
[2016.12.17-23.55.52:373][  0]LogInit: Selected Device Profile: [Windows]
[2016.12.17-23.55.52:379][  0]LogContentStreaming: Texture pool size is 0.00 MB
[2016.12.17-23.55.52:503][  0]LogMeshUtilities: No automatic mesh reduction module available
[2016.12.17-23.55.52:503][  0]LogMeshUtilities: No automatic mesh merging module available
[2016.12.17-23.55.52:503][  0]LogMeshUtilities: No distributed automatic mesh merging module available
[2016.12.17-23.55.52:602][  0]LogMaterial: Uniform references updated for custom material expression Custom.
[2016.12.17-23.55.53:109][  0]LogNetVersion: GetLocalNetworkVersion: CL: 3106830, ProjectName: jeux, ProjectVersion: , EngineNetworkVersion: 1, GameNetworkVersion: 0, NetworkChecksum: 14164607
[2016.12.17-23.55.53:152][  0]LogAssetRegistry: FAssetRegistry took 0.0224 seconds to start up
[2016.12.17-23.55.53:214][  0]LogPackageLocalizationCache: Processed 3 localized package path(s) for 1 prioritized culture(s) in 0.057967 seconds
[2016.12.17-23.55.53:220][  0]LogUObjectArray: 29778 objects as part of root set at end of initial load.
[2016.12.17-23.55.53:220][  0]LogUObjectAllocator: 6125456 out of 0 bytes used by permanent object pool.
[2016.12.17-23.55.53:220][  0]LogUObjectArray: CloseDisregardForGC: 0/0 objects in disregard for GC pool
[2016.12.17-23.55.53:229][  0]LogInit: WinSock: version 1.1 (2.2), MaxSocks=32767, MaxUdp=65467
[2016.12.17-23.55.53:490][  0]LogSlate: SlateFontCache - WITH_FREETYPE: 1, WITH_HARFBUZZ: 1
[2016.12.17-23.55.53:490][  0]LogSlate: SlateFontCache - WITH_FREETYPE: 1, WITH_HARFBUZZ: 1
[2016.12.17-23.55.54:282][  0]LogTcpMessaging: Initializing TcpMessaging bridge
[2016.12.17-23.55.54:311][  0]LogUdpMessaging: Initializing bridge on interface 0.0.0.0:0 to multicast group 230.0.0.1:6666.
[2016.12.17-23.55.54:612][  0]SourceControl: Info Source control is disabled
[2016.12.17-23.55.54:614][  0]SourceControl: Info Source control is disabled
[2016.12.17-23.55.54:626][  0]SourceControl: Info Source control is disabled
[2016.12.17-23.55.54:637][  0]SourceControl: Info Source control is disabled
[2016.12.17-23.55.55:009][  0]LogEngine: Initializing Engine...
[2016.12.17-23.55.55:010][  0]LogHMD: Failed to initialize OpenVR with code 110
[2016.12.17-23.55.55:187][  0]LogAIModule: Creating AISystem for world Untitled
[2016.12.17-23.55.55:211][  0]LogInit: XAudio2 using '1 - NS-40D420NA16 (AMD High Definition Audio Device)' : 2 channels at 48 kHz using 16 bits per sample (channel mask 0x3)
[2016.12.17-23.55.55:239][  0]LogInit: FAudioDevice initialized.
[2016.12.17-23.55.55:294][  0]LogDerivedDataCache: Saved boot cache 0.06s 62MB C:/Users/Armen/AppData/Local/UnrealEngine/4.13/DerivedDataCache/Boot.ddc.
[2016.12.17-23.55.55:312][  0]LogInit: Texture streaming: Enabled
[2016.12.17-23.55.55:354][  0]LogInit: Transaction tracking system initialized
[2016.12.17-23.55.55:386][  0]BlueprintLog: New page: Editor Load
[2016.12.17-23.55.55:487][  0]LocalizationService: Info Localization service is disabled
[2016.12.17-23.55.55:582][  0]LogConsoleResponse:Display: 
[2016.12.17-23.55.55:781][  0]LogCook:Display: Max memory allowance for cook 16384mb min free memory 0mb
[2016.12.17-23.55.55:781][  0]LogCook:Display: Mobile HDR setting 1
[2016.12.17-23.55.56:001][  0]LogFileCache: Scanning file cache for directory 'E:/GitHub/jeuxVideo/jeux/Content/' took 0.04s
[2016.12.17-23.55.56:001][  0]SourceControl: Info Source control is disabled
[2016.12.17-23.55.56:001][  0]Cmd: MAP LOAD FILE="../../../../../GitHub/jeuxVideo/jeux/Content/ThirdPersonBP/Maps/Bowser1.umap" TEMPLATE=0 SHOWPROGRESS=1 FEATURELEVEL=3
[2016.12.17-23.55.56:029][  0]LightingResults: New page: Lighting Build
[2016.12.17-23.55.56:033][  0]MapCheck: New page: Map Check
[2016.12.17-23.55.56:033][  0]LightingResults: New page: Lighting Build
[2016.12.17-23.55.57:581][  0]LogAIModule: Creating AISystem for world Bowser1
[2016.12.17-23.55.57:608][  0]LogEditorServer: Finished looking for orphan Actors (0.000 secs)
[2016.12.17-23.55.57:609][  0]Cmd: MAP CHECKDEP NOCLEARLOG
[2016.12.17-23.55.57:663][  0]MapCheck: Info Map check complete: 0 Error(s), 0 Warning(s), took 54.233ms to complete.
[2016.12.17-23.55.57:663][  0]LogFileHelpers: Loading map 'Bowser1' took 1.662
[2016.12.17-23.55.58:301][  0]LogCollectionManager: Loaded 0 collections in 0.020913 seconds
[2016.12.17-23.55.58:475][  0]LogFileCache: Scanning file cache for directory 'E:/GitHub/jeuxVideo/jeux/Saved/Collections/' took 0.07s
[2016.12.17-23.55.58:475][  0]LogFileCache: Scanning file cache for directory 'E:/GitHub/jeuxVideo/jeux/Content/Developers/Armen/Collections/' took 0.01s
[2016.12.17-23.55.58:475][  0]LogFileCache: Scanning file cache for directory 'E:/GitHub/jeuxVideo/jeux/Content/Collections/' took 0.01s
[2016.12.17-23.55.58:475][  0]LogCollectionManager: Rebuilt the GUID cache for 0 collections in 0.000005 seconds
[2016.12.17-23.55.58:509][  0]LogContentBrowser: Native class hierarchy populated in 0.0312 seconds. Added 2141 classes and 415 folders.
[2016.12.17-23.55.58:538][  0]LogStats: UGameplayTagsManager::ConstructGameplayTagTree: Construct from data asset -  0.000 s
[2016.12.17-23.55.58:538][  0]LogStats: UGameplayTagsManager::ConstructGameplayTagTree: GameplayTagTreeChangedEvent.Broadcast -  0.000 s
[2016.12.17-23.55.58:541][  0]LogContentBrowser: Native class hierarchy updated for 'GameplayTags' in 0.0018 seconds. Added 12 classes and 0 folders.
[2016.12.17-23.55.58:586][  0]LogContentBrowser: Native class hierarchy updated for 'WidgetCarousel' in 0.0015 seconds. Added 0 classes and 0 folders.
[2016.12.17-23.55.59:681][  0]LogContentBrowser: Native class hierarchy updated for 'AddContentDialog' in 0.0008 seconds. Added 0 classes and 0 folders.
[2016.12.17-23.55.59:723][  0]LogContentBrowser: Native class hierarchy updated for 'SceneOutliner' in 0.0006 seconds. Added 1 classes and 2 folders.
[2016.12.17-23.56.00:030][  0]LogCrashTracker: Crashtracker disabled due to settings.
[2016.12.17-23.56.00:111][  0]LogUObjectGlobals:Warning: Failed to find object 'Class None.'
[2016.12.17-23.56.00:157][  0]LogContentBrowser: Native class hierarchy updated for 'HierarchicalLODOutliner' in 0.0006 seconds. Added 1 classes and 2 folders.
[2016.12.17-23.56.00:157][  0]LogLoad: (Engine Initialization) Total time: 12.37 seconds
[2016.12.17-23.56.00:157][  0]LogLoad: (Engine Initialization) Total Blueprint compile time: 0.39 seconds
[2016.12.17-23.56.00:158][  0]LogExternalProfiler: Found external profiler: VSPerf
[2016.12.17-23.56.00:158][  0]LogExternalProfiler: Using external profiler: VSPerf
[2016.12.17-23.56.00:168][  0]LogWindowsTextInputMethodSystem:Display: IME system now deactivated.
[2016.12.17-23.56.00:168][  0]LogOcInput: OculusInput pre-init called
[2016.12.17-23.56.00:269][  0]LogContentStreaming: Texture pool size now 1000 MB
[2016.12.17-23.56.00:835][  0]LogRenderer: Reallocating scene render targets to support 692x352 (Frame:2).
[2016.12.17-23.56.01:241][  4]LogAssetRegistry: Asset discovery search completed in 8.1111 seconds
[2016.12.17-23.56.01:241][  4]LogCollectionManager: Rebuilt the object cache for 0 collections in 0.000001 seconds (found 0 objects)
[2016.12.17-23.56.01:241][  4]LogCollectionManager: Fixed up redirectors for 0 collections in 0.000030 seconds (updated 0 objects)
[2016.12.17-23.56.03:585][278]LogPlayLevel: PlayLevel: No blueprints needed recompiling
[2016.12.17-23.56.03:657][278]PIE: New page: PIE session: Bowser1 (Dec 17, 2016, 1:56:03 PM)
[2016.12.17-23.56.03:657][278]LogPlayLevel: Creating play world package: /Game/ThirdPersonBP/Maps/UEDPIE_0_Bowser1
[2016.12.17-23.56.03:679][278]LogPlayLevel: PIE: StaticDuplicateObject took: (0.022058s)
[2016.12.17-23.56.03:684][278]LogAIModule: Creating AISystem for world Bowser1
[2016.12.17-23.56.03:684][278]LogPlayLevel: PIE: World Init took: (0.004865s)
[2016.12.17-23.56.03:685][278]LogPlayLevel: PIE: Created PIE world by copying editor world from /Game/ThirdPersonBP/Maps/Bowser1.Bowser1 to /Game/ThirdPersonBP/Maps/UEDPIE_0_Bowser1.Bowser1 (0.027847s)
[2016.12.17-23.56.03:785][278]LogInit: XAudio2 using '1 - NS-40D420NA16 (AMD High Definition Audio Device)' : 2 channels at 48 kHz using 16 bits per sample (channel mask 0x3)
[2016.12.17-23.56.03:825][278]LogInit: FAudioDevice initialized.
[2016.12.17-23.56.03:989][278]LogWorld: Game class is 'ThirdPersonGameMode_C'
[2016.12.17-23.56.04:016][278]LogWorld: Bringing World /Game/ThirdPersonBP/Maps/UEDPIE_0_Bowser1.Bowser1 up for play (max tick rate 0) at 2016.12.17-18.56.04
[2016.12.17-23.56.04:029][278]LogWorld: Bringing up level for play took: 0.015875
[2016.12.17-23.56.04:063][278]LogSpawn:Warning: SpawnActor failed because no class was specified
[2016.12.17-23.56.04:081][278]LogContentBrowser: Native class hierarchy updated for 'MovieSceneCapture' in 0.0018 seconds. Added 11 classes and 0 folders.
[2016.12.17-23.56.04:082][278]LogGameMode:Display: Match State Changed from EnteringMap to WaitingToStart
[2016.12.17-23.56.04:082][278]LogGameState: Match State Changed from EnteringMap to WaitingToStart
[2016.12.17-23.56.04:082][278]LogGameMode:Display: Match State Changed from WaitingToStart to InProgress
[2016.12.17-23.56.04:153][278]LogGameState: Match State Changed from WaitingToStart to InProgress
[2016.12.17-23.56.04:154][278]PIE: Info Play in editor start time for /Game/ThirdPersonBP/Maps/UEDPIE_0_Bowser1 -0.278
[2016.12.17-23.56.06:650][559]MapCheck: New page: Map Check
[2016.12.17-23.56.06:727][559]Cmd: MAP REBUILD ALLVISIBLE
[2016.12.17-23.56.06:727][559]LogEditorServer: Rebuildmap Clear paths rebuilt
[2016.12.17-23.56.06:841][559]LogMaterial: Missing cached shader map for material FDebugViewModeMaterialProxy WorldGridMaterial, compiling. Is special engine material.
[2016.12.17-23.56.06:871][559]LogMaterial: Missing cached shader map for material FDebugViewModeMaterialProxy MaterialInstanceDynamic_1, compiling. 
[2016.12.17-23.56.06:878][559]LogMaterial: Missing cached shader map for material FDebugViewModeMaterialProxy Mat_Potion, compiling. 
[2016.12.17-23.56.06:884][559]LogMaterial: Missing cached shader map for material FDebugViewModeMaterialProxy BasicShapeMaterial, compiling. 
[2016.12.17-23.56.06:891][559]LogMaterial: Missing cached shader map for material FDebugViewModeMaterialProxy Mat_Water, compiling. 
[2016.12.17-23.56.08:260][559]LogLevel:Display: Export Material TexCoord Scales took 0.022 seconds.
[2016.12.17-23.56.08:266][559]TextureStreamingBuild:Display: Build Texture Streaming took 0.005 seconds.
[2016.12.17-23.56.08:291][559]LightingResults: New page: Lighting Build - Dec 17, 2016, 1:56:08 PM
[2016.12.17-23.56.08:477][559]LogSwarmInterface: [OpenConnection] Registering TCP channel ...
[2016.12.17-23.56.08:645][559]LogSwarmInterface: [OpenConnection] Connecting to agent ...
[2016.12.17-23.56.08:663][559]LogSwarmInterface: [TryOpenConnection] Testing the Agent
[2016.12.17-23.56.09:721][559]LogSwarmInterface: [TryOpenConnection] Opening Connection to Agent
[2016.12.17-23.56.09:721][559]LogSwarmInterface: [TryOpenConnection] Local Process ID is 8620
[2016.12.17-23.56.13:044][559]LogStaticLightingSystem:Warning: No importance volume found, so the scene bounding box was used.  You can optimize your scene's quality and lighting build times by adding importance volumes.
[2016.12.17-23.56.13:057][559]LogStaticLightingSystem: Running Lightmass w/ ImmediateImport mode ENABLED
[2016.12.17-23.56.13:057][559]LogStaticLightingSystem: Running Lightmass w/ ImmediateProcess mode ENABLED
[2016.12.17-23.56.13:057][559]LogStaticLightingSystem: Running Lightmass w/ Sorting mode ENABLED
[2016.12.17-23.56.13:057][559]LogStaticLightingSystem: Running Lightmass w/ Mapping paddings ENABLED
[2016.12.17-23.56.13:057][559]LogStaticLightingSystem: Running Lightmass w/ Mapping debug paddings DISABLED
[2016.12.17-23.56.13:190][559]Cmd: MAP CHECK DONTDISPLAYDIALOG
[2016.12.17-23.56.13:190][559]MapCheck: New page: Bowser1 - Dec 17, 2016, 1:56:13 PM
[2016.12.17-23.56.13:204][559]MapCheck:Error: Error WorldSettings_1 Maps need lighting rebuilt 
[2016.12.17-23.56.13:253][559]MapCheck: Info Map check complete: 1 Error(s), 0 Warning(s), took 62.658ms to complete.
[2016.12.17-23.56.13:276][559]LogEditorBuildUtils: Build time 0:06
[2016.12.17-23.56.15:806][727]Job is a success!
[2016.12.17-23.56.18:400][  4]LogTexture:Display: Building textures: HQ_Lightmap1_1 (AutoDXT)
[2016.12.17-23.56.18:400][  4]LogTexture:Display: Building textures: LQ_Lightmap_1_1 (DXT1)
[2016.12.17-23.56.18:400][  4]LogTexture:Display: Building textures: HQ_Lightmap1_2 (AutoDXT)
[2016.12.17-23.56.18:400][  4]LogTexture:Display: Building textures: LQ_Lightmap_1_2 (DXT1)
[2016.12.17-23.56.18:400][  4]LogTexture:Display: Building textures: ShadowMapTexture2D_0 (G8)
[2016.12.17-23.56.18:400][  4]LogTexture:Display: Building textures: ShadowMapTexture2D_1 (G8)
[2016.12.17-23.56.18:400][  4]Lightmass on ARMEN-PC: 3.77 sec total, 195 ms importing, 35 ms setup, 443 ms photons, 3.06 sec processing, 0 ms extra exporting [11/11 mappings]. Threads: 21.2 sec total, 1.93 sec processing.
[2016.12.17-23.56.18:416][  4]LogStaticLightingSystem: Illumination: 7.68 sec (73 ms encoding lightmaps, 15 ms encoding shadowmaps)
[2016.12.17-23.56.18:416][  4]LogStaticLightingSystem: Lightmap texture memory:  0.1 MB (0.1 MB streaming, 0.0 MB non-streaming), 4 textures
[2016.12.17-23.56.18:416][  4]LogStaticLightingSystem: Shadowmap texture memory: 0.0 MB (0.0 MB streaming, 0.0 MB non-streaming), 2 textures
[2016.12.17-23.56.19:075][  5]Cmd: MAP CHECK NOTIFYRESULTS
[2016.12.17-23.56.19:075][  5]MapCheck: New page: UEDPIE_0_Bowser1 - Dec 17, 2016, 1:56:19 PM
[2016.12.17-23.56.19:076][  5]MapCheck:Error: Error WorldSettings_1 Maps need lighting rebuilt 
[2016.12.17-23.56.19:131][  5]MapCheck: Info Map check complete: 1 Error(s), 0 Warning(s), took 55.441ms to complete.
[2016.12.18-00.03.06:565][808]Cmd: OBJ SAVEPACKAGE PACKAGE="/Game/ThirdPersonBP/Maps/Bowser1" FILE="../../../../../GitHub/jeuxVideo/jeux/Content/ThirdPersonBP/Maps/Bowser1.umap" SILENT=true AUTOSAVING=false KEEPDIRTY=false
[2016.12.18-00.03.06:823][808]LogSavePackage: Save=110.00ms
[2016.12.18-00.03.06:823][808]LogSavePackage: Moving '../../../../../GitHub/jeuxVideo/jeux/Saved/Bowser120B59EEC4ECA8A67190EB49905FFA839.tmp' to '../../../../../GitHub/jeuxVideo/jeux/Content/ThirdPersonBP/Maps/Bowser1.umap'
[2016.12.18-00.03.06:827][808]LogSavePackage:Display: Finished SavePackage ../../../../../GitHub/jeuxVideo/jeux/Content/ThirdPersonBP/Maps/Bowser1.umap
[2016.12.18-00.04.33:591][213]LogPlayLevel: PlayLevel: No blueprints needed recompiling
[2016.12.18-00.04.33:592][213]PIE: New page: PIE session: Bowser1 (Dec 17, 2016, 2:04:33 PM)
[2016.12.18-00.04.33:592][213]LogPlayLevel: Creating play world package: /Game/ThirdPersonBP/Maps/UEDPIE_0_Bowser1
[2016.12.18-00.04.33:601][213]LogPlayLevel: PIE: StaticDuplicateObject took: (0.009410s)
[2016.12.18-00.04.33:602][213]LogAIModule: Creating AISystem for world Bowser1
[2016.12.18-00.04.33:603][213]LogPlayLevel: PIE: World Init took: (0.001505s)
[2016.12.18-00.04.33:603][213]LogPlayLevel: PIE: Created PIE world by copying editor world from /Game/ThirdPersonBP/Maps/Bowser1.Bowser1 to /Game/ThirdPersonBP/Maps/UEDPIE_0_Bowser1.Bowser1 (0.011196s)
[2016.12.18-00.04.33:634][213]LogInit: XAudio2 using '1 - NS-40D420NA16 (AMD High Definition Audio Device)' : 2 channels at 48 kHz using 16 bits per sample (channel mask 0x3)
[2016.12.18-00.04.33:645][213]LogInit: FAudioDevice initialized.
[2016.12.18-00.04.33:675][213]LogWorld: Game class is 'ThirdPersonGameMode_C'
[2016.12.18-00.04.33:678][213]LogWorld: Bringing World /Game/ThirdPersonBP/Maps/UEDPIE_0_Bowser1.Bowser1 up for play (max tick rate 0) at 2016.12.17-19.04.33
[2016.12.18-00.04.33:679][213]LogWorld: Bringing up level for play took: 0.002460
[2016.12.18-00.04.33:679][213]LogSpawn:Warning: SpawnActor failed because no class was specified
[2016.12.18-00.04.33:679][213]LogGameMode:Display: Match State Changed from EnteringMap to WaitingToStart
[2016.12.18-00.04.33:680][213]LogGameState: Match State Changed from EnteringMap to WaitingToStart
[2016.12.18-00.04.33:680][213]LogGameMode:Display: Match State Changed from WaitingToStart to InProgress
[2016.12.18-00.04.33:682][213]LogGameState: Match State Changed from WaitingToStart to InProgress
[2016.12.18-00.04.33:682][213]PIE: Info Play in editor start time for /Game/ThirdPersonBP/Maps/UEDPIE_0_Bowser1 -0.749
[2016.12.18-00.05.31:078][919]LogContentBrowser: Native class hierarchy updated for 'BlueprintGraph' in 0.0012 seconds. Added 112 classes and 0 folders.
[2016.12.18-00.06.27:059][702]Cmd: OBJ SAVEPACKAGE PACKAGE="/Game/ThirdPersonBP/Blueprints/Potion" FILE="../../../../../GitHub/jeuxVideo/jeux/Content/ThirdPersonBP/Blueprints/Potion.uasset" SILENT=true
[2016.12.18-00.06.27:159][702]LogSavePackage: Save=89.42ms
[2016.12.18-00.06.27:159][702]LogSavePackage: Moving '../../../../../GitHub/jeuxVideo/jeux/Saved/Potion130EB9F5496E6D3753702D90FEDA2096.tmp' to '../../../../../GitHub/jeuxVideo/jeux/Content/ThirdPersonBP/Blueprints/Potion.uasset'
[2016.12.18-00.06.27:162][702]LogSavePackage:Display: Finished SavePackage ../../../../../GitHub/jeuxVideo/jeux/Content/ThirdPersonBP/Blueprints/Potion.uasset
[2016.12.18-00.06.30:613][ 40]LogWindowsTextInputMethodSystem:Display: IME system now deactivated.
[2016.12.18-00.06.30:822][ 41]Cmd: QUIT_EDITOR
[2016.12.18-00.06.31:171][ 41]LogExit: Preparing to exit.
[2016.12.18-00.06.31:617][ 41]LogDirectoryWatcher: A directory notification for 'E:/GitHub/jeuxVideo/jeux/Content/' was aborted.
[2016.12.18-00.06.31:659][ 41]LogExit: Editor shut down
[2016.12.18-00.06.31:659][ 41]LogExit: Transaction tracking system shut down
[2016.12.18-00.06.31:859][ 41]LogObj: Freed 0b from 0 cluster array pools.
[2016.12.18-00.06.31:860][ 41]LogExit: Object subsystem successfully closed.
[2016.12.18-00.06.31:874][ 41]LogD3D11RHI: Shutdown
[2016.12.18-00.06.31:874][ 41]LogD3D11RHI: CleanupD3DDevice
[2016.12.18-00.06.31:999][ 41]LogD3D11RHI: ~FD3D11DynamicRHI
[2016.12.18-00.06.32:009][ 41]LogModuleManager: Shutting down and abandoning module BlueprintGraph (237)
[2016.12.18-00.06.32:009][ 41]LogModuleManager: Shutting down and abandoning module BlueprintProfiler (236)
[2016.12.18-00.06.32:026][ 41]LogModuleManager: Shutting down and abandoning module HierarchicalLODUtilities (235)
[2016.12.18-00.06.32:035][ 41]LogModuleManager: Shutting down and abandoning module MovieSceneCapture (234)
[2016.12.18-00.06.32:035][ 41]LogModuleManager: Shutting down and abandoning module HierarchicalLODOutliner (233)
[2016.12.18-00.06.32:035][ 41]LogModuleManager: Shutting down and abandoning module CrashTracker (232)
[2016.12.18-00.06.32:035][ 41]LogModuleManager: Shutting down and abandoning module SceneOutliner (231)
[2016.12.18-00.06.32:035][ 41]LogModuleManager: Shutting down and abandoning module WidgetCarousel (230)
[2016.12.18-00.06.32:035][ 41]LogModuleManager: Shutting down and abandoning module AddContentDialog (229)
[2016.12.18-00.06.32:035][ 41]LogDirectoryWatcher: A directory notification for 'E:/Epic Games/4.13/FeaturePacks/' was aborted.
[2016.12.18-00.06.32:036][ 41]LogModuleManager: Shutting down and abandoning module GameplayTags (228)
[2016.12.18-00.06.32:036][ 41]LogModuleManager: Shutting down and abandoning module EditorWidgets (227)
[2016.12.18-00.06.32:037][ 41]LogModuleManager: Shutting down and abandoning module CollectionManager (226)
[2016.12.18-00.06.32:037][ 41]LogDirectoryWatcher: A directory notification for 'E:/GitHub/jeuxVideo/jeux/Content/Collections/' was aborted.
[2016.12.18-00.06.32:037][ 41]LogDirectoryWatcher: A directory notification for 'E:/GitHub/jeuxVideo/jeux/Content/Developers/Armen/Collections/' was aborted.
[2016.12.18-00.06.32:037][ 41]LogDirectoryWatcher: A directory notification for 'E:/GitHub/jeuxVideo/jeux/Saved/Collections/' was aborted.
[2016.12.18-00.06.32:037][ 41]LogModuleManager: Shutting down and abandoning module StatsViewer (225)
[2016.12.18-00.06.32:037][ 41]LogModuleManager: Shutting down and abandoning module FoliageEdit (224)
[2016.12.18-00.06.32:037][ 41]LogModuleManager: Shutting down and abandoning module LandscapeEditor (223)
[2016.12.18-00.06.32:037][ 41]LogModuleManager: Shutting down and abandoning module SceneDepthPickerMode (222)
[2016.12.18-00.06.32:037][ 41]LogModuleManager: Shutting down and abandoning module ActorPickerMode (221)
[2016.12.18-00.06.32:037][ 41]LogModuleManager: Shutting down and abandoning module GeometryMode (220)
[2016.12.18-00.06.32:037][ 41]LogModuleManager: Shutting down and abandoning module TextureAlignMode (219)
[2016.12.18-00.06.32:037][ 41]LogModuleManager: Shutting down and abandoning module BspMode (218)
[2016.12.18-00.06.32:037][ 41]LogModuleManager: Shutting down and abandoning module HardwareSurvey (217)
[2016.12.18-00.06.32:037][ 41]LogModuleManager: Shutting down and abandoning module SequenceRecorderSections (216)
[2016.12.18-00.06.32:037][ 41]LogModuleManager: Shutting down and abandoning module SequenceRecorder (215)
[2016.12.18-00.06.32:037][ 41]LogModuleManager: Shutting down and abandoning module AutomationWorker (214)
[2016.12.18-00.06.32:037][ 41]LogModuleManager: Shutting down and abandoning module MatineeToLevelSequence (213)
[2016.12.18-00.06.32:037][ 41]LogModuleManager: Shutting down and abandoning module PlacementMode (212)
[2016.12.18-00.06.32:037][ 41]LogModuleManager: Shutting down and abandoning module LevelSequenceEditor (211)
[2016.12.18-00.06.32:037][ 41]LogModuleManager: Shutting down and abandoning module WmfMediaFactory (210)
[2016.12.18-00.06.32:037][ 41]LogModuleManager: Shutting down and abandoning module WmfMediaEditor (209)
[2016.12.18-00.06.32:037][ 41]LogModuleManager: Shutting down and abandoning module AvfMediaFactory (208)
[2016.12.18-00.06.32:037][ 41]LogModuleManager: Shutting down and abandoning module AvfMediaEditor (207)
[2016.12.18-00.06.32:038][ 41]LogModuleManager: Shutting down and abandoning module Media (206)
[2016.12.18-00.06.32:038][ 41]LogModuleManager: Shutting down and abandoning module AndroidMediaFactory (205)
[2016.12.18-00.06.32:038][ 41]LogModuleManager: Shutting down and abandoning module AndroidMediaEditor (204)
[2016.12.18-00.06.32:038][ 41]LogModuleManager: Shutting down and abandoning module CharacterAI (203)
[2016.12.18-00.06.32:038][ 41]LogModuleManager: Shutting down and abandoning module SmartSnapping (202)
[2016.12.18-00.06.32:038][ 41]LogModuleManager: Shutting down and abandoning module SessionServices (201)
[2016.12.18-00.06.32:038][ 41]LogModuleManager: Shutting down and abandoning module ViewportSnapping (200)
[2016.12.18-00.06.32:038][ 41]LogModuleManager: Shutting down and abandoning module ViewportInteraction (199)
[2016.12.18-00.06.32:038][ 41]LogModuleManager: Shutting down and abandoning module LogVisualizer (198)
[2016.12.18-00.06.32:038][ 41]LogModuleManager: Shutting down and abandoning module GameProjectGeneration (197)
[2016.12.18-00.06.32:038][ 41]LogModuleManager: Shutting down and abandoning module IntroTutorials (196)
[2016.12.18-00.06.32:038][ 41]LogModuleManager: Shutting down and abandoning module EditorLiveStreaming (195)
[2016.12.18-00.06.32:038][ 41]LogModuleManager: Shutting down and abandoning module IOSPlatformEditor (194)
[2016.12.18-00.06.32:038][ 41]LogModuleManager: Shutting down and abandoning module HTML5PlatformEditor (193)
[2016.12.18-00.06.32:038][ 41]LogModuleManager: Shutting down and abandoning module AndroidDeviceDetection (192)
[2016.12.18-00.06.32:685][ 41]LogModuleManager: Shutting down and abandoning module AndroidPlatformEditor (191)
[2016.12.18-00.06.32:685][ 41]LogModuleManager: Shutting down and abandoning module IOSRuntimeSettings (190)
[2016.12.18-00.06.32:685][ 41]LogModuleManager: Shutting down and abandoning module AndroidRuntimeSettings (189)
[2016.12.18-00.06.32:685][ 41]LogModuleManager: Shutting down and abandoning module NiagaraEditor (188)
[2016.12.18-00.06.32:685][ 41]LogModuleManager: Shutting down and abandoning module MergeActors (187)
[2016.12.18-00.06.32:685][ 41]LogModuleManager: Shutting down and abandoning module SizeMap (186)
[2016.12.18-00.06.32:685][ 41]LogModuleManager: Shutting down and abandoning module TreeMap (185)
[2016.12.18-00.06.32:685][ 41]LogModuleManager: Shutting down and abandoning module ReferenceViewer (184)
[2016.12.18-00.06.32:685][ 41]LogModuleManager: Shutting down and abandoning module LocalizationService (183)
[2016.12.18-00.06.32:685][ 41]LogModuleManager: Shutting down and abandoning module LocalizationDashboard (182)
[2016.12.18-00.06.32:685][ 41]LogModuleManager: Shutting down and abandoning module HardwareTargeting (181)
[2016.12.18-00.06.32:685][ 41]LogModuleManager: Shutting down and abandoning module DeviceProfileEditor (180)
[2016.12.18-00.06.32:685][ 41]LogModuleManager: Shutting down and abandoning module UndoHistory (179)
[2016.12.18-00.06.32:686][ 41]LogModuleManager: Shutting down and abandoning module UserFeedback (178)
[2016.12.18-00.06.32:686][ 41]LogModuleManager: Shutting down and abandoning module XmlParser (177)
[2016.12.18-00.06.32:686][ 41]LogModuleManager: Shutting down and abandoning module Blutility (176)
[2016.12.18-00.06.32:686][ 41]LogModuleManager: Shutting down and abandoning module ProjectTargetPlatformEditor (175)
[2016.12.18-00.06.32:686][ 41]LogModuleManager: Shutting down and abandoning module ProjectSettingsViewer (174)
[2016.12.18-00.06.32:686][ 41]LogModuleManager: Shutting down and abandoning module InputBindingEditor (173)
[2016.12.18-00.06.32:687][ 41]LogModuleManager: Shutting down and abandoning module EditorSettingsViewer (172)
[2016.12.18-00.06.32:687][ 41]LogModuleManager: Shutting down and abandoning module SettingsEditor (171)
[2016.12.18-00.06.32:687][ 41]LogModuleManager: Shutting down and abandoning module ProjectLauncher (170)
[2016.12.18-00.06.32:687][ 41]LogModuleManager: Shutting down and abandoning module SessionFrontend (169)
[2016.12.18-00.06.32:687][ 41]LogModuleManager: Shutting down and abandoning module ProfilerClient (168)
[2016.12.18-00.06.32:687][ 41]LogModuleManager: Shutting down and abandoning module TargetDeviceServices (167)
[2016.12.18-00.06.32:687][ 41]LogModuleManager: Shutting down and abandoning module DeviceManager (166)
[2016.12.18-00.06.32:732][ 41]LogModuleManager: Shutting down and abandoning module AutomationController (165)
[2016.12.18-00.06.32:732][ 41]LogModuleManager: Shutting down and abandoning module AutomationWindow (164)
[2016.12.18-00.06.32:732][ 41]LogModuleManager: Shutting down and abandoning module Layers (163)
[2016.12.18-00.06.32:732][ 41]LogModuleManager: Shutting down and abandoning module ComponentVisualizers (162)
[2016.12.18-00.06.32:732][ 41]LogModuleManager: Shutting down and abandoning module DetailCustomizations (161)
[2016.12.18-00.06.32:732][ 41]LogModuleManager: Shutting down and abandoning module PackagesDialog (160)
[2016.12.18-00.06.32:732][ 41]LogModuleManager: Shutting down and abandoning module AnimGraph (159)
[2016.12.18-00.06.32:732][ 41]LogModuleManager: Shutting down and abandoning module Persona (158)
[2016.12.18-00.06.32:733][ 41]LogModuleManager: Shutting down and abandoning module Kismet (157)
[2016.12.18-00.06.32:754][ 41]LogModuleManager: Shutting down and abandoning module GraphEditor (156)
[2016.12.18-00.06.32:755][ 41]LogModuleManager: Shutting down and abandoning module ClassViewer (155)
[2016.12.18-00.06.32:755][ 41]LogModuleManager: Shutting down and abandoning module Toolbox (154)
[2016.12.18-00.06.32:755][ 41]LogModuleManager: Shutting down and abandoning module ModuleUI (153)
[2016.12.18-00.06.32:755][ 41]LogModuleManager: Shutting down and abandoning module MovieSceneTools (152)
[2016.12.18-00.06.32:755][ 41]LogModuleManager: Shutting down and abandoning module OutputLog (151)
[2016.12.18-00.06.32:755][ 41]LogModuleManager: Shutting down and abandoning module GammaUI (150)
[2016.12.18-00.06.32:755][ 41]LogModuleManager: Shutting down and abandoning module Documentation (149)
[2016.12.18-00.06.32:755][ 41]LogModuleManager: Shutting down and abandoning module Niagara (148)
[2016.12.18-00.06.32:755][ 41]LogModuleManager: Shutting down and abandoning module StreamingPauseRendering (147)
[2016.12.18-00.06.32:755][ 41]LogModuleManager: Shutting down and abandoning module AnalyticsET (146)
[2016.12.18-00.06.32:755][ 41]LogModuleManager: Shutting down and abandoning module PortalServices (145)
[2016.12.18-00.06.32:755][ 41]LogModuleManager: Shutting down and abandoning module PortalRpc (144)
[2016.12.18-00.06.32:756][ 41]LogModuleManager: Shutting down and abandoning module MessagingRpc (143)
[2016.12.18-00.06.32:756][ 41]LogModuleManager: Shutting down and abandoning module GameplayDebugger (142)
[2016.12.18-00.06.32:756][ 41]LogModuleManager: Shutting down and abandoning module AITestSuite (141)
[2016.12.18-00.06.32:756][ 41]LogModuleManager: Shutting down and abandoning module AIModule (140)
[2016.12.18-00.06.32:756][ 41]LogModuleManager: Shutting down and abandoning module ProfilerService (139)
[2016.12.18-00.06.32:760][ 41]LogModuleManager: Shutting down and abandoning module TaskGraph (138)
[2016.12.18-00.06.32:760][ 41]LogModuleManager: Shutting down and abandoning module SlateRemote (137)
[2016.12.18-00.06.32:760][ 41]LogModuleManager: Shutting down and abandoning module SteamVRController (136)
[2016.12.18-00.06.32:760][ 41]LogModuleManager: Shutting down and abandoning module SteamVR (135)
[2016.12.18-00.06.32:760][ 41]LogModuleManager: Shutting down and abandoning module ProceduralMeshComponentEditor (134)
[2016.12.18-00.06.32:760][ 41]LogModuleManager: Shutting down and abandoning module ProceduralMeshComponent (133)
[2016.12.18-00.06.32:760][ 41]LogModuleManager: Shutting down and abandoning module OculusLibrary (132)
[2016.12.18-00.06.32:760][ 41]LogModuleManager: Shutting down and abandoning module OculusInput (131)
[2016.12.18-00.06.32:760][ 41]LogModuleManager: Shutting down and abandoning module CustomMeshComponent (130)
[2016.12.18-00.06.32:760][ 41]LogModuleManager: Shutting down and abandoning module CableComponent (129)
[2016.12.18-00.06.32:760][ 41]LogModuleManager: Shutting down and abandoning module ArchVisCharacter (128)
[2016.12.18-00.06.32:760][ 41]LogModuleManager: Shutting down and abandoning module MediaPlayerEditor (126)
[2016.12.18-00.06.32:761][ 41]LogModuleManager: Shutting down and abandoning module HTML5Networking (125)
[2016.12.18-00.06.32:761][ 41]LogModuleManager: Shutting down and abandoning module GeometryCacheEd (124)
[2016.12.18-00.06.32:761][ 41]LogModuleManager: Shutting down and abandoning module GeometryCache (123)
[2016.12.18-00.06.32:761][ 41]LogModuleManager: Shutting down and abandoning module AlembicLibrary (122)
[2016.12.18-00.06.32:761][ 41]LogModuleManager: Shutting down and abandoning module AlembicImporter (121)
[2016.12.18-00.06.32:761][ 41]LogModuleManager: Shutting down and abandoning module SuperSearch (120)
[2016.12.18-00.06.32:761][ 41]LogModuleManager: Shutting down and abandoning module SuperSearchEditor (119)
[2016.12.18-00.06.32:761][ 41]LogModuleManager: Shutting down and abandoning module SpeedTreeImporter (118)
[2016.12.18-00.06.32:761][ 41]LogModuleManager: Shutting down and abandoning module PluginBrowser (117)
[2016.12.18-00.06.32:761][ 41]LogModuleManager: Shutting down and abandoning module MobileLauncherProfileWizard (116)
[2016.12.18-00.06.32:761][ 41]LogModuleManager: Shutting down and abandoning module EpicSurvey (115)
[2016.12.18-00.06.32:761][ 41]LogModuleManager: Shutting down and abandoning module DesktopPlatform (114)
[2016.12.18-00.06.32:761][ 41]LogModuleManager: Shutting down and abandoning module VisualStudioSourceCodeAccess (113)
[2016.12.18-00.06.32:761][ 41]LogModuleManager: Shutting down and abandoning module UObjectPlugin (112)
[2016.12.18-00.06.32:761][ 41]LogModuleManager: Shutting down and abandoning module SubversionSourceControl (111)
[2016.12.18-00.06.32:762][ 41]LogModuleManager: Shutting down and abandoning module PerforceSourceControl (110)
[2016.12.18-00.06.32:762][ 41]LogModuleManager: Shutting down and abandoning module SourceControl (109)
[2016.12.18-00.06.32:762][ 41]LogModuleManager: Shutting down and abandoning module GitSourceControl (108)
[2016.12.18-00.06.32:762][ 41]LogModuleManager: Shutting down and abandoning module LightPropagationVolumeEditor (107)
[2016.12.18-00.06.32:762][ 41]LogModuleManager: Shutting down and abandoning module PaperTiledImporter (106)
[2016.12.18-00.06.32:762][ 41]LogModuleManager: Shutting down and abandoning module PaperSpriteSheetImporter (105)
[2016.12.18-00.06.32:762][ 41]LogModuleManager: Shutting down and abandoning module MeshPaint (104)
[2016.12.18-00.06.32:762][ 41]LogModuleManager: Shutting down and abandoning module FbxAutomationBuilderModule (103)
[2016.12.18-00.06.32:762][ 41]LogModuleManager: Shutting down and abandoning module PixelInspectorModule (102)
[2016.12.18-00.06.32:762][ 41]LogModuleManager: Shutting down and abandoning module HotReload (101)
[2016.12.18-00.06.32:763][ 41]LogModuleManager: Shutting down and abandoning module MainFrame (100)
[2016.12.18-00.06.32:763][ 41]LogModuleManager: Shutting down and abandoning module LevelEditor (99)
[2016.12.18-00.06.32:766][ 41]LogModuleManager: Shutting down and abandoning module ContentBrowser (98)
[2016.12.18-00.06.32:768][ 41]LogModuleManager: Shutting down and abandoning module Paper2DEditor (97)
[2016.12.18-00.06.32:768][ 41]LogModuleManager: Shutting down and abandoning module UdpMessaging (96)
[2016.12.18-00.06.32:869][ 41]LogModuleManager: Shutting down and abandoning module TcpMessaging (95)
[2016.12.18-00.06.32:969][ 41]LogModuleManager: Shutting down and abandoning module LightPropagationVolumeRuntime (94)
[2016.12.18-00.06.32:969][ 41]LogModuleManager: Shutting down and abandoning module Paper2D (93)
[2016.12.18-00.06.32:969][ 41]LogModuleManager: Shutting down and abandoning module WindowsMoviePlayer (92)
[2016.12.18-00.06.32:969][ 41]LogModuleManager: Shutting down and abandoning module WmfMedia (91)
[2016.12.18-00.06.32:969][ 41]LogModuleManager: Shutting down and abandoning module MediaAssets (90)
[2016.12.18-00.06.32:969][ 41]LogModuleManager: Shutting down and abandoning module GameLiveStreaming (89)
[2016.12.18-00.06.32:969][ 41]LogModuleManager: Shutting down and abandoning module GameplayTagsEditor (88)
[2016.12.18-00.06.32:969][ 41]LogModuleManager: Shutting down and abandoning module VREditor (87)
[2016.12.18-00.06.32:969][ 41]LogModuleManager: Shutting down and abandoning module GameplayTasksEditor (86)
[2016.12.18-00.06.32:969][ 41]LogModuleManager: Shutting down and abandoning module PropertyEditor (85)
[2016.12.18-00.06.32:969][ 41]LogModuleManager: Shutting down and abandoning module BehaviorTreeEditor (84)
[2016.12.18-00.06.32:969][ 41]LogModuleManager: Shutting down and abandoning module FunctionalTesting (83)
[2016.12.18-00.06.32:969][ 41]LogModuleManager: Shutting down and abandoning module CollisionAnalyzer (82)
[2016.12.18-00.06.32:969][ 41]LogModuleManager: Shutting down and abandoning module Sequencer (81)
[2016.12.18-00.06.32:969][ 41]LogModuleManager: Shutting down and abandoning module WorkspaceMenuStructure (80)
[2016.12.18-00.06.32:969][ 41]LogModuleManager: Shutting down and abandoning module MessageLog (79)
[2016.12.18-00.06.32:969][ 41]LogModuleManager: Shutting down and abandoning module AssetTools (78)
[2016.12.18-00.06.32:970][ 41]LogModuleManager: Shutting down and abandoning module UMGEditor (77)
[2016.12.18-00.06.32:970][ 41]LogModuleManager: Shutting down and abandoning module UMG (76)
[2016.12.18-00.06.32:970][ 41]LogModuleManager: Shutting down and abandoning module SlateReflector (75)
[2016.12.18-00.06.32:970][ 41]LogModuleManager: Shutting down and abandoning module Slate (74)
[2016.12.18-00.06.32:970][ 41]LogModuleManager: Shutting down and abandoning module EditorStyle (73)
[2016.12.18-00.06.32:973][ 41]LogModuleManager: Shutting down and abandoning module SourceCodeAccess (72)
[2016.12.18-00.06.32:973][ 41]LogModuleManager: Shutting down and abandoning module HeadMountedDisplay (71)
[2016.12.18-00.06.32:973][ 41]LogModuleManager: Shutting down and abandoning module XAudio2 (70)
[2016.12.18-00.06.32:973][ 41]LogModuleManager: Shutting down and abandoning module Networking (68)
[2016.12.18-00.06.32:973][ 41]LogModuleManager: Shutting down and abandoning module Core (67)
[2016.12.18-00.06.32:973][ 41]LogModuleManager: Shutting down and abandoning module DirectoryWatcher (66)
[2016.12.18-00.06.32:973][ 41]LogDirectoryWatcher: A directory notification for '../../../Engine/Content/' was aborted.
[2016.12.18-00.06.32:974][ 41]LogDirectoryWatcher: A directory notification for '../../../../../GitHub/jeuxVideo/jeux/Content/' was aborted.
[2016.12.18-00.06.32:974][ 41]LogDirectoryWatcher: A directory notification for '../../../Engine/Plugins/2D/Paper2D/Content/' was aborted.
[2016.12.18-00.06.32:974][ 41]LogModuleManager: Shutting down and abandoning module AssetRegistry (65)
[2016.12.18-00.06.33:058][ 41]LogModuleManager: Shutting down and abandoning module KismetCompiler (64)
[2016.12.18-00.06.33:058][ 41]LogModuleManager: Shutting down and abandoning module PhysXFormats (63)
[2016.12.18-00.06.33:058][ 41]LogModuleManager: Shutting down and abandoning module MeshUtilities (62)
[2016.12.18-00.06.33:058][ 41]LogModuleManager: Shutting down and abandoning module DerivedDataCache (61)
[2016.12.18-00.06.33:147][ 41]LogDerivedDataCache: Shutdown
[2016.12.18-00.06.33:147][ 41]LogModuleManager: Shutting down and abandoning module VulkanShaderFormat (60)
[2016.12.18-00.06.33:147][ 41]LogModuleManager: Shutting down and abandoning module ShaderFormatOpenGL (59)
[2016.12.18-00.06.33:147][ 41]LogModuleManager: Shutting down and abandoning module ShaderFormatD3D (58)
[2016.12.18-00.06.33:147][ 41]LogModuleManager: Shutting down and abandoning module MetalShaderFormat (57)
[2016.12.18-00.06.33:147][ 41]LogModuleManager: Shutting down and abandoning module TextureFormatUncompressed (56)
[2016.12.18-00.06.33:147][ 41]LogModuleManager: Shutting down and abandoning module TextureFormatPVR (55)
[2016.12.18-00.06.33:147][ 41]LogModuleManager: Shutting down and abandoning module TextureFormatDXT (54)
[2016.12.18-00.06.33:147][ 41]LogModuleManager: Shutting down and abandoning module TextureFormatIntelISPCTexComp (53)
[2016.12.18-00.06.33:148][ 41]LogModuleManager: Shutting down and abandoning module ImageWrapper (52)
[2016.12.18-00.06.33:148][ 41]LogModuleManager: Shutting down and abandoning module TextureFormatASTC (51)
[2016.12.18-00.06.33:148][ 41]LogModuleManager: Shutting down and abandoning module TextureFormatAndroid (50)
[2016.12.18-00.06.33:148][ 41]LogModuleManager: Shutting down and abandoning module AudioFormatOpus (49)
[2016.12.18-00.06.33:148][ 41]LogModuleManager: Shutting down and abandoning module AudioFormatOgg (48)
[2016.12.18-00.06.33:148][ 41]LogModuleManager: Shutting down and abandoning module AudioFormatADPCM (47)
[2016.12.18-00.06.33:148][ 41]LogModuleManager: Shutting down and abandoning module LinuxTargetPlatform (46)
[2016.12.18-00.06.33:148][ 41]LogModuleManager: Shutting down and abandoning module LinuxServerTargetPlatform (45)
[2016.12.18-00.06.33:148][ 41]LogModuleManager: Shutting down and abandoning module LinuxNoEditorTargetPlatform (44)
[2016.12.18-00.06.33:148][ 41]LogModuleManager: Shutting down and abandoning module LinuxClientTargetPlatform (43)
[2016.12.18-00.06.33:148][ 41]LogModuleManager: Shutting down and abandoning module TVOSTargetPlatform (42)
[2016.12.18-00.06.33:148][ 41]LogModuleManager: Shutting down and abandoning module Messaging (41)
[2016.12.18-00.06.33:148][ 41]LogModuleManager: Shutting down and abandoning module IOSTargetPlatform (40)
[2016.12.18-00.06.33:148][ 41]LogModuleManager: Shutting down and abandoning module HTML5TargetPlatform (39)
[2016.12.18-00.06.33:148][ 41]LogModuleManager: Shutting down and abandoning module Android_PVRTCTargetPlatform (38)
[2016.12.18-00.06.33:148][ 41]LogModuleManager: Shutting down and abandoning module Android_MultiTargetPlatform (37)
[2016.12.18-00.06.33:148][ 41]LogModuleManager: Shutting down and abandoning module Android_ETC2TargetPlatform (36)
[2016.12.18-00.06.33:148][ 41]LogModuleManager: Shutting down and abandoning module Android_ETC1TargetPlatform (35)
[2016.12.18-00.06.33:148][ 41]LogModuleManager: Shutting down and abandoning module Android_DXTTargetPlatform (34)
[2016.12.18-00.06.33:149][ 41]LogModuleManager: Shutting down and abandoning module Android_ATCTargetPlatform (33)
[2016.12.18-00.06.33:149][ 41]LogModuleManager: Shutting down and abandoning module Android_ASTCTargetPlatform (32)
[2016.12.18-00.06.33:149][ 41]LogModuleManager: Shutting down and abandoning module AndroidTargetPlatform (31)
[2016.12.18-00.06.33:149][ 41]LogModuleManager: Shutting down and abandoning module WindowsTargetPlatform (30)
[2016.12.18-00.06.33:149][ 41]LogModuleManager: Shutting down and abandoning module WindowsServerTargetPlatform (29)
[2016.12.18-00.06.33:149][ 41]LogModuleManager: Shutting down and abandoning module WindowsNoEditorTargetPlatform (28)
[2016.12.18-00.06.33:149][ 41]LogModuleManager: Shutting down and abandoning module WindowsClientTargetPlatform (27)
[2016.12.18-00.06.33:149][ 41]LogModuleManager: Shutting down and abandoning module AllDesktopTargetPlatform (26)
[2016.12.18-00.06.33:149][ 41]LogModuleManager: Shutting down and abandoning module TargetPlatform (25)
[2016.12.18-00.06.33:149][ 41]LogModuleManager: Shutting down and abandoning module InputCore (24)
[2016.12.18-00.06.33:149][ 41]LogModuleManager: Shutting down and abandoning module Settings (23)
[2016.12.18-00.06.33:149][ 41]LogModuleManager: Shutting down and abandoning module OculusRift (22)
[2016.12.18-00.06.33:149][ 41]LogModuleManager: Shutting down and abandoning module GearVR (21)
[2016.12.18-00.06.33:149][ 41]LogModuleManager: Shutting down and abandoning module ExampleDeviceProfileSelector (20)
[2016.12.18-00.06.33:149][ 41]LogModuleManager: Shutting down and abandoning module OnlineBlueprintSupport (19)
[2016.12.18-00.06.33:150][ 41]LogModuleManager: Shutting down and abandoning module OnlineSubsystem (17)
[2016.12.18-00.06.33:150][ 41]LogOnline:Display: Unloading online subsystem: NULL
[2016.12.18-00.06.33:150][ 41]LogModuleManager: Shutting down and abandoning module HTTP (16)
[2016.12.18-00.06.33:150][ 41]LogHttp:Display: Http module shutting down, but needs to wait on 1 outstanding Http requests:
[2016.12.18-00.06.33:150][ 41]LogHttp:Display: 	verb=[POST] url=[https://datarouter.ol.epicgames.com/datarouter/api/v1/public/data?SessionID=%7B257058C0-4A19-5A74-6903-B08997234BF3%7D&AppID=UEEditor.Rocket.Release&AppVersion=4.13.1-3142249%2B%2B%2BUE4%2BRelease-4.13&UserID=f41cf4614cef99315b9c689b2c18d55e%7C020c5ff6b41e4887bdc3d8a1b7876802%7Cbfb82bda-2b99-42c4-bae0-26d330916a2c&AppEnvironment=datacollector-binary&UploadType=eteventstream] status=Processing
[2016.12.18-00.06.33:162][ 41]LogModuleManager: Shutting down and abandoning module XMPP (15)
[2016.12.18-00.06.33:162][ 41]LogModuleManager: Shutting down and abandoning module TextureCompressor (14)
[2016.12.18-00.06.33:163][ 41]LogModuleManager: Shutting down and abandoning module ShaderCore (13)
[2016.12.18-00.06.33:163][ 41]LogModuleManager: Shutting down and abandoning module Landscape (12)
[2016.12.18-00.06.33:163][ 41]LogModuleManager: Shutting down and abandoning module SlateRHIRenderer (11)
[2016.12.18-00.06.33:167][ 41]LogModuleManager: Shutting down and abandoning module OpenGLDrv (10)
[2016.12.18-00.06.33:167][ 41]LogModuleManager: Shutting down and abandoning module D3D11RHI (9)
[2016.12.18-00.06.33:167][ 41]LogModuleManager: Shutting down and abandoning module AnimGraphRuntime (8)
[2016.12.18-00.06.33:167][ 41]LogModuleManager: Shutting down and abandoning module Renderer (7)
[2016.12.18-00.06.33:167][ 41]LogModuleManager: Shutting down and abandoning module Engine (6)
[2016.12.18-00.06.33:167][ 41]LogModuleManager: Shutting down and abandoning module CoreUObject (5)
[2016.12.18-00.06.33:167][ 41]LogModuleManager: Shutting down and abandoning module NetworkFile (4)
[2016.12.18-00.06.33:167][ 41]LogModuleManager: Shutting down and abandoning module StreamingFile (3)
[2016.12.18-00.06.33:167][ 41]LogModuleManager: Shutting down and abandoning module SandboxFile (2)
[2016.12.18-00.06.33:167][ 41]LogModuleManager: Shutting down and abandoning module PakFile (1)
[2016.12.18-00.06.33:176][ 41]LogExit: Exiting.
[2016.12.18-00.06.33:180][ 41]Log file closed, 12/17/16 19:06:33
